heap profile: 178: 24469472 [286: 61834432] @ heap/1048576
1: 7266304 [1: 7266304] @ 0x7a0e89 0x7a0e18 0x7a0db0 0x79feb6 0x79efcf 0x79ef12 0x43ec5d 0x475e61
#	0x7a0e88	github.com/gubsky90/spubtream/index.(*Map[...]).Add+0x148	/home/andrey/go/src/github.com/gubsky90/spubtream/index/map.go:13
#	0x7a0e17	github.com/gubsky90/spubtream.(*Stream[...]).idle+0xd7		/home/andrey/go/src/github.com/gubsky90/spubtream/stream.go:130
#	0x7a0daf	github.com/gubsky90/spubtream.(*Stream[...]).enqSub+0x6f	/home/andrey/go/src/github.com/gubsky90/spubtream/stream.go:117
#	0x79feb5	github.com/gubsky90/spubtream.(*Stream[...]).Sub+0x115		/home/andrey/go/src/github.com/gubsky90/spubtream/sub.go:53
#	0x79efce	github.com/gubsky90/spubtream.(*Stream[...]).SubFunc+0x30e	/home/andrey/go/src/github.com/gubsky90/spubtream/sub.go:38
#	0x79ef11	main.main+0x251							/home/andrey/go/src/github.com/gubsky90/spubtream/load/main.go:44
#	0x43ec5c	runtime.main+0x29c						/home/andrey/.gvm/gos/go1.22.2/src/runtime/proc.go:271

1: 5808128 [1: 5808128] @ 0x7a0e89 0x7a0e18 0x7a0db0 0x79feb6 0x79efcf 0x79ef12 0x43ec5d 0x475e61
#	0x7a0e88	github.com/gubsky90/spubtream/index.(*Map[...]).Add+0x148	/home/andrey/go/src/github.com/gubsky90/spubtream/index/map.go:13
#	0x7a0e17	github.com/gubsky90/spubtream.(*Stream[...]).idle+0xd7		/home/andrey/go/src/github.com/gubsky90/spubtream/stream.go:130
#	0x7a0daf	github.com/gubsky90/spubtream.(*Stream[...]).enqSub+0x6f	/home/andrey/go/src/github.com/gubsky90/spubtream/stream.go:117
#	0x79feb5	github.com/gubsky90/spubtream.(*Stream[...]).Sub+0x115		/home/andrey/go/src/github.com/gubsky90/spubtream/sub.go:53
#	0x79efce	github.com/gubsky90/spubtream.(*Stream[...]).SubFunc+0x30e	/home/andrey/go/src/github.com/gubsky90/spubtream/sub.go:38
#	0x79ef11	main.main+0x251							/home/andrey/go/src/github.com/gubsky90/spubtream/load/main.go:44
#	0x43ec5c	runtime.main+0x29c						/home/andrey/.gvm/gos/go1.22.2/src/runtime/proc.go:271

1: 4734976 [1: 4734976] @ 0x41136d 0x412d8f 0x414799 0x7a0e5b 0x7a0e18 0x7a0db0 0x79feb6 0x79efcf 0x79ef12 0x43ec5d 0x475e61
#	0x7a0e5a	github.com/gubsky90/spubtream/index.(*Map[...]).Add+0x11a	/home/andrey/go/src/github.com/gubsky90/spubtream/index/map.go:13
#	0x7a0e17	github.com/gubsky90/spubtream.(*Stream[...]).idle+0xd7		/home/andrey/go/src/github.com/gubsky90/spubtream/stream.go:130
#	0x7a0daf	github.com/gubsky90/spubtream.(*Stream[...]).enqSub+0x6f	/home/andrey/go/src/github.com/gubsky90/spubtream/stream.go:117
#	0x79feb5	github.com/gubsky90/spubtream.(*Stream[...]).Sub+0x115		/home/andrey/go/src/github.com/gubsky90/spubtream/sub.go:53
#	0x79efce	github.com/gubsky90/spubtream.(*Stream[...]).SubFunc+0x30e	/home/andrey/go/src/github.com/gubsky90/spubtream/sub.go:38
#	0x79ef11	main.main+0x251							/home/andrey/go/src/github.com/gubsky90/spubtream/load/main.go:44
#	0x43ec5c	runtime.main+0x29c						/home/andrey/.gvm/gos/go1.22.2/src/runtime/proc.go:271

1: 3620864 [1: 3620864] @ 0x41136d 0x412d8f 0x415d65 0x679d45 0x679cb7 0x79fde5 0x79efcf 0x79ef12 0x43ec5d 0x475e61
#	0x679d44	github.com/gubsky90/spubtream.encode+0x184			/home/andrey/go/src/github.com/gubsky90/spubtream/tag_coder.go:20
#	0x679cb6	github.com/gubsky90/spubtream.EncodeAll+0xf6			/home/andrey/go/src/github.com/gubsky90/spubtream/tag_coder.go:34
#	0x79fde4	github.com/gubsky90/spubtream.(*Stream[...]).Sub+0x44		/home/andrey/go/src/github.com/gubsky90/spubtream/sub.go:43
#	0x79efce	github.com/gubsky90/spubtream.(*Stream[...]).SubFunc+0x30e	/home/andrey/go/src/github.com/gubsky90/spubtream/sub.go:38
#	0x79ef11	main.main+0x251							/home/andrey/go/src/github.com/gubsky90/spubtream/load/main.go:44
#	0x43ec5c	runtime.main+0x29c						/home/andrey/.gvm/gos/go1.22.2/src/runtime/proc.go:271

5: 3031040 [6: 3637248] @ 0x7a0e89 0x7a0e18 0x7a0db0 0x79feb6 0x79efcf 0x79ef12 0x43ec5d 0x475e61
#	0x7a0e88	github.com/gubsky90/spubtream/index.(*Map[...]).Add+0x148	/home/andrey/go/src/github.com/gubsky90/spubtream/index/map.go:13
#	0x7a0e17	github.com/gubsky90/spubtream.(*Stream[...]).idle+0xd7		/home/andrey/go/src/github.com/gubsky90/spubtream/stream.go:130
#	0x7a0daf	github.com/gubsky90/spubtream.(*Stream[...]).enqSub+0x6f	/home/andrey/go/src/github.com/gubsky90/spubtream/stream.go:117
#	0x79feb5	github.com/gubsky90/spubtream.(*Stream[...]).Sub+0x115		/home/andrey/go/src/github.com/gubsky90/spubtream/sub.go:53
#	0x79efce	github.com/gubsky90/spubtream.(*Stream[...]).SubFunc+0x30e	/home/andrey/go/src/github.com/gubsky90/spubtream/sub.go:38
#	0x79ef11	main.main+0x251							/home/andrey/go/src/github.com/gubsky90/spubtream/load/main.go:44
#	0x43ec5c	runtime.main+0x29c						/home/andrey/.gvm/gos/go1.22.2/src/runtime/proc.go:271

92: 5888 [92: 5888] @ 0x79fe05 0x79efcf 0x79ef12 0x43ec5d 0x475e61
#	0x79fe04	github.com/gubsky90/spubtream.(*Stream[...]).Sub+0x64		/home/andrey/go/src/github.com/gubsky90/spubtream/sub.go:42
#	0x79efce	github.com/gubsky90/spubtream.(*Stream[...]).SubFunc+0x30e	/home/andrey/go/src/github.com/gubsky90/spubtream/sub.go:38
#	0x79ef11	main.main+0x251							/home/andrey/go/src/github.com/gubsky90/spubtream/load/main.go:44
#	0x43ec5c	runtime.main+0x29c						/home/andrey/.gvm/gos/go1.22.2/src/runtime/proc.go:271

36: 864 [36: 864] @ 0x679c86 0x79fde5 0x79efcf 0x79ef12 0x43ec5d 0x475e61
#	0x679c85	github.com/gubsky90/spubtream.EncodeAll+0xc5			/home/andrey/go/src/github.com/gubsky90/spubtream/tag_coder.go:32
#	0x79fde4	github.com/gubsky90/spubtream.(*Stream[...]).Sub+0x44		/home/andrey/go/src/github.com/gubsky90/spubtream/sub.go:43
#	0x79efce	github.com/gubsky90/spubtream.(*Stream[...]).SubFunc+0x30e	/home/andrey/go/src/github.com/gubsky90/spubtream/sub.go:38
#	0x79ef11	main.main+0x251							/home/andrey/go/src/github.com/gubsky90/spubtream/load/main.go:44
#	0x43ec5c	runtime.main+0x29c						/home/andrey/.gvm/gos/go1.22.2/src/runtime/proc.go:271

11: 704 [11: 704] @ 0x7a0e89 0x7a0e18 0x7a0db0 0x79feb6 0x79efcf 0x79ef12 0x43ec5d 0x475e61
#	0x7a0e88	github.com/gubsky90/spubtream/index.(*Map[...]).Add+0x148	/home/andrey/go/src/github.com/gubsky90/spubtream/index/map.go:13
#	0x7a0e17	github.com/gubsky90/spubtream.(*Stream[...]).idle+0xd7		/home/andrey/go/src/github.com/gubsky90/spubtream/stream.go:130
#	0x7a0daf	github.com/gubsky90/spubtream.(*Stream[...]).enqSub+0x6f	/home/andrey/go/src/github.com/gubsky90/spubtream/stream.go:117
#	0x79feb5	github.com/gubsky90/spubtream.(*Stream[...]).Sub+0x115		/home/andrey/go/src/github.com/gubsky90/spubtream/sub.go:53
#	0x79efce	github.com/gubsky90/spubtream.(*Stream[...]).SubFunc+0x30e	/home/andrey/go/src/github.com/gubsky90/spubtream/sub.go:38
#	0x79ef11	main.main+0x251							/home/andrey/go/src/github.com/gubsky90/spubtream/load/main.go:44
#	0x43ec5c	runtime.main+0x29c						/home/andrey/.gvm/gos/go1.22.2/src/runtime/proc.go:271

19: 304 [19: 304] @ 0x79f125 0x43ec5d 0x475e61
#	0x79f124	main.main+0x464		/home/andrey/go/src/github.com/gubsky90/spubtream/load/main.go:44
#	0x43ec5c	runtime.main+0x29c	/home/andrey/.gvm/gos/go1.22.2/src/runtime/proc.go:271

1: 208 [1: 208] @ 0x4dbba6 0x754c4f 0x754b95 0x7599ae 0x44d5c8 0x43ed10 0x43ec00 0x475e61
#	0x4dbba5	fmt.Sprintf+0x65							/home/andrey/.gvm/gos/go1.22.2/src/fmt/print.go:240
#	0x754c4e	github.com/prometheus/client_golang/prometheus.attachOriginalName+0x7ae	/home/andrey/go/pkg/mod/github.com/prometheus/client_golang@v1.22.0/prometheus/go_collector_latest.go:291
#	0x754b94	github.com/prometheus/client_golang/prometheus.NewGoCollector+0x6f4	/home/andrey/go/pkg/mod/github.com/prometheus/client_golang@v1.22.0/prometheus/go_collector_latest.go:208
#	0x7599ad	github.com/prometheus/client_golang/prometheus.init.0+0x8d		/home/andrey/go/pkg/mod/github.com/prometheus/client_golang@v1.22.0/prometheus/registry.go:62
#	0x44d5c7	runtime.doInit1+0xe7							/home/andrey/.gvm/gos/go1.22.2/src/runtime/proc.go:7176
#	0x43ed0f	runtime.doInit+0x34f							/home/andrey/.gvm/gos/go1.22.2/src/runtime/proc.go:7143
#	0x43ebff	runtime.main+0x23f							/home/andrey/.gvm/gos/go1.22.2/src/runtime/proc.go:253

9: 144 [29: 464] @ 0x4dbba6 0x79f105 0x43ec5d 0x475e61
#	0x4dbba5	fmt.Sprintf+0x65	/home/andrey/.gvm/gos/go1.22.2/src/fmt/print.go:240
#	0x79f104	main.main+0x444		/home/andrey/go/src/github.com/gubsky90/spubtream/load/main.go:51
#	0x43ec5c	runtime.main+0x29c	/home/andrey/.gvm/gos/go1.22.2/src/runtime/proc.go:271

1: 48 [1: 48] @ 0x410ffa 0x620973 0x61ef4a 0x44d5c8 0x43ed10 0x43ec00 0x475e61
#	0x620972	net/http.map.init.2+0xf2	/home/andrey/.gvm/gos/go1.22.2/src/net/http/h2_bundle.go:1497
#	0x61ef49	net/http.init+0x1e9		/home/andrey/.gvm/gos/go1.22.2/src/net/http/h2_bundle.go:1497
#	0x44d5c7	runtime.doInit1+0xe7		/home/andrey/.gvm/gos/go1.22.2/src/runtime/proc.go:7176
#	0x43ed0f	runtime.doInit+0x34f		/home/andrey/.gvm/gos/go1.22.2/src/runtime/proc.go:7143
#	0x43ebff	runtime.main+0x23f		/home/andrey/.gvm/gos/go1.22.2/src/runtime/proc.go:253

0: 0 [0: 0] @ 0x4dbba6 0x79f370 0x43ec5d 0x475e61
#	0x4dbba5	fmt.Sprintf+0x65	/home/andrey/.gvm/gos/go1.22.2/src/fmt/print.go:240
#	0x79f36f	main.main+0x6af		/home/andrey/go/src/github.com/gubsky90/spubtream/load/main.go:63
#	0x43ec5c	runtime.main+0x29c	/home/andrey/.gvm/gos/go1.22.2/src/runtime/proc.go:271

0: 0 [7: 3383296] @ 0x7a0e89 0x7a0e18 0x7a0db0 0x79feb6 0x79efcf 0x79ef12 0x43ec5d 0x475e61
#	0x7a0e88	github.com/gubsky90/spubtream/index.(*Map[...]).Add+0x148	/home/andrey/go/src/github.com/gubsky90/spubtream/index/map.go:13
#	0x7a0e17	github.com/gubsky90/spubtream.(*Stream[...]).idle+0xd7		/home/andrey/go/src/github.com/gubsky90/spubtream/stream.go:130
#	0x7a0daf	github.com/gubsky90/spubtream.(*Stream[...]).enqSub+0x6f	/home/andrey/go/src/github.com/gubsky90/spubtream/stream.go:117
#	0x79feb5	github.com/gubsky90/spubtream.(*Stream[...]).Sub+0x115		/home/andrey/go/src/github.com/gubsky90/spubtream/sub.go:53
#	0x79efce	github.com/gubsky90/spubtream.(*Stream[...]).SubFunc+0x30e	/home/andrey/go/src/github.com/gubsky90/spubtream/sub.go:38
#	0x79ef11	main.main+0x251							/home/andrey/go/src/github.com/gubsky90/spubtream/load/main.go:44
#	0x43ec5c	runtime.main+0x29c						/home/andrey/.gvm/gos/go1.22.2/src/runtime/proc.go:271

0: 0 [0: 0] @ 0x407c6c 0x48dd68 0x7a1a85 0x7a1aab 0x79f7a5 0x475e61
#	0x48dd67	time.NewTimer+0x27					/home/andrey/.gvm/gos/go1.22.2/src/time/sleep.go:87
#	0x7a1a84	time.After+0x444					/home/andrey/.gvm/gos/go1.22.2/src/time/sleep.go:157
#	0x7a1aaa	github.com/gubsky90/spubtream.(*Stream[...]).Pub+0x46a	/home/andrey/go/src/github.com/gubsky90/spubtream/pub.go:28
#	0x79f7a4	main.main.func3+0xa4					/home/andrey/go/src/github.com/gubsky90/spubtream/load/main.go:81

0: 0 [0: 0] @ 0x41136d 0x412d8f 0x414799 0x7a190b 0x79f7a5 0x475e61
#	0x7a190a	github.com/gubsky90/spubtream.(*Stream[...]).Pub+0x2ca	/home/andrey/go/src/github.com/gubsky90/spubtream/pub.go:42
#	0x79f7a4	main.main.func3+0xa4					/home/andrey/go/src/github.com/gubsky90/spubtream/load/main.go:81

0: 0 [0: 0] @ 0x41136d 0x412d8f 0x414799 0x7a190b 0x79f7a5 0x475e61
#	0x7a190a	github.com/gubsky90/spubtream.(*Stream[...]).Pub+0x2ca	/home/andrey/go/src/github.com/gubsky90/spubtream/pub.go:42
#	0x79f7a4	main.main.func3+0xa4					/home/andrey/go/src/github.com/gubsky90/spubtream/load/main.go:81

0: 0 [0: 0] @ 0x41136d 0x412d8f 0x414799 0x7a190b 0x79f7a5 0x475e61
#	0x7a190a	github.com/gubsky90/spubtream.(*Stream[...]).Pub+0x2ca	/home/andrey/go/src/github.com/gubsky90/spubtream/pub.go:42
#	0x79f7a4	main.main.func3+0xa4					/home/andrey/go/src/github.com/gubsky90/spubtream/load/main.go:81

0: 0 [0: 0] @ 0x7a17b6 0x79f7a5 0x475e61
#	0x7a17b5	github.com/gubsky90/spubtream.(*Stream[...]).Pub+0x175	/home/andrey/go/src/github.com/gubsky90/spubtream/pub.go:38
#	0x79f7a4	main.main.func3+0xa4					/home/andrey/go/src/github.com/gubsky90/spubtream/load/main.go:81

0: 0 [0: 0] @ 0x41136d 0x412d8f 0x414799 0x7a190b 0x79f7a5 0x475e61
#	0x7a190a	github.com/gubsky90/spubtream.(*Stream[...]).Pub+0x2ca	/home/andrey/go/src/github.com/gubsky90/spubtream/pub.go:42
#	0x79f7a4	main.main.func3+0xa4					/home/andrey/go/src/github.com/gubsky90/spubtream/load/main.go:81

0: 0 [0: 0] @ 0x7a10a5 0x7a0f66 0x79fb39 0x7a1cdf 0x7a18a5 0x79f7a5 0x475e61
#	0x7a10a4	github.com/gubsky90/spubtream.(*Q[...]).Enq+0x164		/home/andrey/go/src/github.com/gubsky90/spubtream/q.go:17
#	0x7a0f65	github.com/gubsky90/spubtream.(*Stream[...]).enqReady+0x25	/home/andrey/go/src/github.com/gubsky90/spubtream/stream.go:106
#	0x79fb38	github.com/gubsky90/spubtream.(*Stream[...]).Pub.func1+0x38	/home/andrey/go/src/github.com/gubsky90/spubtream/pub.go:49
#	0x7a1cde	github.com/gubsky90/spubtream/index.(*Map[...]).Scan+0x5e	/home/andrey/go/src/github.com/gubsky90/spubtream/index/map.go:26
#	0x7a18a4	github.com/gubsky90/spubtream.(*Stream[...]).Pub+0x264		/home/andrey/go/src/github.com/gubsky90/spubtream/pub.go:44
#	0x79f7a4	main.main.func3+0xa4						/home/andrey/go/src/github.com/gubsky90/spubtream/load/main.go:81

0: 0 [0: 0] @ 0x7a10a5 0x7a0f66 0x79fb39 0x7a1cdf 0x7a18a5 0x79f7a5 0x475e61
#	0x7a10a4	github.com/gubsky90/spubtream.(*Q[...]).Enq+0x164		/home/andrey/go/src/github.com/gubsky90/spubtream/q.go:17
#	0x7a0f65	github.com/gubsky90/spubtream.(*Stream[...]).enqReady+0x25	/home/andrey/go/src/github.com/gubsky90/spubtream/stream.go:106
#	0x79fb38	github.com/gubsky90/spubtream.(*Stream[...]).Pub.func1+0x38	/home/andrey/go/src/github.com/gubsky90/spubtream/pub.go:49
#	0x7a1cde	github.com/gubsky90/spubtream/index.(*Map[...]).Scan+0x5e	/home/andrey/go/src/github.com/gubsky90/spubtream/index/map.go:26
#	0x7a18a4	github.com/gubsky90/spubtream.(*Stream[...]).Pub+0x264		/home/andrey/go/src/github.com/gubsky90/spubtream/pub.go:44
#	0x79f7a4	main.main.func3+0xa4						/home/andrey/go/src/github.com/gubsky90/spubtream/load/main.go:81

0: 0 [0: 0] @ 0x7a10a5 0x7a0f66 0x79fb39 0x7a1cdf 0x7a18a5 0x79f7a5 0x475e61
#	0x7a10a4	github.com/gubsky90/spubtream.(*Q[...]).Enq+0x164		/home/andrey/go/src/github.com/gubsky90/spubtream/q.go:17
#	0x7a0f65	github.com/gubsky90/spubtream.(*Stream[...]).enqReady+0x25	/home/andrey/go/src/github.com/gubsky90/spubtream/stream.go:106
#	0x79fb38	github.com/gubsky90/spubtream.(*Stream[...]).Pub.func1+0x38	/home/andrey/go/src/github.com/gubsky90/spubtream/pub.go:49
#	0x7a1cde	github.com/gubsky90/spubtream/index.(*Map[...]).Scan+0x5e	/home/andrey/go/src/github.com/gubsky90/spubtream/index/map.go:26
#	0x7a18a4	github.com/gubsky90/spubtream.(*Stream[...]).Pub+0x264		/home/andrey/go/src/github.com/gubsky90/spubtream/pub.go:44
#	0x79f7a4	main.main.func3+0xa4						/home/andrey/go/src/github.com/gubsky90/spubtream/load/main.go:81

0: 0 [0: 0] @ 0x7a10a5 0x7a0f66 0x79fb39 0x7a1cdf 0x7a18a5 0x79f7a5 0x475e61
#	0x7a10a4	github.com/gubsky90/spubtream.(*Q[...]).Enq+0x164		/home/andrey/go/src/github.com/gubsky90/spubtream/q.go:17
#	0x7a0f65	github.com/gubsky90/spubtream.(*Stream[...]).enqReady+0x25	/home/andrey/go/src/github.com/gubsky90/spubtream/stream.go:106
#	0x79fb38	github.com/gubsky90/spubtream.(*Stream[...]).Pub.func1+0x38	/home/andrey/go/src/github.com/gubsky90/spubtream/pub.go:49
#	0x7a1cde	github.com/gubsky90/spubtream/index.(*Map[...]).Scan+0x5e	/home/andrey/go/src/github.com/gubsky90/spubtream/index/map.go:26
#	0x7a18a4	github.com/gubsky90/spubtream.(*Stream[...]).Pub+0x264		/home/andrey/go/src/github.com/gubsky90/spubtream/pub.go:44
#	0x79f7a4	main.main.func3+0xa4						/home/andrey/go/src/github.com/gubsky90/spubtream/load/main.go:81

0: 0 [0: 0] @ 0x7a10a5 0x7a0f66 0x79fb39 0x7a1cdf 0x7a18a5 0x79f7a5 0x475e61
#	0x7a10a4	github.com/gubsky90/spubtream.(*Q[...]).Enq+0x164		/home/andrey/go/src/github.com/gubsky90/spubtream/q.go:17
#	0x7a0f65	github.com/gubsky90/spubtream.(*Stream[...]).enqReady+0x25	/home/andrey/go/src/github.com/gubsky90/spubtream/stream.go:106
#	0x79fb38	github.com/gubsky90/spubtream.(*Stream[...]).Pub.func1+0x38	/home/andrey/go/src/github.com/gubsky90/spubtream/pub.go:49
#	0x7a1cde	github.com/gubsky90/spubtream/index.(*Map[...]).Scan+0x5e	/home/andrey/go/src/github.com/gubsky90/spubtream/index/map.go:26
#	0x7a18a4	github.com/gubsky90/spubtream.(*Stream[...]).Pub+0x264		/home/andrey/go/src/github.com/gubsky90/spubtream/pub.go:44
#	0x79f7a4	main.main.func3+0xa4						/home/andrey/go/src/github.com/gubsky90/spubtream/load/main.go:81

0: 0 [0: 0] @ 0x7a10a5 0x7a0f66 0x79fb39 0x7a1cdf 0x7a18a5 0x79f7a5 0x475e61
#	0x7a10a4	github.com/gubsky90/spubtream.(*Q[...]).Enq+0x164		/home/andrey/go/src/github.com/gubsky90/spubtream/q.go:17
#	0x7a0f65	github.com/gubsky90/spubtream.(*Stream[...]).enqReady+0x25	/home/andrey/go/src/github.com/gubsky90/spubtream/stream.go:106
#	0x79fb38	github.com/gubsky90/spubtream.(*Stream[...]).Pub.func1+0x38	/home/andrey/go/src/github.com/gubsky90/spubtream/pub.go:49
#	0x7a1cde	github.com/gubsky90/spubtream/index.(*Map[...]).Scan+0x5e	/home/andrey/go/src/github.com/gubsky90/spubtream/index/map.go:26
#	0x7a18a4	github.com/gubsky90/spubtream.(*Stream[...]).Pub+0x264		/home/andrey/go/src/github.com/gubsky90/spubtream/pub.go:44
#	0x79f7a4	main.main.func3+0xa4						/home/andrey/go/src/github.com/gubsky90/spubtream/load/main.go:81

0: 0 [0: 0] @ 0x7a10a5 0x7a0f66 0x79fb39 0x7a1cdf 0x7a18a5 0x79f7a5 0x475e61
#	0x7a10a4	github.com/gubsky90/spubtream.(*Q[...]).Enq+0x164		/home/andrey/go/src/github.com/gubsky90/spubtream/q.go:17
#	0x7a0f65	github.com/gubsky90/spubtream.(*Stream[...]).enqReady+0x25	/home/andrey/go/src/github.com/gubsky90/spubtream/stream.go:106
#	0x79fb38	github.com/gubsky90/spubtream.(*Stream[...]).Pub.func1+0x38	/home/andrey/go/src/github.com/gubsky90/spubtream/pub.go:49
#	0x7a1cde	github.com/gubsky90/spubtream/index.(*Map[...]).Scan+0x5e	/home/andrey/go/src/github.com/gubsky90/spubtream/index/map.go:26
#	0x7a18a4	github.com/gubsky90/spubtream.(*Stream[...]).Pub+0x264		/home/andrey/go/src/github.com/gubsky90/spubtream/pub.go:44
#	0x79f7a4	main.main.func3+0xa4						/home/andrey/go/src/github.com/gubsky90/spubtream/load/main.go:81

0: 0 [0: 0] @ 0x7a10a5 0x7a0f66 0x79fb39 0x7a1cdf 0x7a18a5 0x79f7a5 0x475e61
#	0x7a10a4	github.com/gubsky90/spubtream.(*Q[...]).Enq+0x164		/home/andrey/go/src/github.com/gubsky90/spubtream/q.go:17
#	0x7a0f65	github.com/gubsky90/spubtream.(*Stream[...]).enqReady+0x25	/home/andrey/go/src/github.com/gubsky90/spubtream/stream.go:106
#	0x79fb38	github.com/gubsky90/spubtream.(*Stream[...]).Pub.func1+0x38	/home/andrey/go/src/github.com/gubsky90/spubtream/pub.go:49
#	0x7a1cde	github.com/gubsky90/spubtream/index.(*Map[...]).Scan+0x5e	/home/andrey/go/src/github.com/gubsky90/spubtream/index/map.go:26
#	0x7a18a4	github.com/gubsky90/spubtream.(*Stream[...]).Pub+0x264		/home/andrey/go/src/github.com/gubsky90/spubtream/pub.go:44
#	0x79f7a4	main.main.func3+0xa4						/home/andrey/go/src/github.com/gubsky90/spubtream/load/main.go:81

0: 0 [0: 0] @ 0x7a10a5 0x7a0f66 0x79fb39 0x7a1cdf 0x7a18a5 0x79f7a5 0x475e61
#	0x7a10a4	github.com/gubsky90/spubtream.(*Q[...]).Enq+0x164		/home/andrey/go/src/github.com/gubsky90/spubtream/q.go:17
#	0x7a0f65	github.com/gubsky90/spubtream.(*Stream[...]).enqReady+0x25	/home/andrey/go/src/github.com/gubsky90/spubtream/stream.go:106
#	0x79fb38	github.com/gubsky90/spubtream.(*Stream[...]).Pub.func1+0x38	/home/andrey/go/src/github.com/gubsky90/spubtream/pub.go:49
#	0x7a1cde	github.com/gubsky90/spubtream/index.(*Map[...]).Scan+0x5e	/home/andrey/go/src/github.com/gubsky90/spubtream/index/map.go:26
#	0x7a18a4	github.com/gubsky90/spubtream.(*Stream[...]).Pub+0x264		/home/andrey/go/src/github.com/gubsky90/spubtream/pub.go:44
#	0x79f7a4	main.main.func3+0xa4						/home/andrey/go/src/github.com/gubsky90/spubtream/load/main.go:81

0: 0 [0: 0] @ 0x7a10a5 0x7a0f66 0x79fb39 0x7a1cdf 0x7a18a5 0x79f7a5 0x475e61
#	0x7a10a4	github.com/gubsky90/spubtream.(*Q[...]).Enq+0x164		/home/andrey/go/src/github.com/gubsky90/spubtream/q.go:17
#	0x7a0f65	github.com/gubsky90/spubtream.(*Stream[...]).enqReady+0x25	/home/andrey/go/src/github.com/gubsky90/spubtream/stream.go:106
#	0x79fb38	github.com/gubsky90/spubtream.(*Stream[...]).Pub.func1+0x38	/home/andrey/go/src/github.com/gubsky90/spubtream/pub.go:49
#	0x7a1cde	github.com/gubsky90/spubtream/index.(*Map[...]).Scan+0x5e	/home/andrey/go/src/github.com/gubsky90/spubtream/index/map.go:26
#	0x7a18a4	github.com/gubsky90/spubtream.(*Stream[...]).Pub+0x264		/home/andrey/go/src/github.com/gubsky90/spubtream/pub.go:44
#	0x79f7a4	main.main.func3+0xa4						/home/andrey/go/src/github.com/gubsky90/spubtream/load/main.go:81

0: 0 [0: 0] @ 0x7a10a5 0x7a0f66 0x79fb39 0x7a1cdf 0x7a18a5 0x79f7a5 0x475e61
#	0x7a10a4	github.com/gubsky90/spubtream.(*Q[...]).Enq+0x164		/home/andrey/go/src/github.com/gubsky90/spubtream/q.go:17
#	0x7a0f65	github.com/gubsky90/spubtream.(*Stream[...]).enqReady+0x25	/home/andrey/go/src/github.com/gubsky90/spubtream/stream.go:106
#	0x79fb38	github.com/gubsky90/spubtream.(*Stream[...]).Pub.func1+0x38	/home/andrey/go/src/github.com/gubsky90/spubtream/pub.go:49
#	0x7a1cde	github.com/gubsky90/spubtream/index.(*Map[...]).Scan+0x5e	/home/andrey/go/src/github.com/gubsky90/spubtream/index/map.go:26
#	0x7a18a4	github.com/gubsky90/spubtream.(*Stream[...]).Pub+0x264		/home/andrey/go/src/github.com/gubsky90/spubtream/pub.go:44
#	0x79f7a4	main.main.func3+0xa4						/home/andrey/go/src/github.com/gubsky90/spubtream/load/main.go:81

0: 0 [0: 0] @ 0x7a10a5 0x7a0f66 0x79fb39 0x7a1cdf 0x7a18a5 0x79f7a5 0x475e61
#	0x7a10a4	github.com/gubsky90/spubtream.(*Q[...]).Enq+0x164		/home/andrey/go/src/github.com/gubsky90/spubtream/q.go:17
#	0x7a0f65	github.com/gubsky90/spubtream.(*Stream[...]).enqReady+0x25	/home/andrey/go/src/github.com/gubsky90/spubtream/stream.go:106
#	0x79fb38	github.com/gubsky90/spubtream.(*Stream[...]).Pub.func1+0x38	/home/andrey/go/src/github.com/gubsky90/spubtream/pub.go:49
#	0x7a1cde	github.com/gubsky90/spubtream/index.(*Map[...]).Scan+0x5e	/home/andrey/go/src/github.com/gubsky90/spubtream/index/map.go:26
#	0x7a18a4	github.com/gubsky90/spubtream.(*Stream[...]).Pub+0x264		/home/andrey/go/src/github.com/gubsky90/spubtream/pub.go:44
#	0x79f7a4	main.main.func3+0xa4						/home/andrey/go/src/github.com/gubsky90/spubtream/load/main.go:81

0: 0 [0: 0] @ 0x7a10a5 0x7a0f66 0x79fb39 0x7a1cdf 0x7a18a5 0x79f7a5 0x475e61
#	0x7a10a4	github.com/gubsky90/spubtream.(*Q[...]).Enq+0x164		/home/andrey/go/src/github.com/gubsky90/spubtream/q.go:17
#	0x7a0f65	github.com/gubsky90/spubtream.(*Stream[...]).enqReady+0x25	/home/andrey/go/src/github.com/gubsky90/spubtream/stream.go:106
#	0x79fb38	github.com/gubsky90/spubtream.(*Stream[...]).Pub.func1+0x38	/home/andrey/go/src/github.com/gubsky90/spubtream/pub.go:49
#	0x7a1cde	github.com/gubsky90/spubtream/index.(*Map[...]).Scan+0x5e	/home/andrey/go/src/github.com/gubsky90/spubtream/index/map.go:26
#	0x7a18a4	github.com/gubsky90/spubtream.(*Stream[...]).Pub+0x264		/home/andrey/go/src/github.com/gubsky90/spubtream/pub.go:44
#	0x79f7a4	main.main.func3+0xa4						/home/andrey/go/src/github.com/gubsky90/spubtream/load/main.go:81

0: 0 [0: 0] @ 0x7a10a5 0x7a0f66 0x79fb39 0x7a1cdf 0x7a18a5 0x79f7a5 0x475e61
#	0x7a10a4	github.com/gubsky90/spubtream.(*Q[...]).Enq+0x164		/home/andrey/go/src/github.com/gubsky90/spubtream/q.go:17
#	0x7a0f65	github.com/gubsky90/spubtream.(*Stream[...]).enqReady+0x25	/home/andrey/go/src/github.com/gubsky90/spubtream/stream.go:106
#	0x79fb38	github.com/gubsky90/spubtream.(*Stream[...]).Pub.func1+0x38	/home/andrey/go/src/github.com/gubsky90/spubtream/pub.go:49
#	0x7a1cde	github.com/gubsky90/spubtream/index.(*Map[...]).Scan+0x5e	/home/andrey/go/src/github.com/gubsky90/spubtream/index/map.go:26
#	0x7a18a4	github.com/gubsky90/spubtream.(*Stream[...]).Pub+0x264		/home/andrey/go/src/github.com/gubsky90/spubtream/pub.go:44
#	0x79f7a4	main.main.func3+0xa4						/home/andrey/go/src/github.com/gubsky90/spubtream/load/main.go:81

0: 0 [0: 0] @ 0x7a10a5 0x7a0f66 0x79fb39 0x7a1cdf 0x7a18a5 0x79f7a5 0x475e61
#	0x7a10a4	github.com/gubsky90/spubtream.(*Q[...]).Enq+0x164		/home/andrey/go/src/github.com/gubsky90/spubtream/q.go:17
#	0x7a0f65	github.com/gubsky90/spubtream.(*Stream[...]).enqReady+0x25	/home/andrey/go/src/github.com/gubsky90/spubtream/stream.go:106
#	0x79fb38	github.com/gubsky90/spubtream.(*Stream[...]).Pub.func1+0x38	/home/andrey/go/src/github.com/gubsky90/spubtream/pub.go:49
#	0x7a1cde	github.com/gubsky90/spubtream/index.(*Map[...]).Scan+0x5e	/home/andrey/go/src/github.com/gubsky90/spubtream/index/map.go:26
#	0x7a18a4	github.com/gubsky90/spubtream.(*Stream[...]).Pub+0x264		/home/andrey/go/src/github.com/gubsky90/spubtream/pub.go:44
#	0x79f7a4	main.main.func3+0xa4						/home/andrey/go/src/github.com/gubsky90/spubtream/load/main.go:81

0: 0 [0: 0] @ 0x7a10a5 0x7a0f66 0x79fb39 0x7a1cdf 0x7a18a5 0x79f7a5 0x475e61
#	0x7a10a4	github.com/gubsky90/spubtream.(*Q[...]).Enq+0x164		/home/andrey/go/src/github.com/gubsky90/spubtream/q.go:17
#	0x7a0f65	github.com/gubsky90/spubtream.(*Stream[...]).enqReady+0x25	/home/andrey/go/src/github.com/gubsky90/spubtream/stream.go:106
#	0x79fb38	github.com/gubsky90/spubtream.(*Stream[...]).Pub.func1+0x38	/home/andrey/go/src/github.com/gubsky90/spubtream/pub.go:49
#	0x7a1cde	github.com/gubsky90/spubtream/index.(*Map[...]).Scan+0x5e	/home/andrey/go/src/github.com/gubsky90/spubtream/index/map.go:26
#	0x7a18a4	github.com/gubsky90/spubtream.(*Stream[...]).Pub+0x264		/home/andrey/go/src/github.com/gubsky90/spubtream/pub.go:44
#	0x79f7a4	main.main.func3+0xa4						/home/andrey/go/src/github.com/gubsky90/spubtream/load/main.go:81

0: 0 [0: 0] @ 0x7a10a5 0x7a0f66 0x79fb39 0x7a1cdf 0x7a18a5 0x79f7a5 0x475e61
#	0x7a10a4	github.com/gubsky90/spubtream.(*Q[...]).Enq+0x164		/home/andrey/go/src/github.com/gubsky90/spubtream/q.go:17
#	0x7a0f65	github.com/gubsky90/spubtream.(*Stream[...]).enqReady+0x25	/home/andrey/go/src/github.com/gubsky90/spubtream/stream.go:106
#	0x79fb38	github.com/gubsky90/spubtream.(*Stream[...]).Pub.func1+0x38	/home/andrey/go/src/github.com/gubsky90/spubtream/pub.go:49
#	0x7a1cde	github.com/gubsky90/spubtream/index.(*Map[...]).Scan+0x5e	/home/andrey/go/src/github.com/gubsky90/spubtream/index/map.go:26
#	0x7a18a4	github.com/gubsky90/spubtream.(*Stream[...]).Pub+0x264		/home/andrey/go/src/github.com/gubsky90/spubtream/pub.go:44
#	0x79f7a4	main.main.func3+0xa4						/home/andrey/go/src/github.com/gubsky90/spubtream/load/main.go:81

0: 0 [0: 0] @ 0x79f4aa 0x43ec5d 0x475e61
#	0x79f4a9	main.main+0x7e9		/home/andrey/go/src/github.com/gubsky90/spubtream/load/main.go:71
#	0x43ec5c	runtime.main+0x29c	/home/andrey/.gvm/gos/go1.22.2/src/runtime/proc.go:271

0: 0 [0: 0] @ 0x79f496 0x43ec5d 0x475e61
#	0x79f495	main.main+0x7d5		/home/andrey/go/src/github.com/gubsky90/spubtream/load/main.go:71
#	0x43ec5c	runtime.main+0x29c	/home/andrey/.gvm/gos/go1.22.2/src/runtime/proc.go:271

0: 0 [0: 0] @ 0x79f419 0x43ec5d 0x475e61
#	0x79f418	main.main+0x758		/home/andrey/go/src/github.com/gubsky90/spubtream/load/main.go:69
#	0x43ec5c	runtime.main+0x29c	/home/andrey/.gvm/gos/go1.22.2/src/runtime/proc.go:271

0: 0 [0: 0] @ 0x79f3bb 0x43ec5d 0x475e61
#	0x79f3ba	main.main+0x6fa		/home/andrey/go/src/github.com/gubsky90/spubtream/load/main.go:63
#	0x43ec5c	runtime.main+0x29c	/home/andrey/.gvm/gos/go1.22.2/src/runtime/proc.go:271

0: 0 [0: 0] @ 0x79f3bb 0x43ec5d 0x475e61
#	0x79f3ba	main.main+0x6fa		/home/andrey/go/src/github.com/gubsky90/spubtream/load/main.go:63
#	0x43ec5c	runtime.main+0x29c	/home/andrey/.gvm/gos/go1.22.2/src/runtime/proc.go:271

0: 0 [0: 0] @ 0x79f3bb 0x43ec5d 0x475e61
#	0x79f3ba	main.main+0x6fa		/home/andrey/go/src/github.com/gubsky90/spubtream/load/main.go:63
#	0x43ec5c	runtime.main+0x29c	/home/andrey/.gvm/gos/go1.22.2/src/runtime/proc.go:271

0: 0 [0: 0] @ 0x79f3bb 0x43ec5d 0x475e61
#	0x79f3ba	main.main+0x6fa		/home/andrey/go/src/github.com/gubsky90/spubtream/load/main.go:63
#	0x43ec5c	runtime.main+0x29c	/home/andrey/.gvm/gos/go1.22.2/src/runtime/proc.go:271

0: 0 [0: 0] @ 0x79f338 0x43ec5d 0x475e61
#	0x79f337	main.main+0x677		/home/andrey/go/src/github.com/gubsky90/spubtream/load/main.go:63
#	0x43ec5c	runtime.main+0x29c	/home/andrey/.gvm/gos/go1.22.2/src/runtime/proc.go:271

0: 0 [0: 0] @ 0x79f3bb 0x43ec5d 0x475e61
#	0x79f3ba	main.main+0x6fa		/home/andrey/go/src/github.com/gubsky90/spubtream/load/main.go:63
#	0x43ec5c	runtime.main+0x29c	/home/andrey/.gvm/gos/go1.22.2/src/runtime/proc.go:271

0: 0 [0: 0] @ 0x410e17 0x414908 0x75d858 0x75c3b5 0x75aff9 0x75dfdb 0x764f55 0x64ed09 0x7662ab 0x64ed09 0x7670a3 0x64ed09 0x650b8d 0x651c8e 0x64d948 0x475e61
#	0x75d857	github.com/prometheus/client_golang/prometheus.checkMetricConsistency+0xb97						/home/andrey/go/pkg/mod/github.com/prometheus/client_golang@v1.22.0/prometheus/registry.go:947
#	0x75c3b4	github.com/prometheus/client_golang/prometheus.processMetric+0x894							/home/andrey/go/pkg/mod/github.com/prometheus/client_golang@v1.22.0/prometheus/registry.go:708
#	0x75aff8	github.com/prometheus/client_golang/prometheus.(*Registry).Gather+0x818							/home/andrey/go/pkg/mod/github.com/prometheus/client_golang@v1.22.0/prometheus/registry.go:502
#	0x75dfda	github.com/prometheus/client_golang/prometheus.(*noTransactionGatherer).Gather+0x1a					/home/andrey/go/pkg/mod/github.com/prometheus/client_golang@v1.22.0/prometheus/registry.go:1074
#	0x764f54	github.com/prometheus/client_golang/prometheus/promhttp.HandlerForTransactional.func1+0x3b4				/home/andrey/go/pkg/mod/github.com/prometheus/client_golang@v1.22.0/prometheus/promhttp/http.go:171
#	0x64ed08	net/http.HandlerFunc.ServeHTTP+0x28											/home/andrey/.gvm/gos/go1.22.2/src/net/http/server.go:2166
#	0x7662aa	github.com/prometheus/client_golang/prometheus/promhttp.InstrumentMetricHandler.InstrumentHandlerInFlight.func1+0xca	/home/andrey/go/pkg/mod/github.com/prometheus/client_golang@v1.22.0/prometheus/promhttp/instrument_server.go:60
#	0x64ed08	net/http.HandlerFunc.ServeHTTP+0x28											/home/andrey/.gvm/gos/go1.22.2/src/net/http/server.go:2166
#	0x7670a2	github.com/prometheus/client_golang/prometheus/promhttp.InstrumentHandlerCounter.func1+0xc2				/home/andrey/go/pkg/mod/github.com/prometheus/client_golang@v1.22.0/prometheus/promhttp/instrument_server.go:147
#	0x64ed08	net/http.HandlerFunc.ServeHTTP+0x28											/home/andrey/.gvm/gos/go1.22.2/src/net/http/server.go:2166
#	0x650b8c	net/http.(*ServeMux).ServeHTTP+0x1ac											/home/andrey/.gvm/gos/go1.22.2/src/net/http/server.go:2683
#	0x651c8d	net/http.serverHandler.ServeHTTP+0x8d											/home/andrey/.gvm/gos/go1.22.2/src/net/http/server.go:3137
#	0x64d947	net/http.(*conn).serve+0x5e7												/home/andrey/.gvm/gos/go1.22.2/src/net/http/server.go:2039

0: 0 [0: 0] @ 0x79f3bb 0x43ec5d 0x475e61
#	0x79f3ba	main.main+0x6fa		/home/andrey/go/src/github.com/gubsky90/spubtream/load/main.go:63
#	0x43ec5c	runtime.main+0x29c	/home/andrey/.gvm/gos/go1.22.2/src/runtime/proc.go:271

0: 0 [0: 0] @ 0x7a0e89 0x7a0e18 0x7a0db0 0x79feb6 0x79efcf 0x79ef12 0x43ec5d 0x475e61
#	0x7a0e88	github.com/gubsky90/spubtream/index.(*Map[...]).Add+0x148	/home/andrey/go/src/github.com/gubsky90/spubtream/index/map.go:13
#	0x7a0e17	github.com/gubsky90/spubtream.(*Stream[...]).idle+0xd7		/home/andrey/go/src/github.com/gubsky90/spubtream/stream.go:130
#	0x7a0daf	github.com/gubsky90/spubtream.(*Stream[...]).enqSub+0x6f	/home/andrey/go/src/github.com/gubsky90/spubtream/stream.go:117
#	0x79feb5	github.com/gubsky90/spubtream.(*Stream[...]).Sub+0x115		/home/andrey/go/src/github.com/gubsky90/spubtream/sub.go:53
#	0x79efce	github.com/gubsky90/spubtream.(*Stream[...]).SubFunc+0x30e	/home/andrey/go/src/github.com/gubsky90/spubtream/sub.go:38
#	0x79ef11	main.main+0x251							/home/andrey/go/src/github.com/gubsky90/spubtream/load/main.go:44
#	0x43ec5c	runtime.main+0x29c						/home/andrey/.gvm/gos/go1.22.2/src/runtime/proc.go:271

0: 0 [0: 0] @ 0x7a0e89 0x7a0e18 0x7a0db0 0x79feb6 0x79efcf 0x79ef12 0x43ec5d 0x475e61
#	0x7a0e88	github.com/gubsky90/spubtream/index.(*Map[...]).Add+0x148	/home/andrey/go/src/github.com/gubsky90/spubtream/index/map.go:13
#	0x7a0e17	github.com/gubsky90/spubtream.(*Stream[...]).idle+0xd7		/home/andrey/go/src/github.com/gubsky90/spubtream/stream.go:130
#	0x7a0daf	github.com/gubsky90/spubtream.(*Stream[...]).enqSub+0x6f	/home/andrey/go/src/github.com/gubsky90/spubtream/stream.go:117
#	0x79feb5	github.com/gubsky90/spubtream.(*Stream[...]).Sub+0x115		/home/andrey/go/src/github.com/gubsky90/spubtream/sub.go:53
#	0x79efce	github.com/gubsky90/spubtream.(*Stream[...]).SubFunc+0x30e	/home/andrey/go/src/github.com/gubsky90/spubtream/sub.go:38
#	0x79ef11	main.main+0x251							/home/andrey/go/src/github.com/gubsky90/spubtream/load/main.go:44
#	0x43ec5c	runtime.main+0x29c						/home/andrey/.gvm/gos/go1.22.2/src/runtime/proc.go:271

0: 0 [0: 0] @ 0x7a0e89 0x7a0e18 0x7a0db0 0x79feb6 0x79efcf 0x79ef12 0x43ec5d 0x475e61
#	0x7a0e88	github.com/gubsky90/spubtream/index.(*Map[...]).Add+0x148	/home/andrey/go/src/github.com/gubsky90/spubtream/index/map.go:13
#	0x7a0e17	github.com/gubsky90/spubtream.(*Stream[...]).idle+0xd7		/home/andrey/go/src/github.com/gubsky90/spubtream/stream.go:130
#	0x7a0daf	github.com/gubsky90/spubtream.(*Stream[...]).enqSub+0x6f	/home/andrey/go/src/github.com/gubsky90/spubtream/stream.go:117
#	0x79feb5	github.com/gubsky90/spubtream.(*Stream[...]).Sub+0x115		/home/andrey/go/src/github.com/gubsky90/spubtream/sub.go:53
#	0x79efce	github.com/gubsky90/spubtream.(*Stream[...]).SubFunc+0x30e	/home/andrey/go/src/github.com/gubsky90/spubtream/sub.go:38
#	0x79ef11	main.main+0x251							/home/andrey/go/src/github.com/gubsky90/spubtream/load/main.go:44
#	0x43ec5c	runtime.main+0x29c						/home/andrey/.gvm/gos/go1.22.2/src/runtime/proc.go:271

0: 0 [0: 0] @ 0x60c6ad 0x60c687 0x5f54d5 0x743aa5 0x743474 0x73e9bb 0x744c07 0x7656ed 0x64ed09 0x7662ab 0x64ed09 0x7670a3 0x64ed09 0x650b8d 0x651c8e 0x64d948 0x475e61
#	0x60c6ac	compress/flate.NewWriter+0x2cc												/home/andrey/.gvm/gos/go1.22.2/src/compress/flate/deflate.go:666
#	0x60c686	compress/gzip.(*Writer).Write+0x2a6											/home/andrey/.gvm/gos/go1.22.2/src/compress/gzip/gzip.go:191
#	0x5f54d4	bufio.(*Writer).Flush+0x54												/home/andrey/.gvm/gos/go1.22.2/src/bufio/bufio.go:639
#	0x743aa4	github.com/prometheus/common/expfmt.MetricFamilyToText.func1+0x24							/home/andrey/go/pkg/mod/github.com/prometheus/common@v0.62.0/expfmt/text_create.go:96
#	0x743473	github.com/prometheus/common/expfmt.MetricFamilyToText+0xf53								/home/andrey/go/pkg/mod/github.com/prometheus/common@v0.62.0/expfmt/text_create.go:280
#	0x73e9ba	github.com/prometheus/common/expfmt.NewEncoder.func7+0x3a								/home/andrey/go/pkg/mod/github.com/prometheus/common@v0.62.0/expfmt/encode.go:180
#	0x744c06	github.com/prometheus/common/expfmt.encoderCloser.Encode+0x26								/home/andrey/go/pkg/mod/github.com/prometheus/common@v0.62.0/expfmt/encode.go:53
#	0x7656ec	github.com/prometheus/client_golang/prometheus/promhttp.HandlerForTransactional.func1+0xb4c				/home/andrey/go/pkg/mod/github.com/prometheus/client_golang@v1.22.0/prometheus/promhttp/http.go:249
#	0x64ed08	net/http.HandlerFunc.ServeHTTP+0x28											/home/andrey/.gvm/gos/go1.22.2/src/net/http/server.go:2166
#	0x7662aa	github.com/prometheus/client_golang/prometheus/promhttp.InstrumentMetricHandler.InstrumentHandlerInFlight.func1+0xca	/home/andrey/go/pkg/mod/github.com/prometheus/client_golang@v1.22.0/prometheus/promhttp/instrument_server.go:60
#	0x64ed08	net/http.HandlerFunc.ServeHTTP+0x28											/home/andrey/.gvm/gos/go1.22.2/src/net/http/server.go:2166
#	0x7670a2	github.com/prometheus/client_golang/prometheus/promhttp.InstrumentHandlerCounter.func1+0xc2				/home/andrey/go/pkg/mod/github.com/prometheus/client_golang@v1.22.0/prometheus/promhttp/instrument_server.go:147
#	0x64ed08	net/http.HandlerFunc.ServeHTTP+0x28											/home/andrey/.gvm/gos/go1.22.2/src/net/http/server.go:2166
#	0x650b8c	net/http.(*ServeMux).ServeHTTP+0x1ac											/home/andrey/.gvm/gos/go1.22.2/src/net/http/server.go:2683
#	0x651c8d	net/http.serverHandler.ServeHTTP+0x8d											/home/andrey/.gvm/gos/go1.22.2/src/net/http/server.go:3137
#	0x64d947	net/http.(*conn).serve+0x5e7												/home/andrey/.gvm/gos/go1.22.2/src/net/http/server.go:2039

0: 0 [0: 0] @ 0x48dd88 0x7a1a85 0x7a1aab 0x79f7a5 0x475e61
#	0x48dd87	time.NewTimer+0x47					/home/andrey/.gvm/gos/go1.22.2/src/time/sleep.go:88
#	0x7a1a84	time.After+0x444					/home/andrey/.gvm/gos/go1.22.2/src/time/sleep.go:157
#	0x7a1aaa	github.com/gubsky90/spubtream.(*Stream[...]).Pub+0x46a	/home/andrey/go/src/github.com/gubsky90/spubtream/pub.go:28
#	0x79f7a4	main.main.func3+0xa4					/home/andrey/go/src/github.com/gubsky90/spubtream/load/main.go:81

0: 0 [0: 0] @ 0x79f679 0x43ec5d 0x475e61
#	0x79f678	main.main+0x9b8		/home/andrey/go/src/github.com/gubsky90/spubtream/load/main.go:92
#	0x43ec5c	runtime.main+0x29c	/home/andrey/.gvm/gos/go1.22.2/src/runtime/proc.go:271

0: 0 [1: 4644864] @ 0x7a0e89 0x7a0e18 0x7a0db0 0x79feb6 0x79efcf 0x79ef12 0x43ec5d 0x475e61
#	0x7a0e88	github.com/gubsky90/spubtream/index.(*Map[...]).Add+0x148	/home/andrey/go/src/github.com/gubsky90/spubtream/index/map.go:13
#	0x7a0e17	github.com/gubsky90/spubtream.(*Stream[...]).idle+0xd7		/home/andrey/go/src/github.com/gubsky90/spubtream/stream.go:130
#	0x7a0daf	github.com/gubsky90/spubtream.(*Stream[...]).enqSub+0x6f	/home/andrey/go/src/github.com/gubsky90/spubtream/stream.go:117
#	0x79feb5	github.com/gubsky90/spubtream.(*Stream[...]).Sub+0x115		/home/andrey/go/src/github.com/gubsky90/spubtream/sub.go:53
#	0x79efce	github.com/gubsky90/spubtream.(*Stream[...]).SubFunc+0x30e	/home/andrey/go/src/github.com/gubsky90/spubtream/sub.go:38
#	0x79ef11	main.main+0x251							/home/andrey/go/src/github.com/gubsky90/spubtream/load/main.go:44
#	0x43ec5c	runtime.main+0x29c						/home/andrey/.gvm/gos/go1.22.2/src/runtime/proc.go:271

0: 0 [0: 0] @ 0x7a1945 0x79f7a5 0x475e61
#	0x7a1944	github.com/gubsky90/spubtream.(*Stream[...]).Pub+0x304	/home/andrey/go/src/github.com/gubsky90/spubtream/pub.go:42
#	0x79f7a4	main.main.func3+0xa4					/home/andrey/go/src/github.com/gubsky90/spubtream/load/main.go:81

0: 0 [4: 1540096] @ 0x7a0e89 0x7a0e18 0x7a0db0 0x79feb6 0x79efcf 0x79ef12 0x43ec5d 0x475e61
#	0x7a0e88	github.com/gubsky90/spubtream/index.(*Map[...]).Add+0x148	/home/andrey/go/src/github.com/gubsky90/spubtream/index/map.go:13
#	0x7a0e17	github.com/gubsky90/spubtream.(*Stream[...]).idle+0xd7		/home/andrey/go/src/github.com/gubsky90/spubtream/stream.go:130
#	0x7a0daf	github.com/gubsky90/spubtream.(*Stream[...]).enqSub+0x6f	/home/andrey/go/src/github.com/gubsky90/spubtream/stream.go:117
#	0x79feb5	github.com/gubsky90/spubtream.(*Stream[...]).Sub+0x115		/home/andrey/go/src/github.com/gubsky90/spubtream/sub.go:53
#	0x79efce	github.com/gubsky90/spubtream.(*Stream[...]).SubFunc+0x30e	/home/andrey/go/src/github.com/gubsky90/spubtream/sub.go:38
#	0x79ef11	main.main+0x251							/home/andrey/go/src/github.com/gubsky90/spubtream/load/main.go:44
#	0x43ec5c	runtime.main+0x29c						/home/andrey/.gvm/gos/go1.22.2/src/runtime/proc.go:271

0: 0 [1: 3710976] @ 0x7a0e89 0x7a0e18 0x7a0db0 0x79feb6 0x79efcf 0x79ef12 0x43ec5d 0x475e61
#	0x7a0e88	github.com/gubsky90/spubtream/index.(*Map[...]).Add+0x148	/home/andrey/go/src/github.com/gubsky90/spubtream/index/map.go:13
#	0x7a0e17	github.com/gubsky90/spubtream.(*Stream[...]).idle+0xd7		/home/andrey/go/src/github.com/gubsky90/spubtream/stream.go:130
#	0x7a0daf	github.com/gubsky90/spubtream.(*Stream[...]).enqSub+0x6f	/home/andrey/go/src/github.com/gubsky90/spubtream/stream.go:117
#	0x79feb5	github.com/gubsky90/spubtream.(*Stream[...]).Sub+0x115		/home/andrey/go/src/github.com/gubsky90/spubtream/sub.go:53
#	0x79efce	github.com/gubsky90/spubtream.(*Stream[...]).SubFunc+0x30e	/home/andrey/go/src/github.com/gubsky90/spubtream/sub.go:38
#	0x79ef11	main.main+0x251							/home/andrey/go/src/github.com/gubsky90/spubtream/load/main.go:44
#	0x43ec5c	runtime.main+0x29c						/home/andrey/.gvm/gos/go1.22.2/src/runtime/proc.go:271

0: 0 [6: 1818624] @ 0x7a0e89 0x7a0e18 0x7a0db0 0x79feb6 0x79efcf 0x79ef12 0x43ec5d 0x475e61
#	0x7a0e88	github.com/gubsky90/spubtream/index.(*Map[...]).Add+0x148	/home/andrey/go/src/github.com/gubsky90/spubtream/index/map.go:13
#	0x7a0e17	github.com/gubsky90/spubtream.(*Stream[...]).idle+0xd7		/home/andrey/go/src/github.com/gubsky90/spubtream/stream.go:130
#	0x7a0daf	github.com/gubsky90/spubtream.(*Stream[...]).enqSub+0x6f	/home/andrey/go/src/github.com/gubsky90/spubtream/stream.go:117
#	0x79feb5	github.com/gubsky90/spubtream.(*Stream[...]).Sub+0x115		/home/andrey/go/src/github.com/gubsky90/spubtream/sub.go:53
#	0x79efce	github.com/gubsky90/spubtream.(*Stream[...]).SubFunc+0x30e	/home/andrey/go/src/github.com/gubsky90/spubtream/sub.go:38
#	0x79ef11	main.main+0x251							/home/andrey/go/src/github.com/gubsky90/spubtream/load/main.go:44
#	0x43ec5c	runtime.main+0x29c						/home/andrey/.gvm/gos/go1.22.2/src/runtime/proc.go:271

0: 0 [1: 2965504] @ 0x7a0e89 0x7a0e18 0x7a0db0 0x79feb6 0x79efcf 0x79ef12 0x43ec5d 0x475e61
#	0x7a0e88	github.com/gubsky90/spubtream/index.(*Map[...]).Add+0x148	/home/andrey/go/src/github.com/gubsky90/spubtream/index/map.go:13
#	0x7a0e17	github.com/gubsky90/spubtream.(*Stream[...]).idle+0xd7		/home/andrey/go/src/github.com/gubsky90/spubtream/stream.go:130
#	0x7a0daf	github.com/gubsky90/spubtream.(*Stream[...]).enqSub+0x6f	/home/andrey/go/src/github.com/gubsky90/spubtream/stream.go:117
#	0x79feb5	github.com/gubsky90/spubtream.(*Stream[...]).Sub+0x115		/home/andrey/go/src/github.com/gubsky90/spubtream/sub.go:53
#	0x79efce	github.com/gubsky90/spubtream.(*Stream[...]).SubFunc+0x30e	/home/andrey/go/src/github.com/gubsky90/spubtream/sub.go:38
#	0x79ef11	main.main+0x251							/home/andrey/go/src/github.com/gubsky90/spubtream/load/main.go:44
#	0x43ec5c	runtime.main+0x29c						/home/andrey/.gvm/gos/go1.22.2/src/runtime/proc.go:271

0: 0 [2: 64] @ 0x7a0e89 0x7a0e18 0x7a0db0 0x79feb6 0x79efcf 0x79ef12 0x43ec5d 0x475e61
#	0x7a0e88	github.com/gubsky90/spubtream/index.(*Map[...]).Add+0x148	/home/andrey/go/src/github.com/gubsky90/spubtream/index/map.go:13
#	0x7a0e17	github.com/gubsky90/spubtream.(*Stream[...]).idle+0xd7		/home/andrey/go/src/github.com/gubsky90/spubtream/stream.go:130
#	0x7a0daf	github.com/gubsky90/spubtream.(*Stream[...]).enqSub+0x6f	/home/andrey/go/src/github.com/gubsky90/spubtream/stream.go:117
#	0x79feb5	github.com/gubsky90/spubtream.(*Stream[...]).Sub+0x115		/home/andrey/go/src/github.com/gubsky90/spubtream/sub.go:53
#	0x79efce	github.com/gubsky90/spubtream.(*Stream[...]).SubFunc+0x30e	/home/andrey/go/src/github.com/gubsky90/spubtream/sub.go:38
#	0x79ef11	main.main+0x251							/home/andrey/go/src/github.com/gubsky90/spubtream/load/main.go:44
#	0x43ec5c	runtime.main+0x29c						/home/andrey/.gvm/gos/go1.22.2/src/runtime/proc.go:271

0: 0 [1: 2367488] @ 0x7a0e89 0x7a0e18 0x7a0db0 0x79feb6 0x79efcf 0x79ef12 0x43ec5d 0x475e61
#	0x7a0e88	github.com/gubsky90/spubtream/index.(*Map[...]).Add+0x148	/home/andrey/go/src/github.com/gubsky90/spubtream/index/map.go:13
#	0x7a0e17	github.com/gubsky90/spubtream.(*Stream[...]).idle+0xd7		/home/andrey/go/src/github.com/gubsky90/spubtream/stream.go:130
#	0x7a0daf	github.com/gubsky90/spubtream.(*Stream[...]).enqSub+0x6f	/home/andrey/go/src/github.com/gubsky90/spubtream/stream.go:117
#	0x79feb5	github.com/gubsky90/spubtream.(*Stream[...]).Sub+0x115		/home/andrey/go/src/github.com/gubsky90/spubtream/sub.go:53
#	0x79efce	github.com/gubsky90/spubtream.(*Stream[...]).SubFunc+0x30e	/home/andrey/go/src/github.com/gubsky90/spubtream/sub.go:38
#	0x79ef11	main.main+0x251							/home/andrey/go/src/github.com/gubsky90/spubtream/load/main.go:44
#	0x43ec5c	runtime.main+0x29c						/home/andrey/.gvm/gos/go1.22.2/src/runtime/proc.go:271

0: 0 [6: 1425408] @ 0x7a0e89 0x7a0e18 0x7a0db0 0x79feb6 0x79efcf 0x79ef12 0x43ec5d 0x475e61
#	0x7a0e88	github.com/gubsky90/spubtream/index.(*Map[...]).Add+0x148	/home/andrey/go/src/github.com/gubsky90/spubtream/index/map.go:13
#	0x7a0e17	github.com/gubsky90/spubtream.(*Stream[...]).idle+0xd7		/home/andrey/go/src/github.com/gubsky90/spubtream/stream.go:130
#	0x7a0daf	github.com/gubsky90/spubtream.(*Stream[...]).enqSub+0x6f	/home/andrey/go/src/github.com/gubsky90/spubtream/stream.go:117
#	0x79feb5	github.com/gubsky90/spubtream.(*Stream[...]).Sub+0x115		/home/andrey/go/src/github.com/gubsky90/spubtream/sub.go:53
#	0x79efce	github.com/gubsky90/spubtream.(*Stream[...]).SubFunc+0x30e	/home/andrey/go/src/github.com/gubsky90/spubtream/sub.go:38
#	0x79ef11	main.main+0x251							/home/andrey/go/src/github.com/gubsky90/spubtream/load/main.go:44
#	0x43ec5c	runtime.main+0x29c						/home/andrey/.gvm/gos/go1.22.2/src/runtime/proc.go:271

0: 0 [1: 1892352] @ 0x7a0e89 0x7a0e18 0x7a0db0 0x79feb6 0x79efcf 0x79ef12 0x43ec5d 0x475e61
#	0x7a0e88	github.com/gubsky90/spubtream/index.(*Map[...]).Add+0x148	/home/andrey/go/src/github.com/gubsky90/spubtream/index/map.go:13
#	0x7a0e17	github.com/gubsky90/spubtream.(*Stream[...]).idle+0xd7		/home/andrey/go/src/github.com/gubsky90/spubtream/stream.go:130
#	0x7a0daf	github.com/gubsky90/spubtream.(*Stream[...]).enqSub+0x6f	/home/andrey/go/src/github.com/gubsky90/spubtream/stream.go:117
#	0x79feb5	github.com/gubsky90/spubtream.(*Stream[...]).Sub+0x115		/home/andrey/go/src/github.com/gubsky90/spubtream/sub.go:53
#	0x79efce	github.com/gubsky90/spubtream.(*Stream[...]).SubFunc+0x30e	/home/andrey/go/src/github.com/gubsky90/spubtream/sub.go:38
#	0x79ef11	main.main+0x251							/home/andrey/go/src/github.com/gubsky90/spubtream/load/main.go:44
#	0x43ec5c	runtime.main+0x29c						/home/andrey/.gvm/gos/go1.22.2/src/runtime/proc.go:271

0: 0 [1: 1507328] @ 0x7a0e89 0x7a0e18 0x7a0db0 0x79feb6 0x79efcf 0x79ef12 0x43ec5d 0x475e61
#	0x7a0e88	github.com/gubsky90/spubtream/index.(*Map[...]).Add+0x148	/home/andrey/go/src/github.com/gubsky90/spubtream/index/map.go:13
#	0x7a0e17	github.com/gubsky90/spubtream.(*Stream[...]).idle+0xd7		/home/andrey/go/src/github.com/gubsky90/spubtream/stream.go:130
#	0x7a0daf	github.com/gubsky90/spubtream.(*Stream[...]).enqSub+0x6f	/home/andrey/go/src/github.com/gubsky90/spubtream/stream.go:117
#	0x79feb5	github.com/gubsky90/spubtream.(*Stream[...]).Sub+0x115		/home/andrey/go/src/github.com/gubsky90/spubtream/sub.go:53
#	0x79efce	github.com/gubsky90/spubtream.(*Stream[...]).SubFunc+0x30e	/home/andrey/go/src/github.com/gubsky90/spubtream/sub.go:38
#	0x79ef11	main.main+0x251							/home/andrey/go/src/github.com/gubsky90/spubtream/load/main.go:44
#	0x43ec5c	runtime.main+0x29c						/home/andrey/.gvm/gos/go1.22.2/src/runtime/proc.go:271

0: 0 [4: 589824] @ 0x7a0e89 0x7a0e18 0x7a0db0 0x79feb6 0x79efcf 0x79ef12 0x43ec5d 0x475e61
#	0x7a0e88	github.com/gubsky90/spubtream/index.(*Map[...]).Add+0x148	/home/andrey/go/src/github.com/gubsky90/spubtream/index/map.go:13
#	0x7a0e17	github.com/gubsky90/spubtream.(*Stream[...]).idle+0xd7		/home/andrey/go/src/github.com/gubsky90/spubtream/stream.go:130
#	0x7a0daf	github.com/gubsky90/spubtream.(*Stream[...]).enqSub+0x6f	/home/andrey/go/src/github.com/gubsky90/spubtream/stream.go:117
#	0x79feb5	github.com/gubsky90/spubtream.(*Stream[...]).Sub+0x115		/home/andrey/go/src/github.com/gubsky90/spubtream/sub.go:53
#	0x79efce	github.com/gubsky90/spubtream.(*Stream[...]).SubFunc+0x30e	/home/andrey/go/src/github.com/gubsky90/spubtream/sub.go:38
#	0x79ef11	main.main+0x251							/home/andrey/go/src/github.com/gubsky90/spubtream/load/main.go:44
#	0x43ec5c	runtime.main+0x29c						/home/andrey/.gvm/gos/go1.22.2/src/runtime/proc.go:271

0: 0 [1: 1204224] @ 0x7a0e89 0x7a0e18 0x7a0db0 0x79feb6 0x79efcf 0x79ef12 0x43ec5d 0x475e61
#	0x7a0e88	github.com/gubsky90/spubtream/index.(*Map[...]).Add+0x148	/home/andrey/go/src/github.com/gubsky90/spubtream/index/map.go:13
#	0x7a0e17	github.com/gubsky90/spubtream.(*Stream[...]).idle+0xd7		/home/andrey/go/src/github.com/gubsky90/spubtream/stream.go:130
#	0x7a0daf	github.com/gubsky90/spubtream.(*Stream[...]).enqSub+0x6f	/home/andrey/go/src/github.com/gubsky90/spubtream/stream.go:117
#	0x79feb5	github.com/gubsky90/spubtream.(*Stream[...]).Sub+0x115		/home/andrey/go/src/github.com/gubsky90/spubtream/sub.go:53
#	0x79efce	github.com/gubsky90/spubtream.(*Stream[...]).SubFunc+0x30e	/home/andrey/go/src/github.com/gubsky90/spubtream/sub.go:38
#	0x79ef11	main.main+0x251							/home/andrey/go/src/github.com/gubsky90/spubtream/load/main.go:44
#	0x43ec5c	runtime.main+0x29c						/home/andrey/.gvm/gos/go1.22.2/src/runtime/proc.go:271

0: 0 [2: 229376] @ 0x7a0e89 0x7a0e18 0x7a0db0 0x79feb6 0x79efcf 0x79ef12 0x43ec5d 0x475e61
#	0x7a0e88	github.com/gubsky90/spubtream/index.(*Map[...]).Add+0x148	/home/andrey/go/src/github.com/gubsky90/spubtream/index/map.go:13
#	0x7a0e17	github.com/gubsky90/spubtream.(*Stream[...]).idle+0xd7		/home/andrey/go/src/github.com/gubsky90/spubtream/stream.go:130
#	0x7a0daf	github.com/gubsky90/spubtream.(*Stream[...]).enqSub+0x6f	/home/andrey/go/src/github.com/gubsky90/spubtream/stream.go:117
#	0x79feb5	github.com/gubsky90/spubtream.(*Stream[...]).Sub+0x115		/home/andrey/go/src/github.com/gubsky90/spubtream/sub.go:53
#	0x79efce	github.com/gubsky90/spubtream.(*Stream[...]).SubFunc+0x30e	/home/andrey/go/src/github.com/gubsky90/spubtream/sub.go:38
#	0x79ef11	main.main+0x251							/home/andrey/go/src/github.com/gubsky90/spubtream/load/main.go:44
#	0x43ec5c	runtime.main+0x29c						/home/andrey/.gvm/gos/go1.22.2/src/runtime/proc.go:271

0: 0 [3: 48] @ 0x7a0e89 0x7a0e18 0x7a0db0 0x79feb6 0x79efcf 0x79ef12 0x43ec5d 0x475e61
#	0x7a0e88	github.com/gubsky90/spubtream/index.(*Map[...]).Add+0x148	/home/andrey/go/src/github.com/gubsky90/spubtream/index/map.go:13
#	0x7a0e17	github.com/gubsky90/spubtream.(*Stream[...]).idle+0xd7		/home/andrey/go/src/github.com/gubsky90/spubtream/stream.go:130
#	0x7a0daf	github.com/gubsky90/spubtream.(*Stream[...]).enqSub+0x6f	/home/andrey/go/src/github.com/gubsky90/spubtream/stream.go:117
#	0x79feb5	github.com/gubsky90/spubtream.(*Stream[...]).Sub+0x115		/home/andrey/go/src/github.com/gubsky90/spubtream/sub.go:53
#	0x79efce	github.com/gubsky90/spubtream.(*Stream[...]).SubFunc+0x30e	/home/andrey/go/src/github.com/gubsky90/spubtream/sub.go:38
#	0x79ef11	main.main+0x251							/home/andrey/go/src/github.com/gubsky90/spubtream/load/main.go:44
#	0x43ec5c	runtime.main+0x29c						/home/andrey/.gvm/gos/go1.22.2/src/runtime/proc.go:271

0: 0 [1: 90112] @ 0x7a0e89 0x7a0e18 0x7a0db0 0x79feb6 0x79efcf 0x79ef12 0x43ec5d 0x475e61
#	0x7a0e88	github.com/gubsky90/spubtream/index.(*Map[...]).Add+0x148	/home/andrey/go/src/github.com/gubsky90/spubtream/index/map.go:13
#	0x7a0e17	github.com/gubsky90/spubtream.(*Stream[...]).idle+0xd7		/home/andrey/go/src/github.com/gubsky90/spubtream/stream.go:130
#	0x7a0daf	github.com/gubsky90/spubtream.(*Stream[...]).enqSub+0x6f	/home/andrey/go/src/github.com/gubsky90/spubtream/stream.go:117
#	0x79feb5	github.com/gubsky90/spubtream.(*Stream[...]).Sub+0x115		/home/andrey/go/src/github.com/gubsky90/spubtream/sub.go:53
#	0x79efce	github.com/gubsky90/spubtream.(*Stream[...]).SubFunc+0x30e	/home/andrey/go/src/github.com/gubsky90/spubtream/sub.go:38
#	0x79ef11	main.main+0x251							/home/andrey/go/src/github.com/gubsky90/spubtream/load/main.go:44
#	0x43ec5c	runtime.main+0x29c						/home/andrey/.gvm/gos/go1.22.2/src/runtime/proc.go:271

0: 0 [0: 0] @ 0x75c0da 0x75aff9 0x75dfdb 0x764f55 0x64ed09 0x7662ab 0x64ed09 0x7670a3 0x64ed09 0x650b8d 0x651c8e 0x64d948 0x475e61
#	0x75c0d9	github.com/prometheus/client_golang/prometheus.processMetric+0x5b9							/home/andrey/go/pkg/mod/github.com/prometheus/client_golang@v1.22.0/prometheus/registry.go:685
#	0x75aff8	github.com/prometheus/client_golang/prometheus.(*Registry).Gather+0x818							/home/andrey/go/pkg/mod/github.com/prometheus/client_golang@v1.22.0/prometheus/registry.go:502
#	0x75dfda	github.com/prometheus/client_golang/prometheus.(*noTransactionGatherer).Gather+0x1a					/home/andrey/go/pkg/mod/github.com/prometheus/client_golang@v1.22.0/prometheus/registry.go:1074
#	0x764f54	github.com/prometheus/client_golang/prometheus/promhttp.HandlerForTransactional.func1+0x3b4				/home/andrey/go/pkg/mod/github.com/prometheus/client_golang@v1.22.0/prometheus/promhttp/http.go:171
#	0x64ed08	net/http.HandlerFunc.ServeHTTP+0x28											/home/andrey/.gvm/gos/go1.22.2/src/net/http/server.go:2166
#	0x7662aa	github.com/prometheus/client_golang/prometheus/promhttp.InstrumentMetricHandler.InstrumentHandlerInFlight.func1+0xca	/home/andrey/go/pkg/mod/github.com/prometheus/client_golang@v1.22.0/prometheus/promhttp/instrument_server.go:60
#	0x64ed08	net/http.HandlerFunc.ServeHTTP+0x28											/home/andrey/.gvm/gos/go1.22.2/src/net/http/server.go:2166
#	0x7670a2	github.com/prometheus/client_golang/prometheus/promhttp.InstrumentHandlerCounter.func1+0xc2				/home/andrey/go/pkg/mod/github.com/prometheus/client_golang@v1.22.0/prometheus/promhttp/instrument_server.go:147
#	0x64ed08	net/http.HandlerFunc.ServeHTTP+0x28											/home/andrey/.gvm/gos/go1.22.2/src/net/http/server.go:2166
#	0x650b8c	net/http.(*ServeMux).ServeHTTP+0x1ac											/home/andrey/.gvm/gos/go1.22.2/src/net/http/server.go:2683
#	0x651c8d	net/http.serverHandler.ServeHTTP+0x8d											/home/andrey/.gvm/gos/go1.22.2/src/net/http/server.go:3137
#	0x64d947	net/http.(*conn).serve+0x5e7												/home/andrey/.gvm/gos/go1.22.2/src/net/http/server.go:2039

0: 0 [1: 761856] @ 0x7a0e89 0x7a0e18 0x7a0db0 0x79feb6 0x79efcf 0x79ef12 0x43ec5d 0x475e61
#	0x7a0e88	github.com/gubsky90/spubtream/index.(*Map[...]).Add+0x148	/home/andrey/go/src/github.com/gubsky90/spubtream/index/map.go:13
#	0x7a0e17	github.com/gubsky90/spubtream.(*Stream[...]).idle+0xd7		/home/andrey/go/src/github.com/gubsky90/spubtream/stream.go:130
#	0x7a0daf	github.com/gubsky90/spubtream.(*Stream[...]).enqSub+0x6f	/home/andrey/go/src/github.com/gubsky90/spubtream/stream.go:117
#	0x79feb5	github.com/gubsky90/spubtream.(*Stream[...]).Sub+0x115		/home/andrey/go/src/github.com/gubsky90/spubtream/sub.go:53
#	0x79efce	github.com/gubsky90/spubtream.(*Stream[...]).SubFunc+0x30e	/home/andrey/go/src/github.com/gubsky90/spubtream/sub.go:38
#	0x79ef11	main.main+0x251							/home/andrey/go/src/github.com/gubsky90/spubtream/load/main.go:44
#	0x43ec5c	runtime.main+0x29c						/home/andrey/.gvm/gos/go1.22.2/src/runtime/proc.go:271

0: 0 [4: 262144] @ 0x7a0e89 0x7a0e18 0x7a0db0 0x79feb6 0x79efcf 0x79ef12 0x43ec5d 0x475e61
#	0x7a0e88	github.com/gubsky90/spubtream/index.(*Map[...]).Add+0x148	/home/andrey/go/src/github.com/gubsky90/spubtream/index/map.go:13
#	0x7a0e17	github.com/gubsky90/spubtream.(*Stream[...]).idle+0xd7		/home/andrey/go/src/github.com/gubsky90/spubtream/stream.go:130
#	0x7a0daf	github.com/gubsky90/spubtream.(*Stream[...]).enqSub+0x6f	/home/andrey/go/src/github.com/gubsky90/spubtream/stream.go:117
#	0x79feb5	github.com/gubsky90/spubtream.(*Stream[...]).Sub+0x115		/home/andrey/go/src/github.com/gubsky90/spubtream/sub.go:53
#	0x79efce	github.com/gubsky90/spubtream.(*Stream[...]).SubFunc+0x30e	/home/andrey/go/src/github.com/gubsky90/spubtream/sub.go:38
#	0x79ef11	main.main+0x251							/home/andrey/go/src/github.com/gubsky90/spubtream/load/main.go:44
#	0x43ec5c	runtime.main+0x29c						/home/andrey/.gvm/gos/go1.22.2/src/runtime/proc.go:271

0: 0 [0: 0] @ 0x51d755 0x74ece5 0x74ea12 0x74dbd0 0x759025 0x7588b9 0x75b765 0x475e61
#	0x51d754	strings.Fields+0x74									/home/andrey/.gvm/gos/go1.22.2/src/strings/strings.go:348
#	0x74ece4	github.com/prometheus/procfs.parseStat+0x1a4						/home/andrey/go/pkg/mod/github.com/prometheus/procfs@v0.15.1/stat.go:196
#	0x74ea11	github.com/prometheus/procfs.FS.Stat+0x1f1						/home/andrey/go/pkg/mod/github.com/prometheus/procfs@v0.15.1/stat.go:173
#	0x74dbcf	github.com/prometheus/procfs.ProcStat.StartTime+0x6f					/home/andrey/go/pkg/mod/github.com/prometheus/procfs@v0.15.1/proc_stat.go:219
#	0x759024	github.com/prometheus/client_golang/prometheus.(*processCollector).processCollect+0x6c4	/home/andrey/go/pkg/mod/github.com/prometheus/client_golang@v1.22.0/prometheus/process_collector_procfsenabled.go:45
#	0x7588b8	github.com/prometheus/client_golang/prometheus.(*processCollector).Collect+0x18		/home/andrey/go/pkg/mod/github.com/prometheus/client_golang@v1.22.0/prometheus/process_collector.go:147
#	0x75b764	github.com/prometheus/client_golang/prometheus.(*Registry).Gather.func1+0x104		/home/andrey/go/pkg/mod/github.com/prometheus/client_golang@v1.22.0/prometheus/registry.go:456

0: 0 [0: 0] @ 0x74ee35 0x74ea12 0x74dbd0 0x759025 0x7588b9 0x75b765 0x475e61
#	0x74ee34	github.com/prometheus/procfs.parseStat+0x2f4						/home/andrey/go/pkg/mod/github.com/prometheus/procfs@v0.15.1/stat.go:211
#	0x74ea11	github.com/prometheus/procfs.FS.Stat+0x1f1						/home/andrey/go/pkg/mod/github.com/prometheus/procfs@v0.15.1/stat.go:173
#	0x74dbcf	github.com/prometheus/procfs.ProcStat.StartTime+0x6f					/home/andrey/go/pkg/mod/github.com/prometheus/procfs@v0.15.1/proc_stat.go:219
#	0x759024	github.com/prometheus/client_golang/prometheus.(*processCollector).processCollect+0x6c4	/home/andrey/go/pkg/mod/github.com/prometheus/client_golang@v1.22.0/prometheus/process_collector_procfsenabled.go:45
#	0x7588b8	github.com/prometheus/client_golang/prometheus.(*processCollector).Collect+0x18		/home/andrey/go/pkg/mod/github.com/prometheus/client_golang@v1.22.0/prometheus/process_collector.go:147
#	0x75b764	github.com/prometheus/client_golang/prometheus.(*Registry).Gather.func1+0x104		/home/andrey/go/pkg/mod/github.com/prometheus/client_golang@v1.22.0/prometheus/registry.go:456

0: 0 [0: 0] @ 0x602816 0x602802 0x60c6c6 0x60c687 0x5f54d5 0x743aa5 0x743474 0x73e9bb 0x744c07 0x7656ed 0x64ed09 0x7662ab 0x64ed09 0x7670a3 0x64ed09 0x650b8d 0x651c8e 0x64d948 0x475e61
#	0x602815	compress/flate.(*compressor).initDeflate+0x4f5										/home/andrey/.gvm/gos/go1.22.2/src/compress/flate/deflate.go:369
#	0x602801	compress/flate.(*compressor).init+0x4e1											/home/andrey/.gvm/gos/go1.22.2/src/compress/flate/deflate.go:592
#	0x60c6c5	compress/flate.NewWriter+0x2e5												/home/andrey/.gvm/gos/go1.22.2/src/compress/flate/deflate.go:667
#	0x60c686	compress/gzip.(*Writer).Write+0x2a6											/home/andrey/.gvm/gos/go1.22.2/src/compress/gzip/gzip.go:191
#	0x5f54d4	bufio.(*Writer).Flush+0x54												/home/andrey/.gvm/gos/go1.22.2/src/bufio/bufio.go:639
#	0x743aa4	github.com/prometheus/common/expfmt.MetricFamilyToText.func1+0x24							/home/andrey/go/pkg/mod/github.com/prometheus/common@v0.62.0/expfmt/text_create.go:96
#	0x743473	github.com/prometheus/common/expfmt.MetricFamilyToText+0xf53								/home/andrey/go/pkg/mod/github.com/prometheus/common@v0.62.0/expfmt/text_create.go:280
#	0x73e9ba	github.com/prometheus/common/expfmt.NewEncoder.func7+0x3a								/home/andrey/go/pkg/mod/github.com/prometheus/common@v0.62.0/expfmt/encode.go:180
#	0x744c06	github.com/prometheus/common/expfmt.encoderCloser.Encode+0x26								/home/andrey/go/pkg/mod/github.com/prometheus/common@v0.62.0/expfmt/encode.go:53
#	0x7656ec	github.com/prometheus/client_golang/prometheus/promhttp.HandlerForTransactional.func1+0xb4c				/home/andrey/go/pkg/mod/github.com/prometheus/client_golang@v1.22.0/prometheus/promhttp/http.go:249
#	0x64ed08	net/http.HandlerFunc.ServeHTTP+0x28											/home/andrey/.gvm/gos/go1.22.2/src/net/http/server.go:2166
#	0x7662aa	github.com/prometheus/client_golang/prometheus/promhttp.InstrumentMetricHandler.InstrumentHandlerInFlight.func1+0xca	/home/andrey/go/pkg/mod/github.com/prometheus/client_golang@v1.22.0/prometheus/promhttp/instrument_server.go:60
#	0x64ed08	net/http.HandlerFunc.ServeHTTP+0x28											/home/andrey/.gvm/gos/go1.22.2/src/net/http/server.go:2166
#	0x7670a2	github.com/prometheus/client_golang/prometheus/promhttp.InstrumentHandlerCounter.func1+0xc2				/home/andrey/go/pkg/mod/github.com/prometheus/client_golang@v1.22.0/prometheus/promhttp/instrument_server.go:147
#	0x64ed08	net/http.HandlerFunc.ServeHTTP+0x28											/home/andrey/.gvm/gos/go1.22.2/src/net/http/server.go:2166
#	0x650b8c	net/http.(*ServeMux).ServeHTTP+0x1ac											/home/andrey/.gvm/gos/go1.22.2/src/net/http/server.go:2683
#	0x651c8d	net/http.serverHandler.ServeHTTP+0x8d											/home/andrey/.gvm/gos/go1.22.2/src/net/http/server.go:3137
#	0x64d947	net/http.(*conn).serve+0x5e7												/home/andrey/.gvm/gos/go1.22.2/src/net/http/server.go:2039

0: 0 [1: 288] @ 0x410e17 0x414908 0x7a0e5b 0x7a0e18 0x7a0db0 0x79feb6 0x79efcf 0x79ef12 0x43ec5d 0x475e61
#	0x7a0e5a	github.com/gubsky90/spubtream/index.(*Map[...]).Add+0x11a	/home/andrey/go/src/github.com/gubsky90/spubtream/index/map.go:13
#	0x7a0e17	github.com/gubsky90/spubtream.(*Stream[...]).idle+0xd7		/home/andrey/go/src/github.com/gubsky90/spubtream/stream.go:130
#	0x7a0daf	github.com/gubsky90/spubtream.(*Stream[...]).enqSub+0x6f	/home/andrey/go/src/github.com/gubsky90/spubtream/stream.go:117
#	0x79feb5	github.com/gubsky90/spubtream.(*Stream[...]).Sub+0x115		/home/andrey/go/src/github.com/gubsky90/spubtream/sub.go:53
#	0x79efce	github.com/gubsky90/spubtream.(*Stream[...]).SubFunc+0x30e	/home/andrey/go/src/github.com/gubsky90/spubtream/sub.go:38
#	0x79ef11	main.main+0x251							/home/andrey/go/src/github.com/gubsky90/spubtream/load/main.go:44
#	0x43ec5c	runtime.main+0x29c						/home/andrey/.gvm/gos/go1.22.2/src/runtime/proc.go:271

0: 0 [1: 208] @ 0x410e17 0x415f8d 0x679d45 0x679cb7 0x79fde5 0x79efcf 0x79ef12 0x43ec5d 0x475e61
#	0x679d44	github.com/gubsky90/spubtream.encode+0x184			/home/andrey/go/src/github.com/gubsky90/spubtream/tag_coder.go:20
#	0x679cb6	github.com/gubsky90/spubtream.EncodeAll+0xf6			/home/andrey/go/src/github.com/gubsky90/spubtream/tag_coder.go:34
#	0x79fde4	github.com/gubsky90/spubtream.(*Stream[...]).Sub+0x44		/home/andrey/go/src/github.com/gubsky90/spubtream/sub.go:43
#	0x79efce	github.com/gubsky90/spubtream.(*Stream[...]).SubFunc+0x30e	/home/andrey/go/src/github.com/gubsky90/spubtream/sub.go:38
#	0x79ef11	main.main+0x251							/home/andrey/go/src/github.com/gubsky90/spubtream/load/main.go:44
#	0x43ec5c	runtime.main+0x29c						/home/andrey/.gvm/gos/go1.22.2/src/runtime/proc.go:271

0: 0 [2: 98304] @ 0x7a0e89 0x7a0e18 0x7a0db0 0x79feb6 0x79efcf 0x79ef12 0x43ec5d 0x475e61
#	0x7a0e88	github.com/gubsky90/spubtream/index.(*Map[...]).Add+0x148	/home/andrey/go/src/github.com/gubsky90/spubtream/index/map.go:13
#	0x7a0e17	github.com/gubsky90/spubtream.(*Stream[...]).idle+0xd7		/home/andrey/go/src/github.com/gubsky90/spubtream/stream.go:130
#	0x7a0daf	github.com/gubsky90/spubtream.(*Stream[...]).enqSub+0x6f	/home/andrey/go/src/github.com/gubsky90/spubtream/stream.go:117
#	0x79feb5	github.com/gubsky90/spubtream.(*Stream[...]).Sub+0x115		/home/andrey/go/src/github.com/gubsky90/spubtream/sub.go:53
#	0x79efce	github.com/gubsky90/spubtream.(*Stream[...]).SubFunc+0x30e	/home/andrey/go/src/github.com/gubsky90/spubtream/sub.go:38
#	0x79ef11	main.main+0x251							/home/andrey/go/src/github.com/gubsky90/spubtream/load/main.go:44
#	0x43ec5c	runtime.main+0x29c						/home/andrey/.gvm/gos/go1.22.2/src/runtime/proc.go:271

0: 0 [18: 288] @ 0x79f0cd 0x43ec5d 0x475e61
#	0x79f0cc	main.main+0x40c		/home/andrey/go/src/github.com/gubsky90/spubtream/load/main.go:51
#	0x43ec5c	runtime.main+0x29c	/home/andrey/.gvm/gos/go1.22.2/src/runtime/proc.go:271

0: 0 [1: 2367488] @ 0x41136d 0x412d8f 0x414799 0x7a0e5b 0x7a0e18 0x7a0db0 0x79feb6 0x79efcf 0x79ef12 0x43ec5d 0x475e61
#	0x7a0e5a	github.com/gubsky90/spubtream/index.(*Map[...]).Add+0x11a	/home/andrey/go/src/github.com/gubsky90/spubtream/index/map.go:13
#	0x7a0e17	github.com/gubsky90/spubtream.(*Stream[...]).idle+0xd7		/home/andrey/go/src/github.com/gubsky90/spubtream/stream.go:130
#	0x7a0daf	github.com/gubsky90/spubtream.(*Stream[...]).enqSub+0x6f	/home/andrey/go/src/github.com/gubsky90/spubtream/stream.go:117
#	0x79feb5	github.com/gubsky90/spubtream.(*Stream[...]).Sub+0x115		/home/andrey/go/src/github.com/gubsky90/spubtream/sub.go:53
#	0x79efce	github.com/gubsky90/spubtream.(*Stream[...]).SubFunc+0x30e	/home/andrey/go/src/github.com/gubsky90/spubtream/sub.go:38
#	0x79ef11	main.main+0x251							/home/andrey/go/src/github.com/gubsky90/spubtream/load/main.go:44
#	0x43ec5c	runtime.main+0x29c						/home/andrey/.gvm/gos/go1.22.2/src/runtime/proc.go:271

0: 0 [1: 1810432] @ 0x41136d 0x412d8f 0x415d65 0x679d45 0x679cb7 0x79fde5 0x79efcf 0x79ef12 0x43ec5d 0x475e61
#	0x679d44	github.com/gubsky90/spubtream.encode+0x184			/home/andrey/go/src/github.com/gubsky90/spubtream/tag_coder.go:20
#	0x679cb6	github.com/gubsky90/spubtream.EncodeAll+0xf6			/home/andrey/go/src/github.com/gubsky90/spubtream/tag_coder.go:34
#	0x79fde4	github.com/gubsky90/spubtream.(*Stream[...]).Sub+0x44		/home/andrey/go/src/github.com/gubsky90/spubtream/sub.go:43
#	0x79efce	github.com/gubsky90/spubtream.(*Stream[...]).SubFunc+0x30e	/home/andrey/go/src/github.com/gubsky90/spubtream/sub.go:38
#	0x79ef11	main.main+0x251							/home/andrey/go/src/github.com/gubsky90/spubtream/load/main.go:44
#	0x43ec5c	runtime.main+0x29c						/home/andrey/.gvm/gos/go1.22.2/src/runtime/proc.go:271

0: 0 [1: 24576] @ 0x7a0e89 0x7a0e18 0x7a0db0 0x79feb6 0x79efcf 0x79ef12 0x43ec5d 0x475e61
#	0x7a0e88	github.com/gubsky90/spubtream/index.(*Map[...]).Add+0x148	/home/andrey/go/src/github.com/gubsky90/spubtream/index/map.go:13
#	0x7a0e17	github.com/gubsky90/spubtream.(*Stream[...]).idle+0xd7		/home/andrey/go/src/github.com/gubsky90/spubtream/stream.go:130
#	0x7a0daf	github.com/gubsky90/spubtream.(*Stream[...]).enqSub+0x6f	/home/andrey/go/src/github.com/gubsky90/spubtream/stream.go:117
#	0x79feb5	github.com/gubsky90/spubtream.(*Stream[...]).Sub+0x115		/home/andrey/go/src/github.com/gubsky90/spubtream/sub.go:53
#	0x79efce	github.com/gubsky90/spubtream.(*Stream[...]).SubFunc+0x30e	/home/andrey/go/src/github.com/gubsky90/spubtream/sub.go:38
#	0x79ef11	main.main+0x251							/home/andrey/go/src/github.com/gubsky90/spubtream/load/main.go:44
#	0x43ec5c	runtime.main+0x29c						/home/andrey/.gvm/gos/go1.22.2/src/runtime/proc.go:271

0: 0 [8: 1507328] @ 0x7a0e89 0x7a0e18 0x7a0db0 0x79feb6 0x79efcf 0x79ef12 0x43ec5d 0x475e61
#	0x7a0e88	github.com/gubsky90/spubtream/index.(*Map[...]).Add+0x148	/home/andrey/go/src/github.com/gubsky90/spubtream/index/map.go:13
#	0x7a0e17	github.com/gubsky90/spubtream.(*Stream[...]).idle+0xd7		/home/andrey/go/src/github.com/gubsky90/spubtream/stream.go:130
#	0x7a0daf	github.com/gubsky90/spubtream.(*Stream[...]).enqSub+0x6f	/home/andrey/go/src/github.com/gubsky90/spubtream/stream.go:117
#	0x79feb5	github.com/gubsky90/spubtream.(*Stream[...]).Sub+0x115		/home/andrey/go/src/github.com/gubsky90/spubtream/sub.go:53
#	0x79efce	github.com/gubsky90/spubtream.(*Stream[...]).SubFunc+0x30e	/home/andrey/go/src/github.com/gubsky90/spubtream/sub.go:38
#	0x79ef11	main.main+0x251							/home/andrey/go/src/github.com/gubsky90/spubtream/load/main.go:44
#	0x43ec5c	runtime.main+0x29c						/home/andrey/.gvm/gos/go1.22.2/src/runtime/proc.go:271

0: 0 [1: 1187840] @ 0x41136d 0x412d8f 0x414799 0x7a0e5b 0x7a0e18 0x7a0db0 0x79feb6 0x79efcf 0x79ef12 0x43ec5d 0x475e61
#	0x7a0e5a	github.com/gubsky90/spubtream/index.(*Map[...]).Add+0x11a	/home/andrey/go/src/github.com/gubsky90/spubtream/index/map.go:13
#	0x7a0e17	github.com/gubsky90/spubtream.(*Stream[...]).idle+0xd7		/home/andrey/go/src/github.com/gubsky90/spubtream/stream.go:130
#	0x7a0daf	github.com/gubsky90/spubtream.(*Stream[...]).enqSub+0x6f	/home/andrey/go/src/github.com/gubsky90/spubtream/stream.go:117
#	0x79feb5	github.com/gubsky90/spubtream.(*Stream[...]).Sub+0x115		/home/andrey/go/src/github.com/gubsky90/spubtream/sub.go:53
#	0x79efce	github.com/gubsky90/spubtream.(*Stream[...]).SubFunc+0x30e	/home/andrey/go/src/github.com/gubsky90/spubtream/sub.go:38
#	0x79ef11	main.main+0x251							/home/andrey/go/src/github.com/gubsky90/spubtream/load/main.go:44
#	0x43ec5c	runtime.main+0x29c						/home/andrey/.gvm/gos/go1.22.2/src/runtime/proc.go:271

0: 0 [1: 909312] @ 0x41136d 0x412d8f 0x415d65 0x679d45 0x679cb7 0x79fde5 0x79efcf 0x79ef12 0x43ec5d 0x475e61
#	0x679d44	github.com/gubsky90/spubtream.encode+0x184			/home/andrey/go/src/github.com/gubsky90/spubtream/tag_coder.go:20
#	0x679cb6	github.com/gubsky90/spubtream.EncodeAll+0xf6			/home/andrey/go/src/github.com/gubsky90/spubtream/tag_coder.go:34
#	0x79fde4	github.com/gubsky90/spubtream.(*Stream[...]).Sub+0x44		/home/andrey/go/src/github.com/gubsky90/spubtream/sub.go:43
#	0x79efce	github.com/gubsky90/spubtream.(*Stream[...]).SubFunc+0x30e	/home/andrey/go/src/github.com/gubsky90/spubtream/sub.go:38
#	0x79ef11	main.main+0x251							/home/andrey/go/src/github.com/gubsky90/spubtream/load/main.go:44
#	0x43ec5c	runtime.main+0x29c						/home/andrey/.gvm/gos/go1.22.2/src/runtime/proc.go:271

0: 0 [0: 0] @ 0x410e17 0x414908 0x7a190b 0x79f7a5 0x475e61
#	0x7a190a	github.com/gubsky90/spubtream.(*Stream[...]).Pub+0x2ca	/home/andrey/go/src/github.com/gubsky90/spubtream/pub.go:42
#	0x79f7a4	main.main.func3+0xa4					/home/andrey/go/src/github.com/gubsky90/spubtream/load/main.go:81

0: 0 [0: 0] @ 0x756452 0x75b765 0x475e61
#	0x756451	github.com/prometheus/client_golang/prometheus.(*goCollector).Collect+0x411	/home/andrey/go/pkg/mod/github.com/prometheus/client_golang@v1.22.0/prometheus/go_collector_latest.go:364
#	0x75b764	github.com/prometheus/client_golang/prometheus.(*Registry).Gather.func1+0x104	/home/andrey/go/pkg/mod/github.com/prometheus/client_golang@v1.22.0/prometheus/registry.go:456

0: 0 [1: 458752] @ 0x41136d 0x412d8f 0x415d65 0x679d45 0x679cb7 0x79fde5 0x79efcf 0x79ef12 0x43ec5d 0x475e61
#	0x679d44	github.com/gubsky90/spubtream.encode+0x184			/home/andrey/go/src/github.com/gubsky90/spubtream/tag_coder.go:20
#	0x679cb6	github.com/gubsky90/spubtream.EncodeAll+0xf6			/home/andrey/go/src/github.com/gubsky90/spubtream/tag_coder.go:34
#	0x79fde4	github.com/gubsky90/spubtream.(*Stream[...]).Sub+0x44		/home/andrey/go/src/github.com/gubsky90/spubtream/sub.go:43
#	0x79efce	github.com/gubsky90/spubtream.(*Stream[...]).SubFunc+0x30e	/home/andrey/go/src/github.com/gubsky90/spubtream/sub.go:38
#	0x79ef11	main.main+0x251							/home/andrey/go/src/github.com/gubsky90/spubtream/load/main.go:44
#	0x43ec5c	runtime.main+0x29c						/home/andrey/.gvm/gos/go1.22.2/src/runtime/proc.go:271

0: 0 [4: 32] @ 0x7a0e89 0x7a0e18 0x7a0db0 0x79feb6 0x79efcf 0x79ef12 0x43ec5d 0x475e61
#	0x7a0e88	github.com/gubsky90/spubtream/index.(*Map[...]).Add+0x148	/home/andrey/go/src/github.com/gubsky90/spubtream/index/map.go:13
#	0x7a0e17	github.com/gubsky90/spubtream.(*Stream[...]).idle+0xd7		/home/andrey/go/src/github.com/gubsky90/spubtream/stream.go:130
#	0x7a0daf	github.com/gubsky90/spubtream.(*Stream[...]).enqSub+0x6f	/home/andrey/go/src/github.com/gubsky90/spubtream/stream.go:117
#	0x79feb5	github.com/gubsky90/spubtream.(*Stream[...]).Sub+0x115		/home/andrey/go/src/github.com/gubsky90/spubtream/sub.go:53
#	0x79efce	github.com/gubsky90/spubtream.(*Stream[...]).SubFunc+0x30e	/home/andrey/go/src/github.com/gubsky90/spubtream/sub.go:38
#	0x79ef11	main.main+0x251							/home/andrey/go/src/github.com/gubsky90/spubtream/load/main.go:44
#	0x43ec5c	runtime.main+0x29c						/home/andrey/.gvm/gos/go1.22.2/src/runtime/proc.go:271

0: 0 [0: 0] @ 0x4cb6b2 0x748eaa 0x74aefe 0x759625 0x7588b9 0x75b765 0x475e61
#	0x4cb6b1	io.ReadAll+0xd1										/home/andrey/.gvm/gos/go1.22.2/src/io/io.go:723
#	0x748ea9	github.com/prometheus/procfs/internal/util.ReadFileNoStat+0xc9				/home/andrey/go/pkg/mod/github.com/prometheus/procfs@v0.15.1/internal/util/readfile.go:36
#	0x74aefd	github.com/prometheus/procfs.Proc.Netstat+0x9d						/home/andrey/go/pkg/mod/github.com/prometheus/procfs@v0.15.1/proc_netstat.go:174
#	0x759624	github.com/prometheus/client_golang/prometheus.(*processCollector).processCollect+0xcc4	/home/andrey/go/pkg/mod/github.com/prometheus/client_golang@v1.22.0/prometheus/process_collector_procfsenabled.go:67
#	0x7588b8	github.com/prometheus/client_golang/prometheus.(*processCollector).Collect+0x18		/home/andrey/go/pkg/mod/github.com/prometheus/client_golang@v1.22.0/prometheus/process_collector.go:147
#	0x75b764	github.com/prometheus/client_golang/prometheus.(*Registry).Gather.func1+0x104		/home/andrey/go/pkg/mod/github.com/prometheus/client_golang@v1.22.0/prometheus/registry.go:456

0: 0 [0: 0] @ 0x7322ed 0x7332df 0x735552 0x739fc5 0x74a534 0x759373 0x7588b9 0x75b765 0x475e61
#	0x7322ec	regexp.(*bitState).reset+0x4c								/home/andrey/.gvm/gos/go1.22.2/src/regexp/backtrack.go:84
#	0x7332de	regexp.(*Regexp).backtrack+0x19e							/home/andrey/.gvm/gos/go1.22.2/src/regexp/backtrack.go:317
#	0x735551	regexp.(*Regexp).doExecute+0x271							/home/andrey/.gvm/gos/go1.22.2/src/regexp/exec.go:535
#	0x739fc4	regexp.(*Regexp).FindStringSubmatch+0x84						/home/andrey/.gvm/gos/go1.22.2/src/regexp/regexp.go:1044
#	0x74a533	github.com/prometheus/procfs.Proc.Limits+0x213						/home/andrey/go/pkg/mod/github.com/prometheus/procfs@v0.15.1/proc_limits.go:104
#	0x759372	github.com/prometheus/client_golang/prometheus.(*processCollector).processCollect+0xa12	/home/andrey/go/pkg/mod/github.com/prometheus/client_golang@v1.22.0/prometheus/process_collector_procfsenabled.go:60
#	0x7588b8	github.com/prometheus/client_golang/prometheus.(*processCollector).Collect+0x18		/home/andrey/go/pkg/mod/github.com/prometheus/client_golang@v1.22.0/prometheus/process_collector.go:147
#	0x75b764	github.com/prometheus/client_golang/prometheus.(*Registry).Gather.func1+0x104		/home/andrey/go/pkg/mod/github.com/prometheus/client_golang@v1.22.0/prometheus/registry.go:456

0: 0 [0: 0] @ 0x48dd68 0x7a1a85 0x7a1aab 0x79f7a5 0x475e61
#	0x48dd67	time.NewTimer+0x27					/home/andrey/.gvm/gos/go1.22.2/src/time/sleep.go:87
#	0x7a1a84	time.After+0x444					/home/andrey/.gvm/gos/go1.22.2/src/time/sleep.go:157
#	0x7a1aaa	github.com/gubsky90/spubtream.(*Stream[...]).Pub+0x46a	/home/andrey/go/src/github.com/gubsky90/spubtream/pub.go:28
#	0x79f7a4	main.main.func3+0xa4					/home/andrey/go/src/github.com/gubsky90/spubtream/load/main.go:81


# runtime.MemStats
# Alloc = 218996400
# TotalAlloc = 347091040
# Sys = 254662968
# Lookups = 0
# Mallocs = 7445893
# Frees = 3591825
# HeapAlloc = 218996400
# HeapSys = 242483200
# HeapIdle = 12861440
# HeapInuse = 229621760
# HeapReleased = 7839744
# HeapObjects = 3854068
# Stack = 688128 / 688128
# MSpan = 3070080 / 3084480
# MCache = 9600 / 15600
# BuckHashSys = 1469400
# GCSys = 5240696
# OtherSys = 1681464
# NextGC = 342402744
# LastGC = 1746541926492857729
# PauseNs = [40374 16537 360881 32934 26623 76294 81999 79450 37684 35151 44539 0 0 0 0 0 0 0 0 0 0 0 0 0 0 0 0 0 0 0 0 0 0 0 0 0 0 0 0 0 0 0 0 0 0 0 0 0 0 0 0 0 0 0 0 0 0 0 0 0 0 0 0 0 0 0 0 0 0 0 0 0 0 0 0 0 0 0 0 0 0 0 0 0 0 0 0 0 0 0 0 0 0 0 0 0 0 0 0 0 0 0 0 0 0 0 0 0 0 0 0 0 0 0 0 0 0 0 0 0 0 0 0 0 0 0 0 0 0 0 0 0 0 0 0 0 0 0 0 0 0 0 0 0 0 0 0 0 0 0 0 0 0 0 0 0 0 0 0 0 0 0 0 0 0 0 0 0 0 0 0 0 0 0 0 0 0 0 0 0 0 0 0 0 0 0 0 0 0 0 0 0 0 0 0 0 0 0 0 0 0 0 0 0 0 0 0 0 0 0 0 0 0 0 0 0 0 0 0 0 0 0 0 0 0 0 0 0 0 0 0 0 0 0 0 0 0 0 0 0 0 0 0 0 0 0 0 0 0 0 0 0 0 0 0 0]
# PauseEnd = [1746541925491470684 1746541925498591591 1746541925509756659 1746541925517427450 1746541925544144328 1746541925583882844 1746541925645428301 1746541925755468443 1746541925911569115 1746541926173665750 1746541926492857729 0 0 0 0 0 0 0 0 0 0 0 0 0 0 0 0 0 0 0 0 0 0 0 0 0 0 0 0 0 0 0 0 0 0 0 0 0 0 0 0 0 0 0 0 0 0 0 0 0 0 0 0 0 0 0 0 0 0 0 0 0 0 0 0 0 0 0 0 0 0 0 0 0 0 0 0 0 0 0 0 0 0 0 0 0 0 0 0 0 0 0 0 0 0 0 0 0 0 0 0 0 0 0 0 0 0 0 0 0 0 0 0 0 0 0 0 0 0 0 0 0 0 0 0 0 0 0 0 0 0 0 0 0 0 0 0 0 0 0 0 0 0 0 0 0 0 0 0 0 0 0 0 0 0 0 0 0 0 0 0 0 0 0 0 0 0 0 0 0 0 0 0 0 0 0 0 0 0 0 0 0 0 0 0 0 0 0 0 0 0 0 0 0 0 0 0 0 0 0 0 0 0 0 0 0 0 0 0 0 0 0 0 0 0 0 0 0 0 0 0 0 0 0 0 0 0 0 0 0 0 0 0 0 0 0 0 0 0 0 0 0 0 0 0 0]
# NumGC = 11
# NumForcedGC = 0
# GCCPUFraction = 0.05639258250760692
# DebugGC = false
# MaxRSS = 2895912960
