heap profile: 172: 19022608 [287: 53975592] @ heap/1048576
1: 5808128 [1: 5808128] @ 0x7a0e89 0x7a0e18 0x7a0db0 0x79feb6 0x79efcf 0x79ef12 0x43ec5d 0x475e61
#	0x7a0e88	github.com/gubsky90/spubtream/index.(*Map[...]).Add+0x148	/home/andrey/go/src/github.com/gubsky90/spubtream/index/map.go:13
#	0x7a0e17	github.com/gubsky90/spubtream.(*Stream[...]).idle+0xd7		/home/andrey/go/src/github.com/gubsky90/spubtream/stream.go:123
#	0x7a0daf	github.com/gubsky90/spubtream.(*Stream[...]).enqSub+0x6f	/home/andrey/go/src/github.com/gubsky90/spubtream/stream.go:110
#	0x79feb5	github.com/gubsky90/spubtream.(*Stream[...]).Sub+0x115		/home/andrey/go/src/github.com/gubsky90/spubtream/sub.go:53
#	0x79efce	github.com/gubsky90/spubtream.(*Stream[...]).SubFunc+0x30e	/home/andrey/go/src/github.com/gubsky90/spubtream/sub.go:38
#	0x79ef11	main.main+0x251							/home/andrey/go/src/github.com/gubsky90/spubtream/load/main.go:44
#	0x43ec5c	runtime.main+0x29c						/home/andrey/.gvm/gos/go1.22.2/src/runtime/proc.go:271

8: 4849664 [9: 5455872] @ 0x7a0e89 0x7a0e18 0x7a0db0 0x79feb6 0x79efcf 0x79ef12 0x43ec5d 0x475e61
#	0x7a0e88	github.com/gubsky90/spubtream/index.(*Map[...]).Add+0x148	/home/andrey/go/src/github.com/gubsky90/spubtream/index/map.go:13
#	0x7a0e17	github.com/gubsky90/spubtream.(*Stream[...]).idle+0xd7		/home/andrey/go/src/github.com/gubsky90/spubtream/stream.go:123
#	0x7a0daf	github.com/gubsky90/spubtream.(*Stream[...]).enqSub+0x6f	/home/andrey/go/src/github.com/gubsky90/spubtream/stream.go:110
#	0x79feb5	github.com/gubsky90/spubtream.(*Stream[...]).Sub+0x115		/home/andrey/go/src/github.com/gubsky90/spubtream/sub.go:53
#	0x79efce	github.com/gubsky90/spubtream.(*Stream[...]).SubFunc+0x30e	/home/andrey/go/src/github.com/gubsky90/spubtream/sub.go:38
#	0x79ef11	main.main+0x251							/home/andrey/go/src/github.com/gubsky90/spubtream/load/main.go:44
#	0x43ec5c	runtime.main+0x29c						/home/andrey/.gvm/gos/go1.22.2/src/runtime/proc.go:271

1: 4734976 [1: 4734976] @ 0x41136d 0x412d8f 0x414799 0x7a0e5b 0x7a0e18 0x7a0db0 0x79feb6 0x79efcf 0x79ef12 0x43ec5d 0x475e61
#	0x7a0e5a	github.com/gubsky90/spubtream/index.(*Map[...]).Add+0x11a	/home/andrey/go/src/github.com/gubsky90/spubtream/index/map.go:13
#	0x7a0e17	github.com/gubsky90/spubtream.(*Stream[...]).idle+0xd7		/home/andrey/go/src/github.com/gubsky90/spubtream/stream.go:123
#	0x7a0daf	github.com/gubsky90/spubtream.(*Stream[...]).enqSub+0x6f	/home/andrey/go/src/github.com/gubsky90/spubtream/stream.go:110
#	0x79feb5	github.com/gubsky90/spubtream.(*Stream[...]).Sub+0x115		/home/andrey/go/src/github.com/gubsky90/spubtream/sub.go:53
#	0x79efce	github.com/gubsky90/spubtream.(*Stream[...]).SubFunc+0x30e	/home/andrey/go/src/github.com/gubsky90/spubtream/sub.go:38
#	0x79ef11	main.main+0x251							/home/andrey/go/src/github.com/gubsky90/spubtream/load/main.go:44
#	0x43ec5c	runtime.main+0x29c						/home/andrey/.gvm/gos/go1.22.2/src/runtime/proc.go:271

1: 3620864 [1: 3620864] @ 0x41136d 0x412d8f 0x415d65 0x679d45 0x679cb7 0x79fde5 0x79efcf 0x79ef12 0x43ec5d 0x475e61
#	0x679d44	github.com/gubsky90/spubtream.encode+0x184			/home/andrey/go/src/github.com/gubsky90/spubtream/tag_coder.go:20
#	0x679cb6	github.com/gubsky90/spubtream.EncodeAll+0xf6			/home/andrey/go/src/github.com/gubsky90/spubtream/tag_coder.go:34
#	0x79fde4	github.com/gubsky90/spubtream.(*Stream[...]).Sub+0x44		/home/andrey/go/src/github.com/gubsky90/spubtream/sub.go:43
#	0x79efce	github.com/gubsky90/spubtream.(*Stream[...]).SubFunc+0x30e	/home/andrey/go/src/github.com/gubsky90/spubtream/sub.go:38
#	0x79ef11	main.main+0x251							/home/andrey/go/src/github.com/gubsky90/spubtream/load/main.go:44
#	0x43ec5c	runtime.main+0x29c						/home/andrey/.gvm/gos/go1.22.2/src/runtime/proc.go:271

87: 5568 [87: 5568] @ 0x79fe05 0x79efcf 0x79ef12 0x43ec5d 0x475e61
#	0x79fe04	github.com/gubsky90/spubtream.(*Stream[...]).Sub+0x64		/home/andrey/go/src/github.com/gubsky90/spubtream/sub.go:42
#	0x79efce	github.com/gubsky90/spubtream.(*Stream[...]).SubFunc+0x30e	/home/andrey/go/src/github.com/gubsky90/spubtream/sub.go:38
#	0x79ef11	main.main+0x251							/home/andrey/go/src/github.com/gubsky90/spubtream/load/main.go:44
#	0x43ec5c	runtime.main+0x29c						/home/andrey/.gvm/gos/go1.22.2/src/runtime/proc.go:271

1: 1280 [1: 1280] @ 0x41136d 0x4110da 0x5bf805 0x5bf377 0x44d5c8 0x43ed10 0x43ec00 0x475e61
#	0x5bf804	crypto/tls.map.init.0+0x24	/home/andrey/.gvm/gos/go1.22.2/src/crypto/tls/alert.go:63
#	0x5bf376	crypto/tls.init+0x16		/home/andrey/.gvm/gos/go1.22.2/src/crypto/tls/alert.go:63
#	0x44d5c7	runtime.doInit1+0xe7		/home/andrey/.gvm/gos/go1.22.2/src/runtime/proc.go:7176
#	0x43ed0f	runtime.doInit+0x34f		/home/andrey/.gvm/gos/go1.22.2/src/runtime/proc.go:7143
#	0x43ebff	runtime.main+0x23f		/home/andrey/.gvm/gos/go1.22.2/src/runtime/proc.go:253

36: 864 [36: 864] @ 0x679c86 0x79fde5 0x79efcf 0x79ef12 0x43ec5d 0x475e61
#	0x679c85	github.com/gubsky90/spubtream.EncodeAll+0xc5			/home/andrey/go/src/github.com/gubsky90/spubtream/tag_coder.go:32
#	0x79fde4	github.com/gubsky90/spubtream.(*Stream[...]).Sub+0x44		/home/andrey/go/src/github.com/gubsky90/spubtream/sub.go:43
#	0x79efce	github.com/gubsky90/spubtream.(*Stream[...]).SubFunc+0x30e	/home/andrey/go/src/github.com/gubsky90/spubtream/sub.go:38
#	0x79ef11	main.main+0x251							/home/andrey/go/src/github.com/gubsky90/spubtream/load/main.go:44
#	0x43ec5c	runtime.main+0x29c						/home/andrey/.gvm/gos/go1.22.2/src/runtime/proc.go:271

10: 640 [10: 640] @ 0x7a0e89 0x7a0e18 0x7a0db0 0x79feb6 0x79efcf 0x79ef12 0x43ec5d 0x475e61
#	0x7a0e88	github.com/gubsky90/spubtream/index.(*Map[...]).Add+0x148	/home/andrey/go/src/github.com/gubsky90/spubtream/index/map.go:13
#	0x7a0e17	github.com/gubsky90/spubtream.(*Stream[...]).idle+0xd7		/home/andrey/go/src/github.com/gubsky90/spubtream/stream.go:123
#	0x7a0daf	github.com/gubsky90/spubtream.(*Stream[...]).enqSub+0x6f	/home/andrey/go/src/github.com/gubsky90/spubtream/stream.go:110
#	0x79feb5	github.com/gubsky90/spubtream.(*Stream[...]).Sub+0x115		/home/andrey/go/src/github.com/gubsky90/spubtream/sub.go:53
#	0x79efce	github.com/gubsky90/spubtream.(*Stream[...]).SubFunc+0x30e	/home/andrey/go/src/github.com/gubsky90/spubtream/sub.go:38
#	0x79ef11	main.main+0x251							/home/andrey/go/src/github.com/gubsky90/spubtream/load/main.go:44
#	0x43ec5c	runtime.main+0x29c						/home/andrey/.gvm/gos/go1.22.2/src/runtime/proc.go:271

22: 352 [22: 352] @ 0x79f125 0x43ec5d 0x475e61
#	0x79f124	main.main+0x464		/home/andrey/go/src/github.com/gubsky90/spubtream/load/main.go:44
#	0x43ec5c	runtime.main+0x29c	/home/andrey/.gvm/gos/go1.22.2/src/runtime/proc.go:271

1: 208 [4: 832] @ 0x410e17 0x415f8d 0x679d45 0x679cb7 0x79fde5 0x79efcf 0x79ef12 0x43ec5d 0x475e61
#	0x679d44	github.com/gubsky90/spubtream.encode+0x184			/home/andrey/go/src/github.com/gubsky90/spubtream/tag_coder.go:20
#	0x679cb6	github.com/gubsky90/spubtream.EncodeAll+0xf6			/home/andrey/go/src/github.com/gubsky90/spubtream/tag_coder.go:34
#	0x79fde4	github.com/gubsky90/spubtream.(*Stream[...]).Sub+0x44		/home/andrey/go/src/github.com/gubsky90/spubtream/sub.go:43
#	0x79efce	github.com/gubsky90/spubtream.(*Stream[...]).SubFunc+0x30e	/home/andrey/go/src/github.com/gubsky90/spubtream/sub.go:38
#	0x79ef11	main.main+0x251							/home/andrey/go/src/github.com/gubsky90/spubtream/load/main.go:44
#	0x43ec5c	runtime.main+0x29c						/home/andrey/.gvm/gos/go1.22.2/src/runtime/proc.go:271

3: 48 [20: 320] @ 0x4dbba6 0x79f105 0x43ec5d 0x475e61
#	0x4dbba5	fmt.Sprintf+0x65	/home/andrey/.gvm/gos/go1.22.2/src/fmt/print.go:240
#	0x79f104	main.main+0x444		/home/andrey/go/src/github.com/gubsky90/spubtream/load/main.go:51
#	0x43ec5c	runtime.main+0x29c	/home/andrey/.gvm/gos/go1.22.2/src/runtime/proc.go:271

1: 16 [34: 544] @ 0x79f0cd 0x43ec5d 0x475e61
#	0x79f0cc	main.main+0x40c		/home/andrey/go/src/github.com/gubsky90/spubtream/load/main.go:51
#	0x43ec5c	runtime.main+0x29c	/home/andrey/.gvm/gos/go1.22.2/src/runtime/proc.go:271

0: 0 [0: 0] @ 0x79f3bb 0x43ec5d 0x475e61
#	0x79f3ba	main.main+0x6fa		/home/andrey/go/src/github.com/gubsky90/spubtream/load/main.go:63
#	0x43ec5c	runtime.main+0x29c	/home/andrey/.gvm/gos/go1.22.2/src/runtime/proc.go:271

0: 0 [0: 0] @ 0x79f3bb 0x43ec5d 0x475e61
#	0x79f3ba	main.main+0x6fa		/home/andrey/go/src/github.com/gubsky90/spubtream/load/main.go:63
#	0x43ec5c	runtime.main+0x29c	/home/andrey/.gvm/gos/go1.22.2/src/runtime/proc.go:271

0: 0 [0: 0] @ 0x602753 0x60c6c6 0x60c687 0x794cb9 0x79a412 0x78f265 0x78eee5 0x78d26b 0x79dce5 0x79d565 0x79d33d 0x79de7e 0x64ed09 0x650b8d 0x651c8e 0x64d948 0x475e61
#	0x602752	compress/flate.(*compressor).init+0x432		/home/andrey/.gvm/gos/go1.22.2/src/compress/flate/deflate.go:586
#	0x60c6c5	compress/flate.NewWriter+0x2e5			/home/andrey/.gvm/gos/go1.22.2/src/compress/flate/deflate.go:667
#	0x60c686	compress/gzip.(*Writer).Write+0x2a6		/home/andrey/.gvm/gos/go1.22.2/src/compress/gzip/gzip.go:191
#	0x794cb8	runtime/pprof.(*profileBuilder).build+0x5b8	/home/andrey/.gvm/gos/go1.22.2/src/runtime/pprof/proto.go:390
#	0x79a411	runtime/pprof.writeHeapProto+0x5b1		/home/andrey/.gvm/gos/go1.22.2/src/runtime/pprof/protomem.go:65
#	0x78f264	runtime/pprof.writeHeapInternal+0x2e4		/home/andrey/.gvm/gos/go1.22.2/src/runtime/pprof/pprof.go:612
#	0x78eee4	runtime/pprof.writeHeap+0x24			/home/andrey/.gvm/gos/go1.22.2/src/runtime/pprof/pprof.go:572
#	0x78d26a	runtime/pprof.(*Profile).WriteTo+0x14a		/home/andrey/.gvm/gos/go1.22.2/src/runtime/pprof/pprof.go:369
#	0x79dce4	net/http/pprof.collectProfile+0x44		/home/andrey/.gvm/gos/go1.22.2/src/net/http/pprof/pprof.go:337
#	0x79d564	net/http/pprof.handler.serveDeltaProfile+0x144	/home/andrey/.gvm/gos/go1.22.2/src/net/http/pprof/pprof.go:290
#	0x79d33c	net/http/pprof.handler.ServeHTTP+0x4dc		/home/andrey/.gvm/gos/go1.22.2/src/net/http/pprof/pprof.go:253
#	0x79de7d	net/http/pprof.Index+0xdd			/home/andrey/.gvm/gos/go1.22.2/src/net/http/pprof/pprof.go:384
#	0x64ed08	net/http.HandlerFunc.ServeHTTP+0x28		/home/andrey/.gvm/gos/go1.22.2/src/net/http/server.go:2166
#	0x650b8c	net/http.(*ServeMux).ServeHTTP+0x1ac		/home/andrey/.gvm/gos/go1.22.2/src/net/http/server.go:2683
#	0x651c8d	net/http.serverHandler.ServeHTTP+0x8d		/home/andrey/.gvm/gos/go1.22.2/src/net/http/server.go:3137
#	0x64d947	net/http.(*conn).serve+0x5e7			/home/andrey/.gvm/gos/go1.22.2/src/net/http/server.go:2039

0: 0 [0: 0] @ 0x410e17 0x414908 0x7a182b 0x79f7a5 0x475e61
#	0x7a182a	github.com/gubsky90/spubtream.(*Stream[...]).Pub+0x2ca	/home/andrey/go/src/github.com/gubsky90/spubtream/pub.go:42
#	0x79f7a4	main.main.func3+0xa4					/home/andrey/go/src/github.com/gubsky90/spubtream/load/main.go:81

0: 0 [0: 0] @ 0x48dd88 0x7a19a5 0x7a19cb 0x79f7a5 0x475e61
#	0x48dd87	time.NewTimer+0x47					/home/andrey/.gvm/gos/go1.22.2/src/time/sleep.go:88
#	0x7a19a4	time.After+0x444					/home/andrey/.gvm/gos/go1.22.2/src/time/sleep.go:157
#	0x7a19ca	github.com/gubsky90/spubtream.(*Stream[...]).Pub+0x46a	/home/andrey/go/src/github.com/gubsky90/spubtream/pub.go:28
#	0x79f7a4	main.main.func3+0xa4					/home/andrey/go/src/github.com/gubsky90/spubtream/load/main.go:81

0: 0 [0: 0] @ 0x7a1865 0x79f7a5 0x475e61
#	0x7a1864	github.com/gubsky90/spubtream.(*Stream[...]).Pub+0x304	/home/andrey/go/src/github.com/gubsky90/spubtream/pub.go:42
#	0x79f7a4	main.main.func3+0xa4					/home/andrey/go/src/github.com/gubsky90/spubtream/load/main.go:81

0: 0 [0: 0] @ 0x602878 0x602802 0x60c6c6 0x60c687 0x5f54d5 0x743aa5 0x743474 0x73e9bb 0x744c07 0x7656ed 0x64ed09 0x7662ab 0x64ed09 0x7670a3 0x64ed09 0x650b8d 0x651c8e 0x64d948 0x475e61
#	0x602877	compress/flate.(*compressor).initDeflate+0x557										/home/andrey/.gvm/gos/go1.22.2/src/compress/flate/deflate.go:371
#	0x602801	compress/flate.(*compressor).init+0x4e1											/home/andrey/.gvm/gos/go1.22.2/src/compress/flate/deflate.go:592
#	0x60c6c5	compress/flate.NewWriter+0x2e5												/home/andrey/.gvm/gos/go1.22.2/src/compress/flate/deflate.go:667
#	0x60c686	compress/gzip.(*Writer).Write+0x2a6											/home/andrey/.gvm/gos/go1.22.2/src/compress/gzip/gzip.go:191
#	0x5f54d4	bufio.(*Writer).Flush+0x54												/home/andrey/.gvm/gos/go1.22.2/src/bufio/bufio.go:639
#	0x743aa4	github.com/prometheus/common/expfmt.MetricFamilyToText.func1+0x24							/home/andrey/go/pkg/mod/github.com/prometheus/common@v0.62.0/expfmt/text_create.go:96
#	0x743473	github.com/prometheus/common/expfmt.MetricFamilyToText+0xf53								/home/andrey/go/pkg/mod/github.com/prometheus/common@v0.62.0/expfmt/text_create.go:280
#	0x73e9ba	github.com/prometheus/common/expfmt.NewEncoder.func7+0x3a								/home/andrey/go/pkg/mod/github.com/prometheus/common@v0.62.0/expfmt/encode.go:180
#	0x744c06	github.com/prometheus/common/expfmt.encoderCloser.Encode+0x26								/home/andrey/go/pkg/mod/github.com/prometheus/common@v0.62.0/expfmt/encode.go:53
#	0x7656ec	github.com/prometheus/client_golang/prometheus/promhttp.HandlerForTransactional.func1+0xb4c				/home/andrey/go/pkg/mod/github.com/prometheus/client_golang@v1.22.0/prometheus/promhttp/http.go:249
#	0x64ed08	net/http.HandlerFunc.ServeHTTP+0x28											/home/andrey/.gvm/gos/go1.22.2/src/net/http/server.go:2166
#	0x7662aa	github.com/prometheus/client_golang/prometheus/promhttp.InstrumentMetricHandler.InstrumentHandlerInFlight.func1+0xca	/home/andrey/go/pkg/mod/github.com/prometheus/client_golang@v1.22.0/prometheus/promhttp/instrument_server.go:60
#	0x64ed08	net/http.HandlerFunc.ServeHTTP+0x28											/home/andrey/.gvm/gos/go1.22.2/src/net/http/server.go:2166
#	0x7670a2	github.com/prometheus/client_golang/prometheus/promhttp.InstrumentHandlerCounter.func1+0xc2				/home/andrey/go/pkg/mod/github.com/prometheus/client_golang@v1.22.0/prometheus/promhttp/instrument_server.go:147
#	0x64ed08	net/http.HandlerFunc.ServeHTTP+0x28											/home/andrey/.gvm/gos/go1.22.2/src/net/http/server.go:2166
#	0x650b8c	net/http.(*ServeMux).ServeHTTP+0x1ac											/home/andrey/.gvm/gos/go1.22.2/src/net/http/server.go:2683
#	0x651c8d	net/http.serverHandler.ServeHTTP+0x8d											/home/andrey/.gvm/gos/go1.22.2/src/net/http/server.go:3137
#	0x64d947	net/http.(*conn).serve+0x5e7												/home/andrey/.gvm/gos/go1.22.2/src/net/http/server.go:2039

0: 0 [0: 0] @ 0x60c6ad 0x60c687 0x5f54d5 0x743aa5 0x743474 0x73e9bb 0x744c07 0x7656ed 0x64ed09 0x7662ab 0x64ed09 0x7670a3 0x64ed09 0x650b8d 0x651c8e 0x64d948 0x475e61
#	0x60c6ac	compress/flate.NewWriter+0x2cc												/home/andrey/.gvm/gos/go1.22.2/src/compress/flate/deflate.go:666
#	0x60c686	compress/gzip.(*Writer).Write+0x2a6											/home/andrey/.gvm/gos/go1.22.2/src/compress/gzip/gzip.go:191
#	0x5f54d4	bufio.(*Writer).Flush+0x54												/home/andrey/.gvm/gos/go1.22.2/src/bufio/bufio.go:639
#	0x743aa4	github.com/prometheus/common/expfmt.MetricFamilyToText.func1+0x24							/home/andrey/go/pkg/mod/github.com/prometheus/common@v0.62.0/expfmt/text_create.go:96
#	0x743473	github.com/prometheus/common/expfmt.MetricFamilyToText+0xf53								/home/andrey/go/pkg/mod/github.com/prometheus/common@v0.62.0/expfmt/text_create.go:280
#	0x73e9ba	github.com/prometheus/common/expfmt.NewEncoder.func7+0x3a								/home/andrey/go/pkg/mod/github.com/prometheus/common@v0.62.0/expfmt/encode.go:180
#	0x744c06	github.com/prometheus/common/expfmt.encoderCloser.Encode+0x26								/home/andrey/go/pkg/mod/github.com/prometheus/common@v0.62.0/expfmt/encode.go:53
#	0x7656ec	github.com/prometheus/client_golang/prometheus/promhttp.HandlerForTransactional.func1+0xb4c				/home/andrey/go/pkg/mod/github.com/prometheus/client_golang@v1.22.0/prometheus/promhttp/http.go:249
#	0x64ed08	net/http.HandlerFunc.ServeHTTP+0x28											/home/andrey/.gvm/gos/go1.22.2/src/net/http/server.go:2166
#	0x7662aa	github.com/prometheus/client_golang/prometheus/promhttp.InstrumentMetricHandler.InstrumentHandlerInFlight.func1+0xca	/home/andrey/go/pkg/mod/github.com/prometheus/client_golang@v1.22.0/prometheus/promhttp/instrument_server.go:60
#	0x64ed08	net/http.HandlerFunc.ServeHTTP+0x28											/home/andrey/.gvm/gos/go1.22.2/src/net/http/server.go:2166
#	0x7670a2	github.com/prometheus/client_golang/prometheus/promhttp.InstrumentHandlerCounter.func1+0xc2				/home/andrey/go/pkg/mod/github.com/prometheus/client_golang@v1.22.0/prometheus/promhttp/instrument_server.go:147
#	0x64ed08	net/http.HandlerFunc.ServeHTTP+0x28											/home/andrey/.gvm/gos/go1.22.2/src/net/http/server.go:2166
#	0x650b8c	net/http.(*ServeMux).ServeHTTP+0x1ac											/home/andrey/.gvm/gos/go1.22.2/src/net/http/server.go:2683
#	0x651c8d	net/http.serverHandler.ServeHTTP+0x8d											/home/andrey/.gvm/gos/go1.22.2/src/net/http/server.go:3137
#	0x64d947	net/http.(*conn).serve+0x5e7												/home/andrey/.gvm/gos/go1.22.2/src/net/http/server.go:2039

0: 0 [0: 0] @ 0x407c6c 0x48dd68 0x7a19a5 0x7a19cb 0x79f7a5 0x475e61
#	0x48dd67	time.NewTimer+0x27					/home/andrey/.gvm/gos/go1.22.2/src/time/sleep.go:87
#	0x7a19a4	time.After+0x444					/home/andrey/.gvm/gos/go1.22.2/src/time/sleep.go:157
#	0x7a19ca	github.com/gubsky90/spubtream.(*Stream[...]).Pub+0x46a	/home/andrey/go/src/github.com/gubsky90/spubtream/pub.go:28
#	0x79f7a4	main.main.func3+0xa4					/home/andrey/go/src/github.com/gubsky90/spubtream/load/main.go:81

0: 0 [0: 0] @ 0x7a16d6 0x79f7a5 0x475e61
#	0x7a16d5	github.com/gubsky90/spubtream.(*Stream[...]).Pub+0x175	/home/andrey/go/src/github.com/gubsky90/spubtream/pub.go:38
#	0x79f7a4	main.main.func3+0xa4					/home/andrey/go/src/github.com/gubsky90/spubtream/load/main.go:81

0: 0 [0: 0] @ 0x7a16d6 0x79f7a5 0x475e61
#	0x7a16d5	github.com/gubsky90/spubtream.(*Stream[...]).Pub+0x175	/home/andrey/go/src/github.com/gubsky90/spubtream/pub.go:38
#	0x79f7a4	main.main.func3+0xa4					/home/andrey/go/src/github.com/gubsky90/spubtream/load/main.go:81

0: 0 [0: 0] @ 0x41136d 0x412d8f 0x414799 0x7a182b 0x79f7a5 0x475e61
#	0x7a182a	github.com/gubsky90/spubtream.(*Stream[...]).Pub+0x2ca	/home/andrey/go/src/github.com/gubsky90/spubtream/pub.go:42
#	0x79f7a4	main.main.func3+0xa4					/home/andrey/go/src/github.com/gubsky90/spubtream/load/main.go:81

0: 0 [0: 0] @ 0x7a1149 0x79fb39 0x7a1bff 0x7a17c5 0x79f7a5 0x475e61
#	0x7a1148	github.com/gubsky90/spubtream.(*Stream[...]).enqReady+0x208	/home/andrey/go/src/github.com/gubsky90/spubtream/stream.go:103
#	0x79fb38	github.com/gubsky90/spubtream.(*Stream[...]).Pub.func1+0x38	/home/andrey/go/src/github.com/gubsky90/spubtream/pub.go:49
#	0x7a1bfe	github.com/gubsky90/spubtream/index.(*Map[...]).Scan+0x5e	/home/andrey/go/src/github.com/gubsky90/spubtream/index/map.go:26
#	0x7a17c4	github.com/gubsky90/spubtream.(*Stream[...]).Pub+0x264		/home/andrey/go/src/github.com/gubsky90/spubtream/pub.go:44
#	0x79f7a4	main.main.func3+0xa4						/home/andrey/go/src/github.com/gubsky90/spubtream/load/main.go:81

0: 0 [0: 0] @ 0x41136d 0x412d8f 0x414ab9 0x7a12c5 0x475e61
#	0x7a12c4	github.com/gubsky90/spubtream.(*Stream[...]).worker+0xe4	/home/andrey/go/src/github.com/gubsky90/spubtream/stream.go:66

0: 0 [0: 0] @ 0x7a10a5 0x7a0f66 0x79fb39 0x7a1bff 0x7a17c5 0x79f7a5 0x475e61
#	0x7a10a4	github.com/gubsky90/spubtream.(*Q[...]).Enq+0x164		/home/andrey/go/src/github.com/gubsky90/spubtream/q.go:17
#	0x7a0f65	github.com/gubsky90/spubtream.(*Stream[...]).enqReady+0x25	/home/andrey/go/src/github.com/gubsky90/spubtream/stream.go:99
#	0x79fb38	github.com/gubsky90/spubtream.(*Stream[...]).Pub.func1+0x38	/home/andrey/go/src/github.com/gubsky90/spubtream/pub.go:49
#	0x7a1bfe	github.com/gubsky90/spubtream/index.(*Map[...]).Scan+0x5e	/home/andrey/go/src/github.com/gubsky90/spubtream/index/map.go:26
#	0x7a17c4	github.com/gubsky90/spubtream.(*Stream[...]).Pub+0x264		/home/andrey/go/src/github.com/gubsky90/spubtream/pub.go:44
#	0x79f7a4	main.main.func3+0xa4						/home/andrey/go/src/github.com/gubsky90/spubtream/load/main.go:81

0: 0 [0: 0] @ 0x7a10a5 0x7a0f66 0x79fb39 0x7a1bff 0x7a17c5 0x79f7a5 0x475e61
#	0x7a10a4	github.com/gubsky90/spubtream.(*Q[...]).Enq+0x164		/home/andrey/go/src/github.com/gubsky90/spubtream/q.go:17
#	0x7a0f65	github.com/gubsky90/spubtream.(*Stream[...]).enqReady+0x25	/home/andrey/go/src/github.com/gubsky90/spubtream/stream.go:99
#	0x79fb38	github.com/gubsky90/spubtream.(*Stream[...]).Pub.func1+0x38	/home/andrey/go/src/github.com/gubsky90/spubtream/pub.go:49
#	0x7a1bfe	github.com/gubsky90/spubtream/index.(*Map[...]).Scan+0x5e	/home/andrey/go/src/github.com/gubsky90/spubtream/index/map.go:26
#	0x7a17c4	github.com/gubsky90/spubtream.(*Stream[...]).Pub+0x264		/home/andrey/go/src/github.com/gubsky90/spubtream/pub.go:44
#	0x79f7a4	main.main.func3+0xa4						/home/andrey/go/src/github.com/gubsky90/spubtream/load/main.go:81

0: 0 [0: 0] @ 0x7a10a5 0x7a0f66 0x79fb39 0x7a1bff 0x7a17c5 0x79f7a5 0x475e61
#	0x7a10a4	github.com/gubsky90/spubtream.(*Q[...]).Enq+0x164		/home/andrey/go/src/github.com/gubsky90/spubtream/q.go:17
#	0x7a0f65	github.com/gubsky90/spubtream.(*Stream[...]).enqReady+0x25	/home/andrey/go/src/github.com/gubsky90/spubtream/stream.go:99
#	0x79fb38	github.com/gubsky90/spubtream.(*Stream[...]).Pub.func1+0x38	/home/andrey/go/src/github.com/gubsky90/spubtream/pub.go:49
#	0x7a1bfe	github.com/gubsky90/spubtream/index.(*Map[...]).Scan+0x5e	/home/andrey/go/src/github.com/gubsky90/spubtream/index/map.go:26
#	0x7a17c4	github.com/gubsky90/spubtream.(*Stream[...]).Pub+0x264		/home/andrey/go/src/github.com/gubsky90/spubtream/pub.go:44
#	0x79f7a4	main.main.func3+0xa4						/home/andrey/go/src/github.com/gubsky90/spubtream/load/main.go:81

0: 0 [0: 0] @ 0x7a10a5 0x7a0f66 0x79fb39 0x7a1bff 0x7a17c5 0x79f7a5 0x475e61
#	0x7a10a4	github.com/gubsky90/spubtream.(*Q[...]).Enq+0x164		/home/andrey/go/src/github.com/gubsky90/spubtream/q.go:17
#	0x7a0f65	github.com/gubsky90/spubtream.(*Stream[...]).enqReady+0x25	/home/andrey/go/src/github.com/gubsky90/spubtream/stream.go:99
#	0x79fb38	github.com/gubsky90/spubtream.(*Stream[...]).Pub.func1+0x38	/home/andrey/go/src/github.com/gubsky90/spubtream/pub.go:49
#	0x7a1bfe	github.com/gubsky90/spubtream/index.(*Map[...]).Scan+0x5e	/home/andrey/go/src/github.com/gubsky90/spubtream/index/map.go:26
#	0x7a17c4	github.com/gubsky90/spubtream.(*Stream[...]).Pub+0x264		/home/andrey/go/src/github.com/gubsky90/spubtream/pub.go:44
#	0x79f7a4	main.main.func3+0xa4						/home/andrey/go/src/github.com/gubsky90/spubtream/load/main.go:81

0: 0 [0: 0] @ 0x7a10a5 0x7a0f66 0x79fb39 0x7a1bff 0x7a17c5 0x79f7a5 0x475e61
#	0x7a10a4	github.com/gubsky90/spubtream.(*Q[...]).Enq+0x164		/home/andrey/go/src/github.com/gubsky90/spubtream/q.go:17
#	0x7a0f65	github.com/gubsky90/spubtream.(*Stream[...]).enqReady+0x25	/home/andrey/go/src/github.com/gubsky90/spubtream/stream.go:99
#	0x79fb38	github.com/gubsky90/spubtream.(*Stream[...]).Pub.func1+0x38	/home/andrey/go/src/github.com/gubsky90/spubtream/pub.go:49
#	0x7a1bfe	github.com/gubsky90/spubtream/index.(*Map[...]).Scan+0x5e	/home/andrey/go/src/github.com/gubsky90/spubtream/index/map.go:26
#	0x7a17c4	github.com/gubsky90/spubtream.(*Stream[...]).Pub+0x264		/home/andrey/go/src/github.com/gubsky90/spubtream/pub.go:44
#	0x79f7a4	main.main.func3+0xa4						/home/andrey/go/src/github.com/gubsky90/spubtream/load/main.go:81

0: 0 [0: 0] @ 0x7a10a5 0x7a0f66 0x79fb39 0x7a1bff 0x7a17c5 0x79f7a5 0x475e61
#	0x7a10a4	github.com/gubsky90/spubtream.(*Q[...]).Enq+0x164		/home/andrey/go/src/github.com/gubsky90/spubtream/q.go:17
#	0x7a0f65	github.com/gubsky90/spubtream.(*Stream[...]).enqReady+0x25	/home/andrey/go/src/github.com/gubsky90/spubtream/stream.go:99
#	0x79fb38	github.com/gubsky90/spubtream.(*Stream[...]).Pub.func1+0x38	/home/andrey/go/src/github.com/gubsky90/spubtream/pub.go:49
#	0x7a1bfe	github.com/gubsky90/spubtream/index.(*Map[...]).Scan+0x5e	/home/andrey/go/src/github.com/gubsky90/spubtream/index/map.go:26
#	0x7a17c4	github.com/gubsky90/spubtream.(*Stream[...]).Pub+0x264		/home/andrey/go/src/github.com/gubsky90/spubtream/pub.go:44
#	0x79f7a4	main.main.func3+0xa4						/home/andrey/go/src/github.com/gubsky90/spubtream/load/main.go:81

0: 0 [0: 0] @ 0x7a10a5 0x7a0f66 0x79fb39 0x7a1bff 0x7a17c5 0x79f7a5 0x475e61
#	0x7a10a4	github.com/gubsky90/spubtream.(*Q[...]).Enq+0x164		/home/andrey/go/src/github.com/gubsky90/spubtream/q.go:17
#	0x7a0f65	github.com/gubsky90/spubtream.(*Stream[...]).enqReady+0x25	/home/andrey/go/src/github.com/gubsky90/spubtream/stream.go:99
#	0x79fb38	github.com/gubsky90/spubtream.(*Stream[...]).Pub.func1+0x38	/home/andrey/go/src/github.com/gubsky90/spubtream/pub.go:49
#	0x7a1bfe	github.com/gubsky90/spubtream/index.(*Map[...]).Scan+0x5e	/home/andrey/go/src/github.com/gubsky90/spubtream/index/map.go:26
#	0x7a17c4	github.com/gubsky90/spubtream.(*Stream[...]).Pub+0x264		/home/andrey/go/src/github.com/gubsky90/spubtream/pub.go:44
#	0x79f7a4	main.main.func3+0xa4						/home/andrey/go/src/github.com/gubsky90/spubtream/load/main.go:81

0: 0 [0: 0] @ 0x7a10a5 0x7a0f66 0x79fb39 0x7a1bff 0x7a17c5 0x79f7a5 0x475e61
#	0x7a10a4	github.com/gubsky90/spubtream.(*Q[...]).Enq+0x164		/home/andrey/go/src/github.com/gubsky90/spubtream/q.go:17
#	0x7a0f65	github.com/gubsky90/spubtream.(*Stream[...]).enqReady+0x25	/home/andrey/go/src/github.com/gubsky90/spubtream/stream.go:99
#	0x79fb38	github.com/gubsky90/spubtream.(*Stream[...]).Pub.func1+0x38	/home/andrey/go/src/github.com/gubsky90/spubtream/pub.go:49
#	0x7a1bfe	github.com/gubsky90/spubtream/index.(*Map[...]).Scan+0x5e	/home/andrey/go/src/github.com/gubsky90/spubtream/index/map.go:26
#	0x7a17c4	github.com/gubsky90/spubtream.(*Stream[...]).Pub+0x264		/home/andrey/go/src/github.com/gubsky90/spubtream/pub.go:44
#	0x79f7a4	main.main.func3+0xa4						/home/andrey/go/src/github.com/gubsky90/spubtream/load/main.go:81

0: 0 [0: 0] @ 0x7a10a5 0x7a0f66 0x79fb39 0x7a1bff 0x7a17c5 0x79f7a5 0x475e61
#	0x7a10a4	github.com/gubsky90/spubtream.(*Q[...]).Enq+0x164		/home/andrey/go/src/github.com/gubsky90/spubtream/q.go:17
#	0x7a0f65	github.com/gubsky90/spubtream.(*Stream[...]).enqReady+0x25	/home/andrey/go/src/github.com/gubsky90/spubtream/stream.go:99
#	0x79fb38	github.com/gubsky90/spubtream.(*Stream[...]).Pub.func1+0x38	/home/andrey/go/src/github.com/gubsky90/spubtream/pub.go:49
#	0x7a1bfe	github.com/gubsky90/spubtream/index.(*Map[...]).Scan+0x5e	/home/andrey/go/src/github.com/gubsky90/spubtream/index/map.go:26
#	0x7a17c4	github.com/gubsky90/spubtream.(*Stream[...]).Pub+0x264		/home/andrey/go/src/github.com/gubsky90/spubtream/pub.go:44
#	0x79f7a4	main.main.func3+0xa4						/home/andrey/go/src/github.com/gubsky90/spubtream/load/main.go:81

0: 0 [0: 0] @ 0x7a10a5 0x7a0f66 0x79fb39 0x7a1bff 0x7a17c5 0x79f7a5 0x475e61
#	0x7a10a4	github.com/gubsky90/spubtream.(*Q[...]).Enq+0x164		/home/andrey/go/src/github.com/gubsky90/spubtream/q.go:17
#	0x7a0f65	github.com/gubsky90/spubtream.(*Stream[...]).enqReady+0x25	/home/andrey/go/src/github.com/gubsky90/spubtream/stream.go:99
#	0x79fb38	github.com/gubsky90/spubtream.(*Stream[...]).Pub.func1+0x38	/home/andrey/go/src/github.com/gubsky90/spubtream/pub.go:49
#	0x7a1bfe	github.com/gubsky90/spubtream/index.(*Map[...]).Scan+0x5e	/home/andrey/go/src/github.com/gubsky90/spubtream/index/map.go:26
#	0x7a17c4	github.com/gubsky90/spubtream.(*Stream[...]).Pub+0x264		/home/andrey/go/src/github.com/gubsky90/spubtream/pub.go:44
#	0x79f7a4	main.main.func3+0xa4						/home/andrey/go/src/github.com/gubsky90/spubtream/load/main.go:81

0: 0 [0: 0] @ 0x7a10a5 0x7a0f66 0x79fb39 0x7a1bff 0x7a17c5 0x79f7a5 0x475e61
#	0x7a10a4	github.com/gubsky90/spubtream.(*Q[...]).Enq+0x164		/home/andrey/go/src/github.com/gubsky90/spubtream/q.go:17
#	0x7a0f65	github.com/gubsky90/spubtream.(*Stream[...]).enqReady+0x25	/home/andrey/go/src/github.com/gubsky90/spubtream/stream.go:99
#	0x79fb38	github.com/gubsky90/spubtream.(*Stream[...]).Pub.func1+0x38	/home/andrey/go/src/github.com/gubsky90/spubtream/pub.go:49
#	0x7a1bfe	github.com/gubsky90/spubtream/index.(*Map[...]).Scan+0x5e	/home/andrey/go/src/github.com/gubsky90/spubtream/index/map.go:26
#	0x7a17c4	github.com/gubsky90/spubtream.(*Stream[...]).Pub+0x264		/home/andrey/go/src/github.com/gubsky90/spubtream/pub.go:44
#	0x79f7a4	main.main.func3+0xa4						/home/andrey/go/src/github.com/gubsky90/spubtream/load/main.go:81

0: 0 [0: 0] @ 0x7a10a5 0x7a0f66 0x79fb39 0x7a1bff 0x7a17c5 0x79f7a5 0x475e61
#	0x7a10a4	github.com/gubsky90/spubtream.(*Q[...]).Enq+0x164		/home/andrey/go/src/github.com/gubsky90/spubtream/q.go:17
#	0x7a0f65	github.com/gubsky90/spubtream.(*Stream[...]).enqReady+0x25	/home/andrey/go/src/github.com/gubsky90/spubtream/stream.go:99
#	0x79fb38	github.com/gubsky90/spubtream.(*Stream[...]).Pub.func1+0x38	/home/andrey/go/src/github.com/gubsky90/spubtream/pub.go:49
#	0x7a1bfe	github.com/gubsky90/spubtream/index.(*Map[...]).Scan+0x5e	/home/andrey/go/src/github.com/gubsky90/spubtream/index/map.go:26
#	0x7a17c4	github.com/gubsky90/spubtream.(*Stream[...]).Pub+0x264		/home/andrey/go/src/github.com/gubsky90/spubtream/pub.go:44
#	0x79f7a4	main.main.func3+0xa4						/home/andrey/go/src/github.com/gubsky90/spubtream/load/main.go:81

0: 0 [0: 0] @ 0x7a10a5 0x7a0f66 0x79fb39 0x7a1bff 0x7a17c5 0x79f7a5 0x475e61
#	0x7a10a4	github.com/gubsky90/spubtream.(*Q[...]).Enq+0x164		/home/andrey/go/src/github.com/gubsky90/spubtream/q.go:17
#	0x7a0f65	github.com/gubsky90/spubtream.(*Stream[...]).enqReady+0x25	/home/andrey/go/src/github.com/gubsky90/spubtream/stream.go:99
#	0x79fb38	github.com/gubsky90/spubtream.(*Stream[...]).Pub.func1+0x38	/home/andrey/go/src/github.com/gubsky90/spubtream/pub.go:49
#	0x7a1bfe	github.com/gubsky90/spubtream/index.(*Map[...]).Scan+0x5e	/home/andrey/go/src/github.com/gubsky90/spubtream/index/map.go:26
#	0x7a17c4	github.com/gubsky90/spubtream.(*Stream[...]).Pub+0x264		/home/andrey/go/src/github.com/gubsky90/spubtream/pub.go:44
#	0x79f7a4	main.main.func3+0xa4						/home/andrey/go/src/github.com/gubsky90/spubtream/load/main.go:81

0: 0 [0: 0] @ 0x43fac9 0x44888f 0x4487bf 0x473eaa
#	0x43fac8	runtime.allgadd+0x68		/home/andrey/.gvm/gos/go1.22.2/src/runtime/proc.go:624
#	0x44888e	runtime.newproc1+0x8e		/home/andrey/.gvm/gos/go1.22.2/src/runtime/proc.go:4903
#	0x4487be	runtime.newproc.func1+0x1e	/home/andrey/.gvm/gos/go1.22.2/src/runtime/proc.go:4878
#	0x473ea9	runtime.systemstack+0x49	/home/andrey/.gvm/gos/go1.22.2/src/runtime/asm_amd64.s:509

0: 0 [0: 0] @ 0x7a10a5 0x7a0f66 0x79fb39 0x7a1bff 0x7a17c5 0x79f7a5 0x475e61
#	0x7a10a4	github.com/gubsky90/spubtream.(*Q[...]).Enq+0x164		/home/andrey/go/src/github.com/gubsky90/spubtream/q.go:17
#	0x7a0f65	github.com/gubsky90/spubtream.(*Stream[...]).enqReady+0x25	/home/andrey/go/src/github.com/gubsky90/spubtream/stream.go:99
#	0x79fb38	github.com/gubsky90/spubtream.(*Stream[...]).Pub.func1+0x38	/home/andrey/go/src/github.com/gubsky90/spubtream/pub.go:49
#	0x7a1bfe	github.com/gubsky90/spubtream/index.(*Map[...]).Scan+0x5e	/home/andrey/go/src/github.com/gubsky90/spubtream/index/map.go:26
#	0x7a17c4	github.com/gubsky90/spubtream.(*Stream[...]).Pub+0x264		/home/andrey/go/src/github.com/gubsky90/spubtream/pub.go:44
#	0x79f7a4	main.main.func3+0xa4						/home/andrey/go/src/github.com/gubsky90/spubtream/load/main.go:81

0: 0 [0: 0] @ 0x448625 0x44886f 0x4487bf 0x473eaa
#	0x448624	runtime.malg+0x24		/home/andrey/.gvm/gos/go1.22.2/src/runtime/proc.go:4856
#	0x44886e	runtime.newproc1+0x6e		/home/andrey/.gvm/gos/go1.22.2/src/runtime/proc.go:4901
#	0x4487be	runtime.newproc.func1+0x1e	/home/andrey/.gvm/gos/go1.22.2/src/runtime/proc.go:4878
#	0x473ea9	runtime.systemstack+0x49	/home/andrey/.gvm/gos/go1.22.2/src/runtime/asm_amd64.s:509

0: 0 [0: 0] @ 0x43f349 0x451c97 0x472145 0x47f0fd 0x7a1233 0x7a120b 0x475e61
#	0x472144	sync.runtime_SemacquireMutex+0x24				/home/andrey/.gvm/gos/go1.22.2/src/runtime/sema.go:77
#	0x47f0fc	sync.(*Mutex).lockSlow+0x15c					/home/andrey/.gvm/gos/go1.22.2/src/sync/mutex.go:171
#	0x7a1232	sync.(*Mutex).Lock+0x52						/home/andrey/.gvm/gos/go1.22.2/src/sync/mutex.go:90
#	0x7a120a	github.com/gubsky90/spubtream.(*Stream[...]).worker+0x2a	/home/andrey/go/src/github.com/gubsky90/spubtream/stream.go:46

0: 0 [0: 0] @ 0x79f4aa 0x43ec5d 0x475e61
#	0x79f4a9	main.main+0x7e9		/home/andrey/go/src/github.com/gubsky90/spubtream/load/main.go:71
#	0x43ec5c	runtime.main+0x29c	/home/andrey/.gvm/gos/go1.22.2/src/runtime/proc.go:271

0: 0 [0: 0] @ 0x79f496 0x43ec5d 0x475e61
#	0x79f495	main.main+0x7d5		/home/andrey/go/src/github.com/gubsky90/spubtream/load/main.go:71
#	0x43ec5c	runtime.main+0x29c	/home/andrey/.gvm/gos/go1.22.2/src/runtime/proc.go:271

0: 0 [0: 0] @ 0x79f419 0x43ec5d 0x475e61
#	0x79f418	main.main+0x758		/home/andrey/go/src/github.com/gubsky90/spubtream/load/main.go:69
#	0x43ec5c	runtime.main+0x29c	/home/andrey/.gvm/gos/go1.22.2/src/runtime/proc.go:271

0: 0 [0: 0] @ 0x60c6ad 0x60c687 0x794cb9 0x79a412 0x78f265 0x78eee5 0x78d26b 0x79dce5 0x79d745 0x79d33d 0x79de7e 0x64ed09 0x650b8d 0x651c8e 0x64d948 0x475e61
#	0x60c6ac	compress/flate.NewWriter+0x2cc			/home/andrey/.gvm/gos/go1.22.2/src/compress/flate/deflate.go:666
#	0x60c686	compress/gzip.(*Writer).Write+0x2a6		/home/andrey/.gvm/gos/go1.22.2/src/compress/gzip/gzip.go:191
#	0x794cb8	runtime/pprof.(*profileBuilder).build+0x5b8	/home/andrey/.gvm/gos/go1.22.2/src/runtime/pprof/proto.go:390
#	0x79a411	runtime/pprof.writeHeapProto+0x5b1		/home/andrey/.gvm/gos/go1.22.2/src/runtime/pprof/protomem.go:65
#	0x78f264	runtime/pprof.writeHeapInternal+0x2e4		/home/andrey/.gvm/gos/go1.22.2/src/runtime/pprof/pprof.go:612
#	0x78eee4	runtime/pprof.writeHeap+0x24			/home/andrey/.gvm/gos/go1.22.2/src/runtime/pprof/pprof.go:572
#	0x78d26a	runtime/pprof.(*Profile).WriteTo+0x14a		/home/andrey/.gvm/gos/go1.22.2/src/runtime/pprof/pprof.go:369
#	0x79dce4	net/http/pprof.collectProfile+0x44		/home/andrey/.gvm/gos/go1.22.2/src/net/http/pprof/pprof.go:337
#	0x79d744	net/http/pprof.handler.serveDeltaProfile+0x324	/home/andrey/.gvm/gos/go1.22.2/src/net/http/pprof/pprof.go:311
#	0x79d33c	net/http/pprof.handler.ServeHTTP+0x4dc		/home/andrey/.gvm/gos/go1.22.2/src/net/http/pprof/pprof.go:253
#	0x79de7d	net/http/pprof.Index+0xdd			/home/andrey/.gvm/gos/go1.22.2/src/net/http/pprof/pprof.go:384
#	0x64ed08	net/http.HandlerFunc.ServeHTTP+0x28		/home/andrey/.gvm/gos/go1.22.2/src/net/http/server.go:2166
#	0x650b8c	net/http.(*ServeMux).ServeHTTP+0x1ac		/home/andrey/.gvm/gos/go1.22.2/src/net/http/server.go:2683
#	0x651c8d	net/http.serverHandler.ServeHTTP+0x8d		/home/andrey/.gvm/gos/go1.22.2/src/net/http/server.go:3137
#	0x64d947	net/http.(*conn).serve+0x5e7			/home/andrey/.gvm/gos/go1.22.2/src/net/http/server.go:2039

0: 0 [0: 0] @ 0x79f3bb 0x43ec5d 0x475e61
#	0x79f3ba	main.main+0x6fa		/home/andrey/go/src/github.com/gubsky90/spubtream/load/main.go:63
#	0x43ec5c	runtime.main+0x29c	/home/andrey/.gvm/gos/go1.22.2/src/runtime/proc.go:271

0: 0 [0: 0] @ 0x79f3bb 0x43ec5d 0x475e61
#	0x79f3ba	main.main+0x6fa		/home/andrey/go/src/github.com/gubsky90/spubtream/load/main.go:63
#	0x43ec5c	runtime.main+0x29c	/home/andrey/.gvm/gos/go1.22.2/src/runtime/proc.go:271

0: 0 [0: 0] @ 0x79f3bb 0x43ec5d 0x475e61
#	0x79f3ba	main.main+0x6fa		/home/andrey/go/src/github.com/gubsky90/spubtream/load/main.go:63
#	0x43ec5c	runtime.main+0x29c	/home/andrey/.gvm/gos/go1.22.2/src/runtime/proc.go:271

0: 0 [0: 0] @ 0x79f3bb 0x43ec5d 0x475e61
#	0x79f3ba	main.main+0x6fa		/home/andrey/go/src/github.com/gubsky90/spubtream/load/main.go:63
#	0x43ec5c	runtime.main+0x29c	/home/andrey/.gvm/gos/go1.22.2/src/runtime/proc.go:271

0: 0 [0: 0] @ 0x4dbba6 0x79f370 0x43ec5d 0x475e61
#	0x4dbba5	fmt.Sprintf+0x65	/home/andrey/.gvm/gos/go1.22.2/src/fmt/print.go:240
#	0x79f36f	main.main+0x6af		/home/andrey/go/src/github.com/gubsky90/spubtream/load/main.go:63
#	0x43ec5c	runtime.main+0x29c	/home/andrey/.gvm/gos/go1.22.2/src/runtime/proc.go:271

0: 0 [0: 0] @ 0x79f3bb 0x43ec5d 0x475e61
#	0x79f3ba	main.main+0x6fa		/home/andrey/go/src/github.com/gubsky90/spubtream/load/main.go:63
#	0x43ec5c	runtime.main+0x29c	/home/andrey/.gvm/gos/go1.22.2/src/runtime/proc.go:271

0: 0 [0: 0] @ 0x4cb6b2 0x784248 0x79dd4d 0x79d565 0x79d33d 0x79de7e 0x64ed09 0x650b8d 0x651c8e 0x64d948 0x475e61
#	0x4cb6b1	io.ReadAll+0xd1					/home/andrey/.gvm/gos/go1.22.2/src/io/io.go:723
#	0x784247	internal/profile.Parse+0x147			/home/andrey/.gvm/gos/go1.22.2/src/internal/profile/profile.go:138
#	0x79dd4c	net/http/pprof.collectProfile+0xac		/home/andrey/.gvm/gos/go1.22.2/src/net/http/pprof/pprof.go:341
#	0x79d564	net/http/pprof.handler.serveDeltaProfile+0x144	/home/andrey/.gvm/gos/go1.22.2/src/net/http/pprof/pprof.go:290
#	0x79d33c	net/http/pprof.handler.ServeHTTP+0x4dc		/home/andrey/.gvm/gos/go1.22.2/src/net/http/pprof/pprof.go:253
#	0x79de7d	net/http/pprof.Index+0xdd			/home/andrey/.gvm/gos/go1.22.2/src/net/http/pprof/pprof.go:384
#	0x64ed08	net/http.HandlerFunc.ServeHTTP+0x28		/home/andrey/.gvm/gos/go1.22.2/src/net/http/server.go:2166
#	0x650b8c	net/http.(*ServeMux).ServeHTTP+0x1ac		/home/andrey/.gvm/gos/go1.22.2/src/net/http/server.go:2683
#	0x651c8d	net/http.serverHandler.ServeHTTP+0x8d		/home/andrey/.gvm/gos/go1.22.2/src/net/http/server.go:3137
#	0x64d947	net/http.(*conn).serve+0x5e7			/home/andrey/.gvm/gos/go1.22.2/src/net/http/server.go:2039

0: 0 [0: 0] @ 0x79f3bb 0x43ec5d 0x475e61
#	0x79f3ba	main.main+0x6fa		/home/andrey/go/src/github.com/gubsky90/spubtream/load/main.go:63
#	0x43ec5c	runtime.main+0x29c	/home/andrey/.gvm/gos/go1.22.2/src/runtime/proc.go:271

0: 0 [0: 0] @ 0x7a0e89 0x7a0e18 0x7a0db0 0x79feb6 0x79efcf 0x79ef12 0x43ec5d 0x475e61
#	0x7a0e88	github.com/gubsky90/spubtream/index.(*Map[...]).Add+0x148	/home/andrey/go/src/github.com/gubsky90/spubtream/index/map.go:13
#	0x7a0e17	github.com/gubsky90/spubtream.(*Stream[...]).idle+0xd7		/home/andrey/go/src/github.com/gubsky90/spubtream/stream.go:123
#	0x7a0daf	github.com/gubsky90/spubtream.(*Stream[...]).enqSub+0x6f	/home/andrey/go/src/github.com/gubsky90/spubtream/stream.go:110
#	0x79feb5	github.com/gubsky90/spubtream.(*Stream[...]).Sub+0x115		/home/andrey/go/src/github.com/gubsky90/spubtream/sub.go:53
#	0x79efce	github.com/gubsky90/spubtream.(*Stream[...]).SubFunc+0x30e	/home/andrey/go/src/github.com/gubsky90/spubtream/sub.go:38
#	0x79ef11	main.main+0x251							/home/andrey/go/src/github.com/gubsky90/spubtream/load/main.go:44
#	0x43ec5c	runtime.main+0x29c						/home/andrey/.gvm/gos/go1.22.2/src/runtime/proc.go:271

0: 0 [0: 0] @ 0x7a0e89 0x7a0e18 0x7a0db0 0x79feb6 0x79efcf 0x79ef12 0x43ec5d 0x475e61
#	0x7a0e88	github.com/gubsky90/spubtream/index.(*Map[...]).Add+0x148	/home/andrey/go/src/github.com/gubsky90/spubtream/index/map.go:13
#	0x7a0e17	github.com/gubsky90/spubtream.(*Stream[...]).idle+0xd7		/home/andrey/go/src/github.com/gubsky90/spubtream/stream.go:123
#	0x7a0daf	github.com/gubsky90/spubtream.(*Stream[...]).enqSub+0x6f	/home/andrey/go/src/github.com/gubsky90/spubtream/stream.go:110
#	0x79feb5	github.com/gubsky90/spubtream.(*Stream[...]).Sub+0x115		/home/andrey/go/src/github.com/gubsky90/spubtream/sub.go:53
#	0x79efce	github.com/gubsky90/spubtream.(*Stream[...]).SubFunc+0x30e	/home/andrey/go/src/github.com/gubsky90/spubtream/sub.go:38
#	0x79ef11	main.main+0x251							/home/andrey/go/src/github.com/gubsky90/spubtream/load/main.go:44
#	0x43ec5c	runtime.main+0x29c						/home/andrey/.gvm/gos/go1.22.2/src/runtime/proc.go:271

0: 0 [0: 0] @ 0x7a0e89 0x7a0e18 0x7a0db0 0x79feb6 0x79efcf 0x79ef12 0x43ec5d 0x475e61
#	0x7a0e88	github.com/gubsky90/spubtream/index.(*Map[...]).Add+0x148	/home/andrey/go/src/github.com/gubsky90/spubtream/index/map.go:13
#	0x7a0e17	github.com/gubsky90/spubtream.(*Stream[...]).idle+0xd7		/home/andrey/go/src/github.com/gubsky90/spubtream/stream.go:123
#	0x7a0daf	github.com/gubsky90/spubtream.(*Stream[...]).enqSub+0x6f	/home/andrey/go/src/github.com/gubsky90/spubtream/stream.go:110
#	0x79feb5	github.com/gubsky90/spubtream.(*Stream[...]).Sub+0x115		/home/andrey/go/src/github.com/gubsky90/spubtream/sub.go:53
#	0x79efce	github.com/gubsky90/spubtream.(*Stream[...]).SubFunc+0x30e	/home/andrey/go/src/github.com/gubsky90/spubtream/sub.go:38
#	0x79ef11	main.main+0x251							/home/andrey/go/src/github.com/gubsky90/spubtream/load/main.go:44
#	0x43ec5c	runtime.main+0x29c						/home/andrey/.gvm/gos/go1.22.2/src/runtime/proc.go:271

0: 0 [0: 0] @ 0x7a0e89 0x7a0e18 0x7a0db0 0x79feb6 0x79efcf 0x79ef12 0x43ec5d 0x475e61
#	0x7a0e88	github.com/gubsky90/spubtream/index.(*Map[...]).Add+0x148	/home/andrey/go/src/github.com/gubsky90/spubtream/index/map.go:13
#	0x7a0e17	github.com/gubsky90/spubtream.(*Stream[...]).idle+0xd7		/home/andrey/go/src/github.com/gubsky90/spubtream/stream.go:123
#	0x7a0daf	github.com/gubsky90/spubtream.(*Stream[...]).enqSub+0x6f	/home/andrey/go/src/github.com/gubsky90/spubtream/stream.go:110
#	0x79feb5	github.com/gubsky90/spubtream.(*Stream[...]).Sub+0x115		/home/andrey/go/src/github.com/gubsky90/spubtream/sub.go:53
#	0x79efce	github.com/gubsky90/spubtream.(*Stream[...]).SubFunc+0x30e	/home/andrey/go/src/github.com/gubsky90/spubtream/sub.go:38
#	0x79ef11	main.main+0x251							/home/andrey/go/src/github.com/gubsky90/spubtream/load/main.go:44
#	0x43ec5c	runtime.main+0x29c						/home/andrey/.gvm/gos/go1.22.2/src/runtime/proc.go:271

0: 0 [7: 3383296] @ 0x7a0e89 0x7a0e18 0x7a0db0 0x79feb6 0x79efcf 0x79ef12 0x43ec5d 0x475e61
#	0x7a0e88	github.com/gubsky90/spubtream/index.(*Map[...]).Add+0x148	/home/andrey/go/src/github.com/gubsky90/spubtream/index/map.go:13
#	0x7a0e17	github.com/gubsky90/spubtream.(*Stream[...]).idle+0xd7		/home/andrey/go/src/github.com/gubsky90/spubtream/stream.go:123
#	0x7a0daf	github.com/gubsky90/spubtream.(*Stream[...]).enqSub+0x6f	/home/andrey/go/src/github.com/gubsky90/spubtream/stream.go:110
#	0x79feb5	github.com/gubsky90/spubtream.(*Stream[...]).Sub+0x115		/home/andrey/go/src/github.com/gubsky90/spubtream/sub.go:53
#	0x79efce	github.com/gubsky90/spubtream.(*Stream[...]).SubFunc+0x30e	/home/andrey/go/src/github.com/gubsky90/spubtream/sub.go:38
#	0x79ef11	main.main+0x251							/home/andrey/go/src/github.com/gubsky90/spubtream/load/main.go:44
#	0x43ec5c	runtime.main+0x29c						/home/andrey/.gvm/gos/go1.22.2/src/runtime/proc.go:271

0: 0 [1: 4644864] @ 0x7a0e89 0x7a0e18 0x7a0db0 0x79feb6 0x79efcf 0x79ef12 0x43ec5d 0x475e61
#	0x7a0e88	github.com/gubsky90/spubtream/index.(*Map[...]).Add+0x148	/home/andrey/go/src/github.com/gubsky90/spubtream/index/map.go:13
#	0x7a0e17	github.com/gubsky90/spubtream.(*Stream[...]).idle+0xd7		/home/andrey/go/src/github.com/gubsky90/spubtream/stream.go:123
#	0x7a0daf	github.com/gubsky90/spubtream.(*Stream[...]).enqSub+0x6f	/home/andrey/go/src/github.com/gubsky90/spubtream/stream.go:110
#	0x79feb5	github.com/gubsky90/spubtream.(*Stream[...]).Sub+0x115		/home/andrey/go/src/github.com/gubsky90/spubtream/sub.go:53
#	0x79efce	github.com/gubsky90/spubtream.(*Stream[...]).SubFunc+0x30e	/home/andrey/go/src/github.com/gubsky90/spubtream/sub.go:38
#	0x79ef11	main.main+0x251							/home/andrey/go/src/github.com/gubsky90/spubtream/load/main.go:44
#	0x43ec5c	runtime.main+0x29c						/home/andrey/.gvm/gos/go1.22.2/src/runtime/proc.go:271

0: 0 [6: 2310144] @ 0x7a0e89 0x7a0e18 0x7a0db0 0x79feb6 0x79efcf 0x79ef12 0x43ec5d 0x475e61
#	0x7a0e88	github.com/gubsky90/spubtream/index.(*Map[...]).Add+0x148	/home/andrey/go/src/github.com/gubsky90/spubtream/index/map.go:13
#	0x7a0e17	github.com/gubsky90/spubtream.(*Stream[...]).idle+0xd7		/home/andrey/go/src/github.com/gubsky90/spubtream/stream.go:123
#	0x7a0daf	github.com/gubsky90/spubtream.(*Stream[...]).enqSub+0x6f	/home/andrey/go/src/github.com/gubsky90/spubtream/stream.go:110
#	0x79feb5	github.com/gubsky90/spubtream.(*Stream[...]).Sub+0x115		/home/andrey/go/src/github.com/gubsky90/spubtream/sub.go:53
#	0x79efce	github.com/gubsky90/spubtream.(*Stream[...]).SubFunc+0x30e	/home/andrey/go/src/github.com/gubsky90/spubtream/sub.go:38
#	0x79ef11	main.main+0x251							/home/andrey/go/src/github.com/gubsky90/spubtream/load/main.go:44
#	0x43ec5c	runtime.main+0x29c						/home/andrey/.gvm/gos/go1.22.2/src/runtime/proc.go:271

0: 0 [1: 3710976] @ 0x7a0e89 0x7a0e18 0x7a0db0 0x79feb6 0x79efcf 0x79ef12 0x43ec5d 0x475e61
#	0x7a0e88	github.com/gubsky90/spubtream/index.(*Map[...]).Add+0x148	/home/andrey/go/src/github.com/gubsky90/spubtream/index/map.go:13
#	0x7a0e17	github.com/gubsky90/spubtream.(*Stream[...]).idle+0xd7		/home/andrey/go/src/github.com/gubsky90/spubtream/stream.go:123
#	0x7a0daf	github.com/gubsky90/spubtream.(*Stream[...]).enqSub+0x6f	/home/andrey/go/src/github.com/gubsky90/spubtream/stream.go:110
#	0x79feb5	github.com/gubsky90/spubtream.(*Stream[...]).Sub+0x115		/home/andrey/go/src/github.com/gubsky90/spubtream/sub.go:53
#	0x79efce	github.com/gubsky90/spubtream.(*Stream[...]).SubFunc+0x30e	/home/andrey/go/src/github.com/gubsky90/spubtream/sub.go:38
#	0x79ef11	main.main+0x251							/home/andrey/go/src/github.com/gubsky90/spubtream/load/main.go:44
#	0x43ec5c	runtime.main+0x29c						/home/andrey/.gvm/gos/go1.22.2/src/runtime/proc.go:271

0: 0 [2: 606208] @ 0x7a0e89 0x7a0e18 0x7a0db0 0x79feb6 0x79efcf 0x79ef12 0x43ec5d 0x475e61
#	0x7a0e88	github.com/gubsky90/spubtream/index.(*Map[...]).Add+0x148	/home/andrey/go/src/github.com/gubsky90/spubtream/index/map.go:13
#	0x7a0e17	github.com/gubsky90/spubtream.(*Stream[...]).idle+0xd7		/home/andrey/go/src/github.com/gubsky90/spubtream/stream.go:123
#	0x7a0daf	github.com/gubsky90/spubtream.(*Stream[...]).enqSub+0x6f	/home/andrey/go/src/github.com/gubsky90/spubtream/stream.go:110
#	0x79feb5	github.com/gubsky90/spubtream.(*Stream[...]).Sub+0x115		/home/andrey/go/src/github.com/gubsky90/spubtream/sub.go:53
#	0x79efce	github.com/gubsky90/spubtream.(*Stream[...]).SubFunc+0x30e	/home/andrey/go/src/github.com/gubsky90/spubtream/sub.go:38
#	0x79ef11	main.main+0x251							/home/andrey/go/src/github.com/gubsky90/spubtream/load/main.go:44
#	0x43ec5c	runtime.main+0x29c						/home/andrey/.gvm/gos/go1.22.2/src/runtime/proc.go:271

0: 0 [1: 2965504] @ 0x7a0e89 0x7a0e18 0x7a0db0 0x79feb6 0x79efcf 0x79ef12 0x43ec5d 0x475e61
#	0x7a0e88	github.com/gubsky90/spubtream/index.(*Map[...]).Add+0x148	/home/andrey/go/src/github.com/gubsky90/spubtream/index/map.go:13
#	0x7a0e17	github.com/gubsky90/spubtream.(*Stream[...]).idle+0xd7		/home/andrey/go/src/github.com/gubsky90/spubtream/stream.go:123
#	0x7a0daf	github.com/gubsky90/spubtream.(*Stream[...]).enqSub+0x6f	/home/andrey/go/src/github.com/gubsky90/spubtream/stream.go:110
#	0x79feb5	github.com/gubsky90/spubtream.(*Stream[...]).Sub+0x115		/home/andrey/go/src/github.com/gubsky90/spubtream/sub.go:53
#	0x79efce	github.com/gubsky90/spubtream.(*Stream[...]).SubFunc+0x30e	/home/andrey/go/src/github.com/gubsky90/spubtream/sub.go:38
#	0x79ef11	main.main+0x251							/home/andrey/go/src/github.com/gubsky90/spubtream/load/main.go:44
#	0x43ec5c	runtime.main+0x29c						/home/andrey/.gvm/gos/go1.22.2/src/runtime/proc.go:271

0: 0 [1: 2367488] @ 0x7a0e89 0x7a0e18 0x7a0db0 0x79feb6 0x79efcf 0x79ef12 0x43ec5d 0x475e61
#	0x7a0e88	github.com/gubsky90/spubtream/index.(*Map[...]).Add+0x148	/home/andrey/go/src/github.com/gubsky90/spubtream/index/map.go:13
#	0x7a0e17	github.com/gubsky90/spubtream.(*Stream[...]).idle+0xd7		/home/andrey/go/src/github.com/gubsky90/spubtream/stream.go:123
#	0x7a0daf	github.com/gubsky90/spubtream.(*Stream[...]).enqSub+0x6f	/home/andrey/go/src/github.com/gubsky90/spubtream/stream.go:110
#	0x79feb5	github.com/gubsky90/spubtream.(*Stream[...]).Sub+0x115		/home/andrey/go/src/github.com/gubsky90/spubtream/sub.go:53
#	0x79efce	github.com/gubsky90/spubtream.(*Stream[...]).SubFunc+0x30e	/home/andrey/go/src/github.com/gubsky90/spubtream/sub.go:38
#	0x79ef11	main.main+0x251							/home/andrey/go/src/github.com/gubsky90/spubtream/load/main.go:44
#	0x43ec5c	runtime.main+0x29c						/home/andrey/.gvm/gos/go1.22.2/src/runtime/proc.go:271

0: 0 [3: 712704] @ 0x7a0e89 0x7a0e18 0x7a0db0 0x79feb6 0x79efcf 0x79ef12 0x43ec5d 0x475e61
#	0x7a0e88	github.com/gubsky90/spubtream/index.(*Map[...]).Add+0x148	/home/andrey/go/src/github.com/gubsky90/spubtream/index/map.go:13
#	0x7a0e17	github.com/gubsky90/spubtream.(*Stream[...]).idle+0xd7		/home/andrey/go/src/github.com/gubsky90/spubtream/stream.go:123
#	0x7a0daf	github.com/gubsky90/spubtream.(*Stream[...]).enqSub+0x6f	/home/andrey/go/src/github.com/gubsky90/spubtream/stream.go:110
#	0x79feb5	github.com/gubsky90/spubtream.(*Stream[...]).Sub+0x115		/home/andrey/go/src/github.com/gubsky90/spubtream/sub.go:53
#	0x79efce	github.com/gubsky90/spubtream.(*Stream[...]).SubFunc+0x30e	/home/andrey/go/src/github.com/gubsky90/spubtream/sub.go:38
#	0x79ef11	main.main+0x251							/home/andrey/go/src/github.com/gubsky90/spubtream/load/main.go:44
#	0x43ec5c	runtime.main+0x29c						/home/andrey/.gvm/gos/go1.22.2/src/runtime/proc.go:271

0: 0 [8: 256] @ 0x7a0e89 0x7a0e18 0x7a0db0 0x79feb6 0x79efcf 0x79ef12 0x43ec5d 0x475e61
#	0x7a0e88	github.com/gubsky90/spubtream/index.(*Map[...]).Add+0x148	/home/andrey/go/src/github.com/gubsky90/spubtream/index/map.go:13
#	0x7a0e17	github.com/gubsky90/spubtream.(*Stream[...]).idle+0xd7		/home/andrey/go/src/github.com/gubsky90/spubtream/stream.go:123
#	0x7a0daf	github.com/gubsky90/spubtream.(*Stream[...]).enqSub+0x6f	/home/andrey/go/src/github.com/gubsky90/spubtream/stream.go:110
#	0x79feb5	github.com/gubsky90/spubtream.(*Stream[...]).Sub+0x115		/home/andrey/go/src/github.com/gubsky90/spubtream/sub.go:53
#	0x79efce	github.com/gubsky90/spubtream.(*Stream[...]).SubFunc+0x30e	/home/andrey/go/src/github.com/gubsky90/spubtream/sub.go:38
#	0x79ef11	main.main+0x251							/home/andrey/go/src/github.com/gubsky90/spubtream/load/main.go:44
#	0x43ec5c	runtime.main+0x29c						/home/andrey/.gvm/gos/go1.22.2/src/runtime/proc.go:271

0: 0 [1: 1892352] @ 0x7a0e89 0x7a0e18 0x7a0db0 0x79feb6 0x79efcf 0x79ef12 0x43ec5d 0x475e61
#	0x7a0e88	github.com/gubsky90/spubtream/index.(*Map[...]).Add+0x148	/home/andrey/go/src/github.com/gubsky90/spubtream/index/map.go:13
#	0x7a0e17	github.com/gubsky90/spubtream.(*Stream[...]).idle+0xd7		/home/andrey/go/src/github.com/gubsky90/spubtream/stream.go:123
#	0x7a0daf	github.com/gubsky90/spubtream.(*Stream[...]).enqSub+0x6f	/home/andrey/go/src/github.com/gubsky90/spubtream/stream.go:110
#	0x79feb5	github.com/gubsky90/spubtream.(*Stream[...]).Sub+0x115		/home/andrey/go/src/github.com/gubsky90/spubtream/sub.go:53
#	0x79efce	github.com/gubsky90/spubtream.(*Stream[...]).SubFunc+0x30e	/home/andrey/go/src/github.com/gubsky90/spubtream/sub.go:38
#	0x79ef11	main.main+0x251							/home/andrey/go/src/github.com/gubsky90/spubtream/load/main.go:44
#	0x43ec5c	runtime.main+0x29c						/home/andrey/.gvm/gos/go1.22.2/src/runtime/proc.go:271

0: 0 [3: 565248] @ 0x7a0e89 0x7a0e18 0x7a0db0 0x79feb6 0x79efcf 0x79ef12 0x43ec5d 0x475e61
#	0x7a0e88	github.com/gubsky90/spubtream/index.(*Map[...]).Add+0x148	/home/andrey/go/src/github.com/gubsky90/spubtream/index/map.go:13
#	0x7a0e17	github.com/gubsky90/spubtream.(*Stream[...]).idle+0xd7		/home/andrey/go/src/github.com/gubsky90/spubtream/stream.go:123
#	0x7a0daf	github.com/gubsky90/spubtream.(*Stream[...]).enqSub+0x6f	/home/andrey/go/src/github.com/gubsky90/spubtream/stream.go:110
#	0x79feb5	github.com/gubsky90/spubtream.(*Stream[...]).Sub+0x115		/home/andrey/go/src/github.com/gubsky90/spubtream/sub.go:53
#	0x79efce	github.com/gubsky90/spubtream.(*Stream[...]).SubFunc+0x30e	/home/andrey/go/src/github.com/gubsky90/spubtream/sub.go:38
#	0x79ef11	main.main+0x251							/home/andrey/go/src/github.com/gubsky90/spubtream/load/main.go:44
#	0x43ec5c	runtime.main+0x29c						/home/andrey/.gvm/gos/go1.22.2/src/runtime/proc.go:271

0: 0 [1: 1507328] @ 0x7a0e89 0x7a0e18 0x7a0db0 0x79feb6 0x79efcf 0x79ef12 0x43ec5d 0x475e61
#	0x7a0e88	github.com/gubsky90/spubtream/index.(*Map[...]).Add+0x148	/home/andrey/go/src/github.com/gubsky90/spubtream/index/map.go:13
#	0x7a0e17	github.com/gubsky90/spubtream.(*Stream[...]).idle+0xd7		/home/andrey/go/src/github.com/gubsky90/spubtream/stream.go:123
#	0x7a0daf	github.com/gubsky90/spubtream.(*Stream[...]).enqSub+0x6f	/home/andrey/go/src/github.com/gubsky90/spubtream/stream.go:110
#	0x79feb5	github.com/gubsky90/spubtream.(*Stream[...]).Sub+0x115		/home/andrey/go/src/github.com/gubsky90/spubtream/sub.go:53
#	0x79efce	github.com/gubsky90/spubtream.(*Stream[...]).SubFunc+0x30e	/home/andrey/go/src/github.com/gubsky90/spubtream/sub.go:38
#	0x79ef11	main.main+0x251							/home/andrey/go/src/github.com/gubsky90/spubtream/load/main.go:44
#	0x43ec5c	runtime.main+0x29c						/home/andrey/.gvm/gos/go1.22.2/src/runtime/proc.go:271

0: 0 [3: 442368] @ 0x7a0e89 0x7a0e18 0x7a0db0 0x79feb6 0x79efcf 0x79ef12 0x43ec5d 0x475e61
#	0x7a0e88	github.com/gubsky90/spubtream/index.(*Map[...]).Add+0x148	/home/andrey/go/src/github.com/gubsky90/spubtream/index/map.go:13
#	0x7a0e17	github.com/gubsky90/spubtream.(*Stream[...]).idle+0xd7		/home/andrey/go/src/github.com/gubsky90/spubtream/stream.go:123
#	0x7a0daf	github.com/gubsky90/spubtream.(*Stream[...]).enqSub+0x6f	/home/andrey/go/src/github.com/gubsky90/spubtream/stream.go:110
#	0x79feb5	github.com/gubsky90/spubtream.(*Stream[...]).Sub+0x115		/home/andrey/go/src/github.com/gubsky90/spubtream/sub.go:53
#	0x79efce	github.com/gubsky90/spubtream.(*Stream[...]).SubFunc+0x30e	/home/andrey/go/src/github.com/gubsky90/spubtream/sub.go:38
#	0x79ef11	main.main+0x251							/home/andrey/go/src/github.com/gubsky90/spubtream/load/main.go:44
#	0x43ec5c	runtime.main+0x29c						/home/andrey/.gvm/gos/go1.22.2/src/runtime/proc.go:271

0: 0 [1: 1204224] @ 0x7a0e89 0x7a0e18 0x7a0db0 0x79feb6 0x79efcf 0x79ef12 0x43ec5d 0x475e61
#	0x7a0e88	github.com/gubsky90/spubtream/index.(*Map[...]).Add+0x148	/home/andrey/go/src/github.com/gubsky90/spubtream/index/map.go:13
#	0x7a0e17	github.com/gubsky90/spubtream.(*Stream[...]).idle+0xd7		/home/andrey/go/src/github.com/gubsky90/spubtream/stream.go:123
#	0x7a0daf	github.com/gubsky90/spubtream.(*Stream[...]).enqSub+0x6f	/home/andrey/go/src/github.com/gubsky90/spubtream/stream.go:110
#	0x79feb5	github.com/gubsky90/spubtream.(*Stream[...]).Sub+0x115		/home/andrey/go/src/github.com/gubsky90/spubtream/sub.go:53
#	0x79efce	github.com/gubsky90/spubtream.(*Stream[...]).SubFunc+0x30e	/home/andrey/go/src/github.com/gubsky90/spubtream/sub.go:38
#	0x79ef11	main.main+0x251							/home/andrey/go/src/github.com/gubsky90/spubtream/load/main.go:44
#	0x43ec5c	runtime.main+0x29c						/home/andrey/.gvm/gos/go1.22.2/src/runtime/proc.go:271

0: 0 [1: 114688] @ 0x7a0e89 0x7a0e18 0x7a0db0 0x79feb6 0x79efcf 0x79ef12 0x43ec5d 0x475e61
#	0x7a0e88	github.com/gubsky90/spubtream/index.(*Map[...]).Add+0x148	/home/andrey/go/src/github.com/gubsky90/spubtream/index/map.go:13
#	0x7a0e17	github.com/gubsky90/spubtream.(*Stream[...]).idle+0xd7		/home/andrey/go/src/github.com/gubsky90/spubtream/stream.go:123
#	0x7a0daf	github.com/gubsky90/spubtream.(*Stream[...]).enqSub+0x6f	/home/andrey/go/src/github.com/gubsky90/spubtream/stream.go:110
#	0x79feb5	github.com/gubsky90/spubtream.(*Stream[...]).Sub+0x115		/home/andrey/go/src/github.com/gubsky90/spubtream/sub.go:53
#	0x79efce	github.com/gubsky90/spubtream.(*Stream[...]).SubFunc+0x30e	/home/andrey/go/src/github.com/gubsky90/spubtream/sub.go:38
#	0x79ef11	main.main+0x251							/home/andrey/go/src/github.com/gubsky90/spubtream/load/main.go:44
#	0x43ec5c	runtime.main+0x29c						/home/andrey/.gvm/gos/go1.22.2/src/runtime/proc.go:271

0: 0 [8: 128] @ 0x7a0e89 0x7a0e18 0x7a0db0 0x79feb6 0x79efcf 0x79ef12 0x43ec5d 0x475e61
#	0x7a0e88	github.com/gubsky90/spubtream/index.(*Map[...]).Add+0x148	/home/andrey/go/src/github.com/gubsky90/spubtream/index/map.go:13
#	0x7a0e17	github.com/gubsky90/spubtream.(*Stream[...]).idle+0xd7		/home/andrey/go/src/github.com/gubsky90/spubtream/stream.go:123
#	0x7a0daf	github.com/gubsky90/spubtream.(*Stream[...]).enqSub+0x6f	/home/andrey/go/src/github.com/gubsky90/spubtream/stream.go:110
#	0x79feb5	github.com/gubsky90/spubtream.(*Stream[...]).Sub+0x115		/home/andrey/go/src/github.com/gubsky90/spubtream/sub.go:53
#	0x79efce	github.com/gubsky90/spubtream.(*Stream[...]).SubFunc+0x30e	/home/andrey/go/src/github.com/gubsky90/spubtream/sub.go:38
#	0x79ef11	main.main+0x251							/home/andrey/go/src/github.com/gubsky90/spubtream/load/main.go:44
#	0x43ec5c	runtime.main+0x29c						/home/andrey/.gvm/gos/go1.22.2/src/runtime/proc.go:271

0: 0 [2: 180224] @ 0x7a0e89 0x7a0e18 0x7a0db0 0x79feb6 0x79efcf 0x79ef12 0x43ec5d 0x475e61
#	0x7a0e88	github.com/gubsky90/spubtream/index.(*Map[...]).Add+0x148	/home/andrey/go/src/github.com/gubsky90/spubtream/index/map.go:13
#	0x7a0e17	github.com/gubsky90/spubtream.(*Stream[...]).idle+0xd7		/home/andrey/go/src/github.com/gubsky90/spubtream/stream.go:123
#	0x7a0daf	github.com/gubsky90/spubtream.(*Stream[...]).enqSub+0x6f	/home/andrey/go/src/github.com/gubsky90/spubtream/stream.go:110
#	0x79feb5	github.com/gubsky90/spubtream.(*Stream[...]).Sub+0x115		/home/andrey/go/src/github.com/gubsky90/spubtream/sub.go:53
#	0x79efce	github.com/gubsky90/spubtream.(*Stream[...]).SubFunc+0x30e	/home/andrey/go/src/github.com/gubsky90/spubtream/sub.go:38
#	0x79ef11	main.main+0x251							/home/andrey/go/src/github.com/gubsky90/spubtream/load/main.go:44
#	0x43ec5c	runtime.main+0x29c						/home/andrey/.gvm/gos/go1.22.2/src/runtime/proc.go:271

0: 0 [1: 761856] @ 0x7a0e89 0x7a0e18 0x7a0db0 0x79feb6 0x79efcf 0x79ef12 0x43ec5d 0x475e61
#	0x7a0e88	github.com/gubsky90/spubtream/index.(*Map[...]).Add+0x148	/home/andrey/go/src/github.com/gubsky90/spubtream/index/map.go:13
#	0x7a0e17	github.com/gubsky90/spubtream.(*Stream[...]).idle+0xd7		/home/andrey/go/src/github.com/gubsky90/spubtream/stream.go:123
#	0x7a0daf	github.com/gubsky90/spubtream.(*Stream[...]).enqSub+0x6f	/home/andrey/go/src/github.com/gubsky90/spubtream/stream.go:110
#	0x79feb5	github.com/gubsky90/spubtream.(*Stream[...]).Sub+0x115		/home/andrey/go/src/github.com/gubsky90/spubtream/sub.go:53
#	0x79efce	github.com/gubsky90/spubtream.(*Stream[...]).SubFunc+0x30e	/home/andrey/go/src/github.com/gubsky90/spubtream/sub.go:38
#	0x79ef11	main.main+0x251							/home/andrey/go/src/github.com/gubsky90/spubtream/load/main.go:44
#	0x43ec5c	runtime.main+0x29c						/home/andrey/.gvm/gos/go1.22.2/src/runtime/proc.go:271

0: 0 [1: 8] @ 0x7a0e89 0x7a0e18 0x7a0db0 0x79feb6 0x79efcf 0x79ef12 0x43ec5d 0x475e61
#	0x7a0e88	github.com/gubsky90/spubtream/index.(*Map[...]).Add+0x148	/home/andrey/go/src/github.com/gubsky90/spubtream/index/map.go:13
#	0x7a0e17	github.com/gubsky90/spubtream.(*Stream[...]).idle+0xd7		/home/andrey/go/src/github.com/gubsky90/spubtream/stream.go:123
#	0x7a0daf	github.com/gubsky90/spubtream.(*Stream[...]).enqSub+0x6f	/home/andrey/go/src/github.com/gubsky90/spubtream/stream.go:110
#	0x79feb5	github.com/gubsky90/spubtream.(*Stream[...]).Sub+0x115		/home/andrey/go/src/github.com/gubsky90/spubtream/sub.go:53
#	0x79efce	github.com/gubsky90/spubtream.(*Stream[...]).SubFunc+0x30e	/home/andrey/go/src/github.com/gubsky90/spubtream/sub.go:38
#	0x79ef11	main.main+0x251							/home/andrey/go/src/github.com/gubsky90/spubtream/load/main.go:44
#	0x43ec5c	runtime.main+0x29c						/home/andrey/.gvm/gos/go1.22.2/src/runtime/proc.go:271

0: 0 [0: 0] @ 0x6026d0 0x6026ff 0x60c6c6 0x60c687 0x794cb9 0x79a412 0x78f265 0x78eee5 0x78d26b 0x79dce5 0x79d745 0x79d33d 0x79de7e 0x64ed09 0x650b8d 0x651c8e 0x64d948 0x475e61
#	0x6026cf	compress/flate.newDeflateFast+0x3af		/home/andrey/.gvm/gos/go1.22.2/src/compress/flate/deflatefast.go:64
#	0x6026fe	compress/flate.(*compressor).init+0x3de		/home/andrey/.gvm/gos/go1.22.2/src/compress/flate/deflate.go:585
#	0x60c6c5	compress/flate.NewWriter+0x2e5			/home/andrey/.gvm/gos/go1.22.2/src/compress/flate/deflate.go:667
#	0x60c686	compress/gzip.(*Writer).Write+0x2a6		/home/andrey/.gvm/gos/go1.22.2/src/compress/gzip/gzip.go:191
#	0x794cb8	runtime/pprof.(*profileBuilder).build+0x5b8	/home/andrey/.gvm/gos/go1.22.2/src/runtime/pprof/proto.go:390
#	0x79a411	runtime/pprof.writeHeapProto+0x5b1		/home/andrey/.gvm/gos/go1.22.2/src/runtime/pprof/protomem.go:65
#	0x78f264	runtime/pprof.writeHeapInternal+0x2e4		/home/andrey/.gvm/gos/go1.22.2/src/runtime/pprof/pprof.go:612
#	0x78eee4	runtime/pprof.writeHeap+0x24			/home/andrey/.gvm/gos/go1.22.2/src/runtime/pprof/pprof.go:572
#	0x78d26a	runtime/pprof.(*Profile).WriteTo+0x14a		/home/andrey/.gvm/gos/go1.22.2/src/runtime/pprof/pprof.go:369
#	0x79dce4	net/http/pprof.collectProfile+0x44		/home/andrey/.gvm/gos/go1.22.2/src/net/http/pprof/pprof.go:337
#	0x79d744	net/http/pprof.handler.serveDeltaProfile+0x324	/home/andrey/.gvm/gos/go1.22.2/src/net/http/pprof/pprof.go:311
#	0x79d33c	net/http/pprof.handler.ServeHTTP+0x4dc		/home/andrey/.gvm/gos/go1.22.2/src/net/http/pprof/pprof.go:253
#	0x79de7d	net/http/pprof.Index+0xdd			/home/andrey/.gvm/gos/go1.22.2/src/net/http/pprof/pprof.go:384
#	0x64ed08	net/http.HandlerFunc.ServeHTTP+0x28		/home/andrey/.gvm/gos/go1.22.2/src/net/http/server.go:2166
#	0x650b8c	net/http.(*ServeMux).ServeHTTP+0x1ac		/home/andrey/.gvm/gos/go1.22.2/src/net/http/server.go:2683
#	0x651c8d	net/http.serverHandler.ServeHTTP+0x8d		/home/andrey/.gvm/gos/go1.22.2/src/net/http/server.go:3137
#	0x64d947	net/http.(*conn).serve+0x5e7			/home/andrey/.gvm/gos/go1.22.2/src/net/http/server.go:2039

0: 0 [2: 65536] @ 0x7a0e89 0x7a0e18 0x7a0db0 0x79feb6 0x79efcf 0x79ef12 0x43ec5d 0x475e61
#	0x7a0e88	github.com/gubsky90/spubtream/index.(*Map[...]).Add+0x148	/home/andrey/go/src/github.com/gubsky90/spubtream/index/map.go:13
#	0x7a0e17	github.com/gubsky90/spubtream.(*Stream[...]).idle+0xd7		/home/andrey/go/src/github.com/gubsky90/spubtream/stream.go:123
#	0x7a0daf	github.com/gubsky90/spubtream.(*Stream[...]).enqSub+0x6f	/home/andrey/go/src/github.com/gubsky90/spubtream/stream.go:110
#	0x79feb5	github.com/gubsky90/spubtream.(*Stream[...]).Sub+0x115		/home/andrey/go/src/github.com/gubsky90/spubtream/sub.go:53
#	0x79efce	github.com/gubsky90/spubtream.(*Stream[...]).SubFunc+0x30e	/home/andrey/go/src/github.com/gubsky90/spubtream/sub.go:38
#	0x79ef11	main.main+0x251							/home/andrey/go/src/github.com/gubsky90/spubtream/load/main.go:44
#	0x43ec5c	runtime.main+0x29c						/home/andrey/.gvm/gos/go1.22.2/src/runtime/proc.go:271

0: 0 [1: 2367488] @ 0x41136d 0x412d8f 0x414799 0x7a0e5b 0x7a0e18 0x7a0db0 0x79feb6 0x79efcf 0x79ef12 0x43ec5d 0x475e61
#	0x7a0e5a	github.com/gubsky90/spubtream/index.(*Map[...]).Add+0x11a	/home/andrey/go/src/github.com/gubsky90/spubtream/index/map.go:13
#	0x7a0e17	github.com/gubsky90/spubtream.(*Stream[...]).idle+0xd7		/home/andrey/go/src/github.com/gubsky90/spubtream/stream.go:123
#	0x7a0daf	github.com/gubsky90/spubtream.(*Stream[...]).enqSub+0x6f	/home/andrey/go/src/github.com/gubsky90/spubtream/stream.go:110
#	0x79feb5	github.com/gubsky90/spubtream.(*Stream[...]).Sub+0x115		/home/andrey/go/src/github.com/gubsky90/spubtream/sub.go:53
#	0x79efce	github.com/gubsky90/spubtream.(*Stream[...]).SubFunc+0x30e	/home/andrey/go/src/github.com/gubsky90/spubtream/sub.go:38
#	0x79ef11	main.main+0x251							/home/andrey/go/src/github.com/gubsky90/spubtream/load/main.go:44
#	0x43ec5c	runtime.main+0x29c						/home/andrey/.gvm/gos/go1.22.2/src/runtime/proc.go:271

0: 0 [1: 1810432] @ 0x41136d 0x412d8f 0x415d65 0x679d45 0x679cb7 0x79fde5 0x79efcf 0x79ef12 0x43ec5d 0x475e61
#	0x679d44	github.com/gubsky90/spubtream.encode+0x184			/home/andrey/go/src/github.com/gubsky90/spubtream/tag_coder.go:20
#	0x679cb6	github.com/gubsky90/spubtream.EncodeAll+0xf6			/home/andrey/go/src/github.com/gubsky90/spubtream/tag_coder.go:34
#	0x79fde4	github.com/gubsky90/spubtream.(*Stream[...]).Sub+0x44		/home/andrey/go/src/github.com/gubsky90/spubtream/sub.go:43
#	0x79efce	github.com/gubsky90/spubtream.(*Stream[...]).SubFunc+0x30e	/home/andrey/go/src/github.com/gubsky90/spubtream/sub.go:38
#	0x79ef11	main.main+0x251							/home/andrey/go/src/github.com/gubsky90/spubtream/load/main.go:44
#	0x43ec5c	runtime.main+0x29c						/home/andrey/.gvm/gos/go1.22.2/src/runtime/proc.go:271

0: 0 [0: 0] @ 0x774ebe 0x788af7 0x78463d 0x784641 0x7842b2 0x79dd4d 0x79d745 0x79d33d 0x79de7e 0x64ed09 0x650b8d 0x651c8e 0x64d948 0x475e61
#	0x774ebd	internal/profile.init.func2+0x7d		/home/andrey/.gvm/gos/go1.22.2/src/internal/profile/encode.go:148
#	0x788af6	internal/profile.decodeMessage+0x116		/home/andrey/.gvm/gos/go1.22.2/src/internal/profile/proto.go:260
#	0x78463c	internal/profile.unmarshal+0xbc			/home/andrey/.gvm/gos/go1.22.2/src/internal/profile/proto.go:167
#	0x784640	internal/profile.parseUncompressed+0xc0		/home/andrey/.gvm/gos/go1.22.2/src/internal/profile/profile.go:193
#	0x7842b1	internal/profile.Parse+0x1b1			/home/andrey/.gvm/gos/go1.22.2/src/internal/profile/profile.go:146
#	0x79dd4c	net/http/pprof.collectProfile+0xac		/home/andrey/.gvm/gos/go1.22.2/src/net/http/pprof/pprof.go:341
#	0x79d744	net/http/pprof.handler.serveDeltaProfile+0x324	/home/andrey/.gvm/gos/go1.22.2/src/net/http/pprof/pprof.go:311
#	0x79d33c	net/http/pprof.handler.ServeHTTP+0x4dc		/home/andrey/.gvm/gos/go1.22.2/src/net/http/pprof/pprof.go:253
#	0x79de7d	net/http/pprof.Index+0xdd			/home/andrey/.gvm/gos/go1.22.2/src/net/http/pprof/pprof.go:384
#	0x64ed08	net/http.HandlerFunc.ServeHTTP+0x28		/home/andrey/.gvm/gos/go1.22.2/src/net/http/server.go:2166
#	0x650b8c	net/http.(*ServeMux).ServeHTTP+0x1ac		/home/andrey/.gvm/gos/go1.22.2/src/net/http/server.go:2683
#	0x651c8d	net/http.serverHandler.ServeHTTP+0x8d		/home/andrey/.gvm/gos/go1.22.2/src/net/http/server.go:3137
#	0x64d947	net/http.(*conn).serve+0x5e7			/home/andrey/.gvm/gos/go1.22.2/src/net/http/server.go:2039

0: 0 [1: 24576] @ 0x7a0e89 0x7a0e18 0x7a0db0 0x79feb6 0x79efcf 0x79ef12 0x43ec5d 0x475e61
#	0x7a0e88	github.com/gubsky90/spubtream/index.(*Map[...]).Add+0x148	/home/andrey/go/src/github.com/gubsky90/spubtream/index/map.go:13
#	0x7a0e17	github.com/gubsky90/spubtream.(*Stream[...]).idle+0xd7		/home/andrey/go/src/github.com/gubsky90/spubtream/stream.go:123
#	0x7a0daf	github.com/gubsky90/spubtream.(*Stream[...]).enqSub+0x6f	/home/andrey/go/src/github.com/gubsky90/spubtream/stream.go:110
#	0x79feb5	github.com/gubsky90/spubtream.(*Stream[...]).Sub+0x115		/home/andrey/go/src/github.com/gubsky90/spubtream/sub.go:53
#	0x79efce	github.com/gubsky90/spubtream.(*Stream[...]).SubFunc+0x30e	/home/andrey/go/src/github.com/gubsky90/spubtream/sub.go:38
#	0x79ef11	main.main+0x251							/home/andrey/go/src/github.com/gubsky90/spubtream/load/main.go:44
#	0x43ec5c	runtime.main+0x29c						/home/andrey/.gvm/gos/go1.22.2/src/runtime/proc.go:271

0: 0 [0: 0] @ 0x41136d 0x4110da 0x78188d 0x781994 0x79d7c5 0x79d33d 0x79de7e 0x64ed09 0x650b8d 0x651c8e 0x64d948 0x475e61
#	0x78188c	internal/profile.Merge+0x34c			/home/andrey/.gvm/gos/go1.22.2/src/internal/profile/merge.go:41
#	0x781993	internal/profile.Merge+0x453			/home/andrey/.gvm/gos/go1.22.2/src/internal/profile/merge.go:63
#	0x79d7c4	net/http/pprof.handler.serveDeltaProfile+0x3a4	/home/andrey/.gvm/gos/go1.22.2/src/net/http/pprof/pprof.go:321
#	0x79d33c	net/http/pprof.handler.ServeHTTP+0x4dc		/home/andrey/.gvm/gos/go1.22.2/src/net/http/pprof/pprof.go:253
#	0x79de7d	net/http/pprof.Index+0xdd			/home/andrey/.gvm/gos/go1.22.2/src/net/http/pprof/pprof.go:384
#	0x64ed08	net/http.HandlerFunc.ServeHTTP+0x28		/home/andrey/.gvm/gos/go1.22.2/src/net/http/server.go:2166
#	0x650b8c	net/http.(*ServeMux).ServeHTTP+0x1ac		/home/andrey/.gvm/gos/go1.22.2/src/net/http/server.go:2683
#	0x651c8d	net/http.serverHandler.ServeHTTP+0x8d		/home/andrey/.gvm/gos/go1.22.2/src/net/http/server.go:3137
#	0x64d947	net/http.(*conn).serve+0x5e7			/home/andrey/.gvm/gos/go1.22.2/src/net/http/server.go:2039

0: 0 [1: 1187840] @ 0x41136d 0x412d8f 0x414799 0x7a0e5b 0x7a0e18 0x7a0db0 0x79feb6 0x79efcf 0x79ef12 0x43ec5d 0x475e61
#	0x7a0e5a	github.com/gubsky90/spubtream/index.(*Map[...]).Add+0x11a	/home/andrey/go/src/github.com/gubsky90/spubtream/index/map.go:13
#	0x7a0e17	github.com/gubsky90/spubtream.(*Stream[...]).idle+0xd7		/home/andrey/go/src/github.com/gubsky90/spubtream/stream.go:123
#	0x7a0daf	github.com/gubsky90/spubtream.(*Stream[...]).enqSub+0x6f	/home/andrey/go/src/github.com/gubsky90/spubtream/stream.go:110
#	0x79feb5	github.com/gubsky90/spubtream.(*Stream[...]).Sub+0x115		/home/andrey/go/src/github.com/gubsky90/spubtream/sub.go:53
#	0x79efce	github.com/gubsky90/spubtream.(*Stream[...]).SubFunc+0x30e	/home/andrey/go/src/github.com/gubsky90/spubtream/sub.go:38
#	0x79ef11	main.main+0x251							/home/andrey/go/src/github.com/gubsky90/spubtream/load/main.go:44
#	0x43ec5c	runtime.main+0x29c						/home/andrey/.gvm/gos/go1.22.2/src/runtime/proc.go:271

0: 0 [1: 909312] @ 0x41136d 0x412d8f 0x415d65 0x679d45 0x679cb7 0x79fde5 0x79efcf 0x79ef12 0x43ec5d 0x475e61
#	0x679d44	github.com/gubsky90/spubtream.encode+0x184			/home/andrey/go/src/github.com/gubsky90/spubtream/tag_coder.go:20
#	0x679cb6	github.com/gubsky90/spubtream.EncodeAll+0xf6			/home/andrey/go/src/github.com/gubsky90/spubtream/tag_coder.go:34
#	0x79fde4	github.com/gubsky90/spubtream.(*Stream[...]).Sub+0x44		/home/andrey/go/src/github.com/gubsky90/spubtream/sub.go:43
#	0x79efce	github.com/gubsky90/spubtream.(*Stream[...]).SubFunc+0x30e	/home/andrey/go/src/github.com/gubsky90/spubtream/sub.go:38
#	0x79ef11	main.main+0x251							/home/andrey/go/src/github.com/gubsky90/spubtream/load/main.go:44
#	0x43ec5c	runtime.main+0x29c						/home/andrey/.gvm/gos/go1.22.2/src/runtime/proc.go:271

0: 0 [0: 0] @ 0x60c6ad 0x60c687 0x7848bf 0x79db86 0x79d33d 0x79de7e 0x64ed09 0x650b8d 0x651c8e 0x64d948 0x475e61
#	0x60c6ac	compress/flate.NewWriter+0x2cc			/home/andrey/.gvm/gos/go1.22.2/src/compress/flate/deflate.go:666
#	0x60c686	compress/gzip.(*Writer).Write+0x2a6		/home/andrey/.gvm/gos/go1.22.2/src/compress/gzip/gzip.go:191
#	0x7848be	internal/profile.(*Profile).Write+0xde		/home/andrey/.gvm/gos/go1.22.2/src/internal/profile/profile.go:233
#	0x79db85	net/http/pprof.handler.serveDeltaProfile+0x765	/home/andrey/.gvm/gos/go1.22.2/src/net/http/pprof/pprof.go:332
#	0x79d33c	net/http/pprof.handler.ServeHTTP+0x4dc		/home/andrey/.gvm/gos/go1.22.2/src/net/http/pprof/pprof.go:253
#	0x79de7d	net/http/pprof.Index+0xdd			/home/andrey/.gvm/gos/go1.22.2/src/net/http/pprof/pprof.go:384
#	0x64ed08	net/http.HandlerFunc.ServeHTTP+0x28		/home/andrey/.gvm/gos/go1.22.2/src/net/http/server.go:2166
#	0x650b8c	net/http.(*ServeMux).ServeHTTP+0x1ac		/home/andrey/.gvm/gos/go1.22.2/src/net/http/server.go:2683
#	0x651c8d	net/http.serverHandler.ServeHTTP+0x8d		/home/andrey/.gvm/gos/go1.22.2/src/net/http/server.go:3137
#	0x64d947	net/http.(*conn).serve+0x5e7			/home/andrey/.gvm/gos/go1.22.2/src/net/http/server.go:2039

0: 0 [1: 12288] @ 0x7a0e89 0x7a0e18 0x7a0db0 0x79feb6 0x79efcf 0x79ef12 0x43ec5d 0x475e61
#	0x7a0e88	github.com/gubsky90/spubtream/index.(*Map[...]).Add+0x148	/home/andrey/go/src/github.com/gubsky90/spubtream/index/map.go:13
#	0x7a0e17	github.com/gubsky90/spubtream.(*Stream[...]).idle+0xd7		/home/andrey/go/src/github.com/gubsky90/spubtream/stream.go:123
#	0x7a0daf	github.com/gubsky90/spubtream.(*Stream[...]).enqSub+0x6f	/home/andrey/go/src/github.com/gubsky90/spubtream/stream.go:110
#	0x79feb5	github.com/gubsky90/spubtream.(*Stream[...]).Sub+0x115		/home/andrey/go/src/github.com/gubsky90/spubtream/sub.go:53
#	0x79efce	github.com/gubsky90/spubtream.(*Stream[...]).SubFunc+0x30e	/home/andrey/go/src/github.com/gubsky90/spubtream/sub.go:38
#	0x79ef11	main.main+0x251							/home/andrey/go/src/github.com/gubsky90/spubtream/load/main.go:44
#	0x43ec5c	runtime.main+0x29c						/home/andrey/.gvm/gos/go1.22.2/src/runtime/proc.go:271

0: 0 [0: 0] @ 0x602816 0x602802 0x60c6c6 0x60c687 0x5f54d5 0x743aa5 0x743474 0x73e9bb 0x744c07 0x7656ed 0x64ed09 0x7662ab 0x64ed09 0x7670a3 0x64ed09 0x650b8d 0x651c8e 0x64d948 0x475e61
#	0x602815	compress/flate.(*compressor).initDeflate+0x4f5										/home/andrey/.gvm/gos/go1.22.2/src/compress/flate/deflate.go:369
#	0x602801	compress/flate.(*compressor).init+0x4e1											/home/andrey/.gvm/gos/go1.22.2/src/compress/flate/deflate.go:592
#	0x60c6c5	compress/flate.NewWriter+0x2e5												/home/andrey/.gvm/gos/go1.22.2/src/compress/flate/deflate.go:667
#	0x60c686	compress/gzip.(*Writer).Write+0x2a6											/home/andrey/.gvm/gos/go1.22.2/src/compress/gzip/gzip.go:191
#	0x5f54d4	bufio.(*Writer).Flush+0x54												/home/andrey/.gvm/gos/go1.22.2/src/bufio/bufio.go:639
#	0x743aa4	github.com/prometheus/common/expfmt.MetricFamilyToText.func1+0x24							/home/andrey/go/pkg/mod/github.com/prometheus/common@v0.62.0/expfmt/text_create.go:96
#	0x743473	github.com/prometheus/common/expfmt.MetricFamilyToText+0xf53								/home/andrey/go/pkg/mod/github.com/prometheus/common@v0.62.0/expfmt/text_create.go:280
#	0x73e9ba	github.com/prometheus/common/expfmt.NewEncoder.func7+0x3a								/home/andrey/go/pkg/mod/github.com/prometheus/common@v0.62.0/expfmt/encode.go:180
#	0x744c06	github.com/prometheus/common/expfmt.encoderCloser.Encode+0x26								/home/andrey/go/pkg/mod/github.com/prometheus/common@v0.62.0/expfmt/encode.go:53
#	0x7656ec	github.com/prometheus/client_golang/prometheus/promhttp.HandlerForTransactional.func1+0xb4c				/home/andrey/go/pkg/mod/github.com/prometheus/client_golang@v1.22.0/prometheus/promhttp/http.go:249
#	0x64ed08	net/http.HandlerFunc.ServeHTTP+0x28											/home/andrey/.gvm/gos/go1.22.2/src/net/http/server.go:2166
#	0x7662aa	github.com/prometheus/client_golang/prometheus/promhttp.InstrumentMetricHandler.InstrumentHandlerInFlight.func1+0xca	/home/andrey/go/pkg/mod/github.com/prometheus/client_golang@v1.22.0/prometheus/promhttp/instrument_server.go:60
#	0x64ed08	net/http.HandlerFunc.ServeHTTP+0x28											/home/andrey/.gvm/gos/go1.22.2/src/net/http/server.go:2166
#	0x7670a2	github.com/prometheus/client_golang/prometheus/promhttp.InstrumentHandlerCounter.func1+0xc2				/home/andrey/go/pkg/mod/github.com/prometheus/client_golang@v1.22.0/prometheus/promhttp/instrument_server.go:147
#	0x64ed08	net/http.HandlerFunc.ServeHTTP+0x28											/home/andrey/.gvm/gos/go1.22.2/src/net/http/server.go:2166
#	0x650b8c	net/http.(*ServeMux).ServeHTTP+0x1ac											/home/andrey/.gvm/gos/go1.22.2/src/net/http/server.go:2683
#	0x651c8d	net/http.serverHandler.ServeHTTP+0x8d											/home/andrey/.gvm/gos/go1.22.2/src/net/http/server.go:3137
#	0x64d947	net/http.(*conn).serve+0x5e7												/home/andrey/.gvm/gos/go1.22.2/src/net/http/server.go:2039

0: 0 [0: 0] @ 0x51d755 0x74ece5 0x74ea12 0x74dbd0 0x759025 0x7588b9 0x75b765 0x475e61
#	0x51d754	strings.Fields+0x74									/home/andrey/.gvm/gos/go1.22.2/src/strings/strings.go:348
#	0x74ece4	github.com/prometheus/procfs.parseStat+0x1a4						/home/andrey/go/pkg/mod/github.com/prometheus/procfs@v0.15.1/stat.go:196
#	0x74ea11	github.com/prometheus/procfs.FS.Stat+0x1f1						/home/andrey/go/pkg/mod/github.com/prometheus/procfs@v0.15.1/stat.go:173
#	0x74dbcf	github.com/prometheus/procfs.ProcStat.StartTime+0x6f					/home/andrey/go/pkg/mod/github.com/prometheus/procfs@v0.15.1/proc_stat.go:219
#	0x759024	github.com/prometheus/client_golang/prometheus.(*processCollector).processCollect+0x6c4	/home/andrey/go/pkg/mod/github.com/prometheus/client_golang@v1.22.0/prometheus/process_collector_procfsenabled.go:45
#	0x7588b8	github.com/prometheus/client_golang/prometheus.(*processCollector).Collect+0x18		/home/andrey/go/pkg/mod/github.com/prometheus/client_golang@v1.22.0/prometheus/process_collector.go:147
#	0x75b764	github.com/prometheus/client_golang/prometheus.(*Registry).Gather.func1+0x104		/home/andrey/go/pkg/mod/github.com/prometheus/client_golang@v1.22.0/prometheus/registry.go:456

0: 0 [1: 598016] @ 0x41136d 0x412d8f 0x414799 0x7a0e5b 0x7a0e18 0x7a0db0 0x79feb6 0x79efcf 0x79ef12 0x43ec5d 0x475e61
#	0x7a0e5a	github.com/gubsky90/spubtream/index.(*Map[...]).Add+0x11a	/home/andrey/go/src/github.com/gubsky90/spubtream/index/map.go:13
#	0x7a0e17	github.com/gubsky90/spubtream.(*Stream[...]).idle+0xd7		/home/andrey/go/src/github.com/gubsky90/spubtream/stream.go:123
#	0x7a0daf	github.com/gubsky90/spubtream.(*Stream[...]).enqSub+0x6f	/home/andrey/go/src/github.com/gubsky90/spubtream/stream.go:110
#	0x79feb5	github.com/gubsky90/spubtream.(*Stream[...]).Sub+0x115		/home/andrey/go/src/github.com/gubsky90/spubtream/sub.go:53
#	0x79efce	github.com/gubsky90/spubtream.(*Stream[...]).SubFunc+0x30e	/home/andrey/go/src/github.com/gubsky90/spubtream/sub.go:38
#	0x79ef11	main.main+0x251							/home/andrey/go/src/github.com/gubsky90/spubtream/load/main.go:44
#	0x43ec5c	runtime.main+0x29c						/home/andrey/.gvm/gos/go1.22.2/src/runtime/proc.go:271

0: 0 [0: 0] @ 0x4cb6b2 0x748eaa 0x74e93e 0x74dbd0 0x759025 0x7588b9 0x75b765 0x475e61
#	0x4cb6b1	io.ReadAll+0xd1										/home/andrey/.gvm/gos/go1.22.2/src/io/io.go:723
#	0x748ea9	github.com/prometheus/procfs/internal/util.ReadFileNoStat+0xc9				/home/andrey/go/pkg/mod/github.com/prometheus/procfs@v0.15.1/internal/util/readfile.go:36
#	0x74e93d	github.com/prometheus/procfs.FS.Stat+0x11d						/home/andrey/go/pkg/mod/github.com/prometheus/procfs@v0.15.1/stat.go:169
#	0x74dbcf	github.com/prometheus/procfs.ProcStat.StartTime+0x6f					/home/andrey/go/pkg/mod/github.com/prometheus/procfs@v0.15.1/proc_stat.go:219
#	0x759024	github.com/prometheus/client_golang/prometheus.(*processCollector).processCollect+0x6c4	/home/andrey/go/pkg/mod/github.com/prometheus/client_golang@v1.22.0/prometheus/process_collector_procfsenabled.go:45
#	0x7588b8	github.com/prometheus/client_golang/prometheus.(*processCollector).Collect+0x18		/home/andrey/go/pkg/mod/github.com/prometheus/client_golang@v1.22.0/prometheus/process_collector.go:147
#	0x75b764	github.com/prometheus/client_golang/prometheus.(*Registry).Gather.func1+0x104		/home/andrey/go/pkg/mod/github.com/prometheus/client_golang@v1.22.0/prometheus/registry.go:456


# runtime.MemStats
# Alloc = 271208952
# TotalAlloc = 398254136
# Sys = 324113736
# Lookups = 0
# Mallocs = 9944734
# Frees = 3509620
# HeapAlloc = 271208952
# HeapSys = 288030720
# HeapIdle = 4243456
# HeapInuse = 283787264
# HeapReleased = 3981312
# HeapObjects = 6435114
# Stack = 22183936 / 22183936
# MSpan = 4472640 / 4488000
# MCache = 9600 / 15600
# BuckHashSys = 1469720
# GCSys = 6375000
# OtherSys = 1550760
# NextGC = 344123144
# LastGC = 1746539631016159456
# PauseNs = [16923 16668 79657 70419 39179 44862 35952 44735 64803 37194 65493 0 0 0 0 0 0 0 0 0 0 0 0 0 0 0 0 0 0 0 0 0 0 0 0 0 0 0 0 0 0 0 0 0 0 0 0 0 0 0 0 0 0 0 0 0 0 0 0 0 0 0 0 0 0 0 0 0 0 0 0 0 0 0 0 0 0 0 0 0 0 0 0 0 0 0 0 0 0 0 0 0 0 0 0 0 0 0 0 0 0 0 0 0 0 0 0 0 0 0 0 0 0 0 0 0 0 0 0 0 0 0 0 0 0 0 0 0 0 0 0 0 0 0 0 0 0 0 0 0 0 0 0 0 0 0 0 0 0 0 0 0 0 0 0 0 0 0 0 0 0 0 0 0 0 0 0 0 0 0 0 0 0 0 0 0 0 0 0 0 0 0 0 0 0 0 0 0 0 0 0 0 0 0 0 0 0 0 0 0 0 0 0 0 0 0 0 0 0 0 0 0 0 0 0 0 0 0 0 0 0 0 0 0 0 0 0 0 0 0 0 0 0 0 0 0 0 0 0 0 0 0 0 0 0 0 0 0 0 0 0 0 0 0 0 0]
# PauseEnd = [1746539630012310609 1746539630019080113 1746539630030396706 1746539630038367150 1746539630066223018 1746539630107087960 1746539630170700692 1746539630267424352 1746539630425986170 1746539630691990541 1746539631016159456 0 0 0 0 0 0 0 0 0 0 0 0 0 0 0 0 0 0 0 0 0 0 0 0 0 0 0 0 0 0 0 0 0 0 0 0 0 0 0 0 0 0 0 0 0 0 0 0 0 0 0 0 0 0 0 0 0 0 0 0 0 0 0 0 0 0 0 0 0 0 0 0 0 0 0 0 0 0 0 0 0 0 0 0 0 0 0 0 0 0 0 0 0 0 0 0 0 0 0 0 0 0 0 0 0 0 0 0 0 0 0 0 0 0 0 0 0 0 0 0 0 0 0 0 0 0 0 0 0 0 0 0 0 0 0 0 0 0 0 0 0 0 0 0 0 0 0 0 0 0 0 0 0 0 0 0 0 0 0 0 0 0 0 0 0 0 0 0 0 0 0 0 0 0 0 0 0 0 0 0 0 0 0 0 0 0 0 0 0 0 0 0 0 0 0 0 0 0 0 0 0 0 0 0 0 0 0 0 0 0 0 0 0 0 0 0 0 0 0 0 0 0 0 0 0 0 0 0 0 0 0 0 0 0 0 0 0 0 0 0 0 0 0 0 0]
# NumGC = 11
# NumForcedGC = 0
# GCCPUFraction = 0.06306702630213575
# DebugGC = false
# MaxRSS = 317718528
