PeriodType: cpu nanoseconds
Period: 10000000
Time: 2025-05-06 16:40:05.598407754 +0300 MSK
Duration: 5.19
Samples:
samples/count cpu/nanoseconds
          8   80000000: 1 2 3 4 
          1   10000000: 5 4 
          1   10000000: 6 7 8 9 10 11 12 13 14 15 
          1   10000000: 16 17 18 19 20 21 12 13 14 15 
          1   10000000: 22 23 24 25 4 
          1   10000000: 26 10 11 12 13 14 15 
          1   10000000: 27 28 29 30 31 
          4   40000000: 32 13 14 15 
         27  270000000: 1 2 3 33 
          3   30000000: 34 35 36 37 38 39 30 31 
          2   20000000: 40 41 42 39 30 31 
          1   10000000: 43 44 
          2   20000000: 34 45 46 47 48 28 29 30 31 
          1   10000000: 49 50 39 30 31 
          1   10000000: 51 52 39 30 31 
          1   10000000: 53 54 41 42 39 30 31 
          1   10000000: 55 56 
          1   10000000: 1 57 54 41 42 39 30 31 
          1   10000000: 58 59 60 42 39 30 31 
          1   10000000: 53 61 62 63 50 39 30 31 
          1   10000000: 64 39 30 31 
          1   10000000: 65 42 39 30 31 
          1   10000000: 66 67 68 69 70 71 9 72 73 74 75 76 
          5   50000000: 77 
          1   10000000: 78 39 30 31 
          2   20000000: 79 80 59 60 42 39 30 31 
          1   10000000: 81 42 39 30 31 
          1   10000000: 82 83 74 75 76 
          1   10000000: 84 42 39 30 31 
          1   10000000: 85 56 
          1   10000000: 86 87 88 89 62 63 41 42 39 30 31 
          1   10000000: 90 91 30 31 
          1   10000000: 92 93 94 62 63 41 42 39 30 31 
          1   10000000: 95 
          1   10000000: 96 97 
          1   10000000: 1 57 98 24 25 33 
          1   10000000: 99 57 98 24 25 33 
          2   20000000: 100 101 97 
          1   10000000: 102 42 39 30 31 
          1   10000000: 1 57 61 62 63 41 42 39 30 31 
          1   10000000: 103 104 24 25 33 
          1   10000000: 105 
          1   10000000: 106 97 
          1   10000000: 107 42 39 30 31 
          1   10000000: 108 30 31 
          1   10000000: 99 2 3 33 
          1   10000000: 109 74 75 76 
          1   10000000: 110 111 101 97 
          1   10000000: 1 57 112 74 75 76 
          2   20000000: 113 114 87 88 89 62 63 50 39 30 31 
          1   10000000: 115 42 39 30 31 
          1   10000000: 116 111 101 97 
          1   10000000: 117 
          1   10000000: 118 93 94 62 63 41 42 39 30 31 
          1   10000000: 119 93 94 62 63 41 42 39 30 31 
          1   10000000: 86 87 88 89 62 63 50 39 30 31 
          1   10000000: 120 44 
          1   10000000: 121 
          1   10000000: 122 74 75 76 
          1   10000000: 123 124 125 126 39 30 31 
Locations
     1: 0x475a26 M=1 runtime.procyield /home/andrey/.gvm/gos/go1.22.2/src/runtime/asm_amd64.s:802 s=798
     2: 0x4715f3 M=1 sync.runtime_doSpin /home/andrey/.gvm/gos/go1.22.2/src/runtime/proc.go:7063 s=7062
     3: 0x47f18b M=1 sync.(*Mutex).lockSlow /home/andrey/.gvm/gos/go1.22.2/src/sync/mutex.go:134 s=117
     4: 0x7a1db2 M=1 sync.(*Mutex).Lock /home/andrey/.gvm/gos/go1.22.2/src/sync/mutex.go:90 s=81
             github.com/gubsky90/spubtream.(*Stream[go.shape.*uint8]).worker /home/andrey/go/src/github.com/gubsky90/spubtream/stream.go:46 s=45
     5: 0x47f0af M=1 sync.(*Mutex).lockSlow /home/andrey/.gvm/gos/go1.22.2/src/sync/mutex.go:162 s=117
     6: 0x40e716 M=1 runtime.unlock2 /home/andrey/.gvm/gos/go1.22.2/src/runtime/lock_futex.go:126 s=124
     7: 0x443ed5 M=1 runtime.unlockWithRank /home/andrey/.gvm/gos/go1.22.2/src/runtime/lockrank_off.go:34 s=33
             runtime.unlock /home/andrey/.gvm/gos/go1.22.2/src/runtime/lock_futex.go:121 s=120
             runtime.wakep /home/andrey/.gvm/gos/go1.22.2/src/runtime/proc.go:2996 s=2975
     8: 0x4487e7 M=1 runtime.newproc.func1 /home/andrey/.gvm/gos/go1.22.2/src/runtime/proc.go:4884 s=4877
     9: 0x473ea9 M=1 runtime.systemstack /home/andrey/.gvm/gos/go1.22.2/src/runtime/asm_amd64.s:509 s=478
    10: 0x44876a M=1 runtime.newproc /home/andrey/.gvm/gos/go1.22.2/src/runtime/proc.go:4877 s=4874
    11: 0x7a1d0a M=1 github.com/gubsky90/spubtream.(*Stream[go.shape.*uint8]).enqReady /home/andrey/go/src/github.com/gubsky90/spubtream/stream.go:103 s=97
    12: 0x7a06b8 M=1 github.com/gubsky90/spubtream.(*Stream[go.shape.*uint8]).Pub.func1 /home/andrey/go/src/github.com/gubsky90/spubtream/pub.go:49 s=44
    13: 0x7a277e M=1 github.com/gubsky90/spubtream/index.(*Map[go.shape.int,go.shape.*github.com/gubsky90/spubtream.Subscription[go.shape.*uint8]]).Scan /home/andrey/go/src/github.com/gubsky90/spubtream/index/map.go:26 s=20
    14: 0x7a2344 M=1 github.com/gubsky90/spubtream.(*Stream[go.shape.*uint8]).Pub /home/andrey/go/src/github.com/gubsky90/spubtream/pub.go:44 s=11
    15: 0x7a02e4 M=1 main.main.func3 /home/andrey/go/src/github.com/gubsky90/spubtream/load/main.go:82 s=76
    16: 0x416bc6 M=1 runtime.(*mspan).refillAllocCache /home/andrey/.gvm/gos/go1.22.2/src/runtime/mbitmap.go:86 s=85
    17: 0x416ccd M=1 runtime.(*mspan).nextFreeIndex /home/andrey/.gvm/gos/go1.22.2/src/runtime/mbitmap.go:147 s=103
    18: 0x40f9ae M=1 runtime.(*mcache).nextFree /home/andrey/.gvm/gos/go1.22.2/src/runtime/malloc.go:941 s=938
    19: 0x410004 M=1 runtime.mallocgc /home/andrey/.gvm/gos/go1.22.2/src/runtime/malloc.go:1149 s=971
    20: 0x4105a4 M=1 runtime.newobject /home/andrey/.gvm/gos/go1.22.2/src/runtime/malloc.go:1390 s=1389
    21: 0x7a1cc8 M=1 github.com/gubsky90/spubtream.(*Stream[go.shape.*uint8]).enqReady /home/andrey/go/src/github.com/gubsky90/spubtream/stream.go:103 s=97
    22: 0x43f17d M=1 runtime.acquireSudog /home/andrey/.gvm/gos/go1.22.2/src/runtime/proc.go:444 s=418
    23: 0x451c96 M=1 runtime.semacquire1 /home/andrey/.gvm/gos/go1.22.2/src/runtime/sema.go:131 s=114
    24: 0x472144 M=1 sync.runtime_SemacquireMutex /home/andrey/.gvm/gos/go1.22.2/src/runtime/sema.go:77 s=76
    25: 0x47f0fc M=1 sync.(*Mutex).lockSlow /home/andrey/.gvm/gos/go1.22.2/src/sync/mutex.go:171 s=117
    26: 0x473ea2 M=1 runtime.systemstack /home/andrey/.gvm/gos/go1.22.2/src/runtime/asm_amd64.s:507 s=478
    27: 0x443f06 M=1 runtime.wakep /home/andrey/.gvm/gos/go1.22.2/src/runtime/proc.go:2998 s=2975
    28: 0x445f5d M=1 runtime.resetspinning /home/andrey/.gvm/gos/go1.22.2/src/runtime/proc.go:3750 s=3737
    29: 0x4463ee M=1 runtime.schedule /home/andrey/.gvm/gos/go1.22.2/src/runtime/proc.go:3886 s=3839
    30: 0x44696b M=1 runtime.park_m /home/andrey/.gvm/gos/go1.22.2/src/runtime/proc.go:4036 s=4007
    31: 0x473e2d M=1 runtime.mcall /home/andrey/.gvm/gos/go1.22.2/src/runtime/asm_amd64.s:458 s=428
    32: 0x7a0692 M=1 github.com/gubsky90/spubtream.(*Stream[go.shape.*uint8]).Pub.func1 /home/andrey/go/src/github.com/gubsky90/spubtream/pub.go:45 s=44
    33: 0x7a1ff3 M=1 sync.(*Mutex).Lock /home/andrey/.gvm/gos/go1.22.2/src/sync/mutex.go:90 s=81
             github.com/gubsky90/spubtream.(*Stream[go.shape.*uint8]).worker /home/andrey/go/src/github.com/gubsky90/spubtream/stream.go:76 s=45
    34: 0x477c83 M=1 runtime.futex /home/andrey/.gvm/gos/go1.22.2/src/runtime/sys_linux_amd64.s:558 s=549
    35: 0x438aaf M=1 runtime.futexsleep /home/andrey/.gvm/gos/go1.22.2/src/runtime/os_linux.go:69 s=62
    36: 0x40e8e6 M=1 runtime.notesleep /home/andrey/.gvm/gos/go1.22.2/src/runtime/lock_futex.go:170 s=158
    37: 0x44374b M=1 runtime.mPark /home/andrey/.gvm/gos/go1.22.2/src/runtime/proc.go:1761 s=1759
             runtime.stopm /home/andrey/.gvm/gos/go1.22.2/src/runtime/proc.go:2782 s=2766
    38: 0x4452be M=1 runtime.findRunnable /home/andrey/.gvm/gos/go1.22.2/src/runtime/proc.go:3512 s=3139
    39: 0x446390 M=1 runtime.schedule /home/andrey/.gvm/gos/go1.22.2/src/runtime/proc.go:3868 s=3839
    40: 0x44659b M=1 runtime.checkTimers /home/andrey/.gvm/gos/go1.22.2/src/runtime/proc.go:3949 s=3945
    41: 0x44590c M=1 runtime.stealWork /home/andrey/.gvm/gos/go1.22.2/src/runtime/proc.go:3577 s=3544
    42: 0x444964 M=1 runtime.findRunnable /home/andrey/.gvm/gos/go1.22.2/src/runtime/proc.go:3254 s=3139
    43: 0x414bcb M=1 runtime.mapassign_fast64ptr /home/andrey/.gvm/gos/go1.22.2/src/runtime/map_fast64.go:217 s=183
    44: 0x7a1e44 M=1 github.com/gubsky90/spubtream.(*Stream[go.shape.*uint8]).worker /home/andrey/go/src/github.com/gubsky90/spubtream/stream.go:66 s=45
    45: 0x438b6f M=1 runtime.futexwakeup /home/andrey/.gvm/gos/go1.22.2/src/runtime/os_linux.go:82 s=81
    46: 0x40e7e4 M=1 runtime.notewakeup /home/andrey/.gvm/gos/go1.22.2/src/runtime/lock_futex.go:155 s=149
    47: 0x443a08 M=1 runtime.startm /home/andrey/.gvm/gos/go1.22.2/src/runtime/proc.go:2895 s=2809
    48: 0x443f2b M=1 runtime.wakep /home/andrey/.gvm/gos/go1.22.2/src/runtime/proc.go:3006 s=2975
    49: 0x4465d2 M=1 runtime.nanotime /home/andrey/.gvm/gos/go1.22.2/src/runtime/time_nofake.go:19 s=18
             runtime.checkTimers /home/andrey/.gvm/gos/go1.22.2/src/runtime/proc.go:3960 s=3945
    50: 0x4445c4 M=1 runtime.findRunnable /home/andrey/.gvm/gos/go1.22.2/src/runtime/proc.go:3160 s=3139
    51: 0x445c72 M=1 runtime.checkTimersNoP /home/andrey/.gvm/gos/go1.22.2/src/runtime/proc.go:3641 s=3640
    52: 0x444d32 M=1 runtime.findRunnable /home/andrey/.gvm/gos/go1.22.2/src/runtime/proc.go:3444 s=3139
    53: 0x40e4f7 M=1 runtime.lock2 /home/andrey/.gvm/gos/go1.22.2/src/runtime/lock_futex.go:65 s=55
    54: 0x446644 M=1 runtime.lockWithRank /home/andrey/.gvm/gos/go1.22.2/src/runtime/lockrank_off.go:24 s=23
             runtime.lock /home/andrey/.gvm/gos/go1.22.2/src/runtime/lock_futex.go:52 s=51
             runtime.checkTimers /home/andrey/.gvm/gos/go1.22.2/src/runtime/proc.go:3972 s=3945
    55: 0x414e38 M=1 runtime.mapdelete_fast64 /home/andrey/.gvm/gos/go1.22.2/src/runtime/map_fast64.go:363 s=273
    56: 0x7a2024 M=1 github.com/gubsky90/spubtream.(*Stream[go.shape.*uint8]).worker /home/andrey/go/src/github.com/gubsky90/spubtream/stream.go:77 s=45
    57: 0x40e5a9 M=1 runtime.lock2 /home/andrey/.gvm/gos/go1.22.2/src/runtime/lock_futex.go:95 s=55
    58: 0x44d36a M=1 runtime.runqgrab /home/andrey/.gvm/gos/go1.22.2/src/runtime/proc.go:6859 s=6813
    59: 0x44d436 M=1 runtime.runqsteal /home/andrey/.gvm/gos/go1.22.2/src/runtime/proc.go:6870 s=6868
    60: 0x445a04 M=1 runtime.stealWork /home/andrey/.gvm/gos/go1.22.2/src/runtime/proc.go:3600 s=3544
    61: 0x45edc4 M=1 runtime.lockWithRank /home/andrey/.gvm/gos/go1.22.2/src/runtime/lockrank_off.go:24 s=23
             runtime.lock /home/andrey/.gvm/gos/go1.22.2/src/runtime/lock_futex.go:52 s=51
             runtime.runOneTimer /home/andrey/.gvm/gos/go1.22.2/src/runtime/time.go:887 s=841
    62: 0x45ebf9 M=1 runtime.runtimer /home/andrey/.gvm/gos/go1.22.2/src/runtime/time.go:792 s=774
    63: 0x44669a M=1 runtime.checkTimers /home/andrey/.gvm/gos/go1.22.2/src/runtime/proc.go:3979 s=3945
    64: 0x4452c7 M=1 runtime.findRunnable /home/andrey/.gvm/gos/go1.22.2/src/runtime/proc.go:3513 s=3139
    65: 0x44580b M=1 runtime.stealWork /home/andrey/.gvm/gos/go1.22.2/src/runtime/proc.go:3553 s=3544
    66: 0x420c16 M=1 runtime/internal/atomic.(*Uint64).CompareAndSwap /home/andrey/.gvm/gos/go1.22.2/src/runtime/internal/atomic/types.go:325 s=324
             runtime.(*limiterEvent).stop /home/andrey/.gvm/gos/go1.22.2/src/runtime/mgclimit.go:456 s=448
    67: 0x44ccae M=1 runtime.pidleget /home/andrey/.gvm/gos/go1.22.2/src/runtime/proc.go:6572 s=6559
    68: 0x44cd12 M=1 runtime.pidlegetSpinning /home/andrey/.gvm/gos/go1.22.2/src/runtime/proc.go:6590 s=6587
    69: 0x443ea4 M=1 runtime.wakep /home/andrey/.gvm/gos/go1.22.2/src/runtime/proc.go:2991 s=2975
    70: 0x440664 M=1 runtime.ready /home/andrey/.gvm/gos/go1.22.2/src/runtime/proc.go:970 s=952
    71: 0x451c04 M=1 runtime.readyWithTime.goready.func1 /home/andrey/.gvm/gos/go1.22.2/src/runtime/proc.go:413 s=412
    72: 0x451ba4 M=1 runtime.goready /home/andrey/.gvm/gos/go1.22.2/src/runtime/proc.go:412 s=411
             runtime.readyWithTime /home/andrey/.gvm/gos/go1.22.2/src/runtime/sema.go:99 s=95
    73: 0x45210f M=1 runtime.semrelease1 /home/andrey/.gvm/gos/go1.22.2/src/runtime/sema.go:231 s=175
    74: 0x4720f2 M=1 sync.runtime_Semrelease /home/andrey/.gvm/gos/go1.22.2/src/runtime/sema.go:72 s=71
    75: 0x47f31a M=1 sync.(*Mutex).unlockSlow /home/andrey/.gvm/gos/go1.22.2/src/sync/mutex.go:246 s=227
    76: 0x7a1e92 M=1 sync.(*Mutex).Unlock /home/andrey/.gvm/gos/go1.22.2/src/sync/mutex.go:223 s=212
             github.com/gubsky90/spubtream.(*Stream[go.shape.*uint8]).worker /home/andrey/go/src/github.com/gubsky90/spubtream/stream.go:68 s=45
    77: 0x7a1e24 M=1 github.com/gubsky90/spubtream.(*Stream[go.shape.*uint8]).worker /home/andrey/go/src/github.com/gubsky90/spubtream/stream.go:58 s=45
    78: 0x4445d8 M=1 runtime.traceShuttingDown /home/andrey/.gvm/gos/go1.22.2/src/runtime/trace2runtime.go:149 s=148
             runtime.findRunnable /home/andrey/.gvm/gos/go1.22.2/src/runtime/proc.go:3163 s=3139
    79: 0x477697 M=1 runtime.usleep /home/andrey/.gvm/gos/go1.22.2/src/runtime/sys_linux_amd64.s:135 s=120
    80: 0x44d2f4 M=1 runtime.runqgrab /home/andrey/.gvm/gos/go1.22.2/src/runtime/proc.go:6835 s=6813
    81: 0x44581a M=1 runtime.stealWork /home/andrey/.gvm/gos/go1.22.2/src/runtime/proc.go:3553 s=3544
    82: 0x452713 M=1 runtime.(*semaRoot).dequeue /home/andrey/.gvm/gos/go1.22.2/src/runtime/sema.go:398 s=365
    83: 0x452036 M=1 runtime.semrelease1 /home/andrey/.gvm/gos/go1.22.2/src/runtime/sema.go:194 s=175
    84: 0x4459e6 M=1 runtime.stealWork /home/andrey/.gvm/gos/go1.22.2/src/runtime/proc.go:3601 s=3544
    85: 0x414d85 M=1 runtime.mapdelete_fast64 /home/andrey/.gvm/gos/go1.22.2/src/runtime/map_fast64.go:285 s=273
    86: 0x44057e M=1 runtime.ready /home/andrey/.gvm/gos/go1.22.2/src/runtime/proc.go:957 s=952
    87: 0x45d4a4 M=1 runtime.goroutineReady.goready.func1 /home/andrey/.gvm/gos/go1.22.2/src/runtime/proc.go:413 s=412
    88: 0x45d41b M=1 runtime.goready /home/andrey/.gvm/gos/go1.22.2/src/runtime/proc.go:412 s=411
             runtime.goroutineReady /home/andrey/.gvm/gos/go1.22.2/src/runtime/time.go:249 s=248
    89: 0x45edb8 M=1 runtime.runOneTimer /home/andrey/.gvm/gos/go1.22.2/src/runtime/time.go:885 s=841
    90: 0x44440f M=1 runtime.execute /home/andrey/.gvm/gos/go1.22.2/src/runtime/proc.go:3106 s=3093
    91: 0x44651b M=1 runtime.schedule /home/andrey/.gvm/gos/go1.22.2/src/runtime/proc.go:3918 s=3839
    92: 0x45f550 M=1 runtime.siftdownTimer /home/andrey/.gvm/gos/go1.22.2/src/runtime/time.go:1118 s=1095
    93: 0x45dce5 M=1 runtime.dodeltimer0 /home/andrey/.gvm/gos/go1.22.2/src/runtime/time.go:426 s=413
    94: 0x45ed64 M=1 runtime.runOneTimer /home/andrey/.gvm/gos/go1.22.2/src/runtime/time.go:868 s=841
    95: 0x7a201a M=1 github.com/gubsky90/spubtream.(*Stream[go.shape.*uint8]).worker /home/andrey/go/src/github.com/gubsky90/spubtream/stream.go:77 s=45
    96: 0x7a18f1 M=1 github.com/gubsky90/spubtream.(*Stream[go.shape.*uint8]).enqSub /home/andrey/go/src/github.com/gubsky90/spubtream/stream.go:108 s=107
    97: 0x7a204c M=1 github.com/gubsky90/spubtream.(*Stream[go.shape.*uint8]).worker /home/andrey/go/src/github.com/gubsky90/spubtream/stream.go:84 s=45
    98: 0x451dd6 M=1 runtime.lockWithRank /home/andrey/.gvm/gos/go1.22.2/src/runtime/lockrank_off.go:24 s=23
             runtime.semacquire1 /home/andrey/.gvm/gos/go1.22.2/src/runtime/sema.go:148 s=114
    99: 0x475a24 M=1 runtime.procyield /home/andrey/.gvm/gos/go1.22.2/src/runtime/asm_amd64.s:801 s=798
   100: 0x7a15c8 M=1 github.com/gubsky90/spubtream.(*Stream[go.shape.*uint8]).nextPos /home/andrey/go/src/github.com/gubsky90/spubtream/stream.go:144 s=140
   101: 0x7a1907 M=1 github.com/gubsky90/spubtream.(*Stream[go.shape.*uint8]).enqSub /home/andrey/go/src/github.com/gubsky90/spubtream/stream.go:108 s=107
   102: 0x4457c6 M=1 runtime.(*randomOrder).start /home/andrey/.gvm/gos/go1.22.2/src/runtime/proc.go:7098 s=7094
             runtime.stealWork /home/andrey/.gvm/gos/go1.22.2/src/runtime/proc.go:3553 s=3544
   103: 0x43f0b3 M=1 runtime.gopark /home/andrey/.gvm/gos/go1.22.2/src/runtime/proc.go:403 s=385
   104: 0x451e44 M=1 runtime.goparkunlock /home/andrey/.gvm/gos/go1.22.2/src/runtime/proc.go:408 s=407
             runtime.semacquire1 /home/andrey/.gvm/gos/go1.22.2/src/runtime/sema.go:160 s=114
   105: 0x7a1fd7 M=1 sync.(*Mutex).Lock /home/andrey/.gvm/gos/go1.22.2/src/sync/mutex.go:83 s=81
             github.com/gubsky90/spubtream.(*Stream[go.shape.*uint8]).worker /home/andrey/go/src/github.com/gubsky90/spubtream/stream.go:76 s=45
   106: 0x7a18f5 M=1 github.com/gubsky90/spubtream.(*Stream[go.shape.*uint8]).enqSub /home/andrey/go/src/github.com/gubsky90/spubtream/stream.go:108 s=107
   107: 0x445807 M=1 runtime.stealWork /home/andrey/.gvm/gos/go1.22.2/src/runtime/proc.go:3553 s=3544
   108: 0x446511 M=1 runtime.schedule /home/andrey/.gvm/gos/go1.22.2/src/runtime/proc.go:3911 s=3839
   109: 0x451fdf M=1 runtime/internal/atomic.(*Uint32).Load /home/andrey/.gvm/gos/go1.22.2/src/runtime/internal/atomic/types.go:194 s=193
             runtime.semrelease1 /home/andrey/.gvm/gos/go1.22.2/src/runtime/sema.go:182 s=175
   110: 0x4144b8 M=1 runtime.mapaccess1_fast64 /home/andrey/.gvm/gos/go1.22.2/src/runtime/map_fast64.go:45 s=13
   111: 0x7a15da M=1 github.com/gubsky90/spubtream.(*Stream[go.shape.*uint8]).nextPos /home/andrey/go/src/github.com/gubsky90/spubtream/stream.go:144 s=140
   112: 0x452014 M=1 runtime.lockWithRank /home/andrey/.gvm/gos/go1.22.2/src/runtime/lockrank_off.go:24 s=23
             runtime.semrelease1 /home/andrey/.gvm/gos/go1.22.2/src/runtime/sema.go:187 s=175
   113: 0x44cdf1 M=1 runtime.(*guintptr).cas /home/andrey/.gvm/gos/go1.22.2/src/runtime/runtime2.go:273 s=272
             runtime.runqput /home/andrey/.gvm/gos/go1.22.2/src/runtime/proc.go:6643 s=6635
   114: 0x44065e M=1 runtime.ready /home/andrey/.gvm/gos/go1.22.2/src/runtime/proc.go:969 s=952
   115: 0x44586b M=1 runtime/internal/atomic.(*Uint8).Load /home/andrey/.gvm/gos/go1.22.2/src/runtime/internal/atomic/types.go:124 s=123
             runtime/internal/atomic.(*Bool).Load /home/andrey/.gvm/gos/go1.22.2/src/runtime/internal/atomic/types.go:168 s=167
             runtime.stealWork /home/andrey/.gvm/gos/go1.22.2/src/runtime/proc.go:3554 s=3544
   116: 0x4144a8 M=1 runtime.mapaccess1_fast64 /home/andrey/.gvm/gos/go1.22.2/src/runtime/map_fast64.go:44 s=13
   117: 0x7a1fe1 M=1 sync.(*Mutex).Lock /home/andrey/.gvm/gos/go1.22.2/src/sync/mutex.go:83 s=81
             github.com/gubsky90/spubtream.(*Stream[go.shape.*uint8]).worker /home/andrey/go/src/github.com/gubsky90/spubtream/stream.go:76 s=45
   118: 0x45f582 M=1 runtime.siftdownTimer /home/andrey/.gvm/gos/go1.22.2/src/runtime/time.go:1122 s=1095
   119: 0x45f506 M=1 runtime.siftdownTimer /home/andrey/.gvm/gos/go1.22.2/src/runtime/time.go:1111 s=1095
   120: 0x414b17 M=1 runtime.add /home/andrey/.gvm/gos/go1.22.2/src/runtime/stubs.go:16 s=15
             runtime.mapassign_fast64ptr /home/andrey/.gvm/gos/go1.22.2/src/runtime/map_fast64.go:208 s=183
   121: 0x7a1e7c M=1 sync.(*Mutex).Unlock /home/andrey/.gvm/gos/go1.22.2/src/sync/mutex.go:219 s=212
             github.com/gubsky90/spubtream.(*Stream[go.shape.*uint8]).worker /home/andrey/go/src/github.com/gubsky90/spubtream/stream.go:68 s=45
   122: 0x45205a M=1 runtime.semrelease1 /home/andrey/.gvm/gos/go1.22.2/src/runtime/sema.go:198 s=175
   123: 0x40482e M=1 runtime/internal/syscall.Syscall6 /home/andrey/.gvm/gos/go1.22.2/src/runtime/internal/syscall/asm_linux_amd64.s:36 s=27
   124: 0x4047a4 M=1 runtime/internal/syscall.EpollWait /home/andrey/.gvm/gos/go1.22.2/src/runtime/internal/syscall/syscall_linux.go:55 s=48
   125: 0x4387b1 M=1 runtime.netpoll /home/andrey/.gvm/gos/go1.22.2/src/runtime/netpoll_epoll.go:118 s=98
   126: 0x444e24 M=1 runtime.findRunnable /home/andrey/.gvm/gos/go1.22.2/src/runtime/proc.go:3470 s=3139
Mappings
1: 0x400000/0x7a3000/0x0 spubtream  [FN]
2: 0x74944da28000/0x74944dbbd000/0x28000 /usr/lib/x86_64-linux-gnu/libc.so.6 cd410b710f0f094c6832edd95931006d883af48e [FN]
3: 0x74944dce2000/0x74944dd0c000/0x2000 /usr/lib/x86_64-linux-gnu/ld-linux-x86-64.so.2 e4de036b19e4768e7591b596c4be9f9015f2d28a [FN]
4: 0x7ffc65df3000/0x7ffc65df5000/0x0 [vdso]  
5: 0xffffffffff600000/0xffffffffff601000/0x0 [vsyscall]  
